2025-07-11 16:50:04,705 - INFO - main.py:108 - add_user - 添加用户: ID=23306371, 名称=手动用户
2025-07-11 16:50:04,706 - INFO - main.py:115 - get_users - 将用户分成 1 组，每组最多 3 人
2025-07-11 16:50:04,706 - INFO - main.py:149 - fetch_user_dynamics - 开始获取用户 手动用户(23306371) 的动态，模式: 增量, 起始时间: 起始
2025-07-11 16:50:08,057 - INFO - _client.py:1740 - _send_single_request - HTTP Request: GET https://api.bilibili.com/x/web-interface/nav "HTTP/1.1 200 OK"
2025-07-11 16:50:08,109 - INFO - _client.py:1740 - _send_single_request - HTTP Request: GET https://api.bilibili.com/x/frontend/finger/spi "HTTP/1.1 200 OK"
2025-07-11 16:50:08,168 - INFO - _client.py:1740 - _send_single_request - HTTP Request: POST https://api.bilibili.com/x/internal/gaia-gateway/ExClimbWuzhi "HTTP/1.1 200 OK"
2025-07-11 16:50:08,307 - INFO - _client.py:1740 - _send_single_request - HTTP Request: GET https://api.bilibili.com/x/polymer/web-dynamic/v1/feed/space?host_mid=23306371&offset=&features=itemOpusStyle%2ClistOnlyfans%2CopusBigCover%2ConlyfansVote%2CforwardListHidden%2CdecorationCard%2CcommentsNewVersion%2ConlyfansAssetsV2%2CugcDelete%2ConlyfansQaCard&timezone_offset=-480&x-bili-device-req-json=%7B%22platform%22%3A%22web%22%2C%22device%22%3A%22pc%22%7D&x-bili-web-req-json=%7B%22spm_id%22%3A%22333.1387%22%7D&dm_img_list=%5B%5D&dm_img_str=DH&dm_cover_img_str=HK&dm_img_inter=%7B%22ds%22%3A%5B%5D%2C%22wh%22%3A%5B0%2C0%2C0%5D%2C%22of%22%3A%5B0%2C0%2C0%5D%7D&wts=1752223808&web_location=1550101&w_rid=cb778663adbf44fcedd755769bb0cd92 "HTTP/1.1 200 OK"
2025-07-11 16:50:08,319 - INFO - main.py:170 - fetch_user_dynamics - 用户 手动用户 第 1 页获取到 12 条动态
2025-07-11 16:50:11,419 - INFO - _client.py:1740 - _send_single_request - HTTP Request: GET https://api.bilibili.com/x/polymer/web-dynamic/v1/feed/space?host_mid=23306371&offset=1081352329962192915&features=itemOpusStyle%2ClistOnlyfans%2CopusBigCover%2ConlyfansVote%2CforwardListHidden%2CdecorationCard%2CcommentsNewVersion%2ConlyfansAssetsV2%2CugcDelete%2ConlyfansQaCard&timezone_offset=-480&x-bili-device-req-json=%7B%22platform%22%3A%22web%22%2C%22device%22%3A%22pc%22%7D&x-bili-web-req-json=%7B%22spm_id%22%3A%22333.1387%22%7D&dm_img_list=%5B%5D&dm_img_str=EB&dm_cover_img_str=HG&dm_img_inter=%7B%22ds%22%3A%5B%5D%2C%22wh%22%3A%5B0%2C0%2C0%5D%2C%22of%22%3A%5B0%2C0%2C0%5D%7D&wts=1752223811&web_location=1550101&w_rid=ed0ffb1e355f130f7039672b2358fc78 "HTTP/1.1 200 OK"
2025-07-11 16:50:11,425 - INFO - main.py:170 - fetch_user_dynamics - 用户 手动用户 第 2 页获取到 12 条动态
2025-07-11 16:50:13,248 - INFO - _client.py:1740 - _send_single_request - HTTP Request: GET https://api.bilibili.com/x/polymer/web-dynamic/v1/feed/space?host_mid=23306371&offset=1074361738156048386&features=itemOpusStyle%2ClistOnlyfans%2CopusBigCover%2ConlyfansVote%2CforwardListHidden%2CdecorationCard%2CcommentsNewVersion%2ConlyfansAssetsV2%2CugcDelete%2ConlyfansQaCard&timezone_offset=-480&x-bili-device-req-json=%7B%22platform%22%3A%22web%22%2C%22device%22%3A%22pc%22%7D&x-bili-web-req-json=%7B%22spm_id%22%3A%22333.1387%22%7D&dm_img_list=%5B%5D&dm_img_str=CD&dm_cover_img_str=JE&dm_img_inter=%7B%22ds%22%3A%5B%5D%2C%22wh%22%3A%5B0%2C0%2C0%5D%2C%22of%22%3A%5B0%2C0%2C0%5D%7D&wts=1752223813&web_location=1550101&w_rid=6ab52f5689860b7545b4237f0eacdb1b "HTTP/1.1 200 OK"
2025-07-11 16:50:13,252 - INFO - main.py:170 - fetch_user_dynamics - 用户 手动用户 第 3 页获取到 12 条动态
2025-07-11 16:50:44,126 - INFO - _client.py:1740 - _send_single_request - HTTP Request: GET https://api.bilibili.com/x/web-interface/nav "HTTP/1.1 200 OK"
2025-07-11 16:50:44,158 - INFO - _client.py:1740 - _send_single_request - HTTP Request: GET https://api.bilibili.com/x/frontend/finger/spi "HTTP/1.1 200 OK"
2025-07-11 16:50:44,202 - INFO - _client.py:1740 - _send_single_request - HTTP Request: POST https://api.bilibili.com/x/internal/gaia-gateway/ExClimbWuzhi "HTTP/1.1 200 OK"
2025-07-11 16:50:44,320 - INFO - _client.py:1740 - _send_single_request - HTTP Request: GET https://api.bilibili.com/x/polymer/web-dynamic/v1/feed/space?host_mid=23306371&offset=&features=itemOpusStyle%2ClistOnlyfans%2CopusBigCover%2ConlyfansVote%2CforwardListHidden%2CdecorationCard%2CcommentsNewVersion%2ConlyfansAssetsV2%2CugcDelete%2ConlyfansQaCard&timezone_offset=-480&x-bili-device-req-json=%7B%22platform%22%3A%22web%22%2C%22device%22%3A%22pc%22%7D&x-bili-web-req-json=%7B%22spm_id%22%3A%22333.1387%22%7D&dm_img_list=%5B%5D&dm_img_str=EB&dm_cover_img_str=KE&dm_img_inter=%7B%22ds%22%3A%5B%5D%2C%22wh%22%3A%5B0%2C0%2C0%5D%2C%22of%22%3A%5B0%2C0%2C0%5D%7D&wts=1752223844&web_location=1550101&w_rid=7df4aef8cfbee71f885f7b2922b6b929 "HTTP/1.1 200 OK"
2025-07-11 16:51:34,137 - INFO - main.py:108 - add_user - 添加用户: ID=23306371, 名称=手动用户
2025-07-11 16:51:34,138 - INFO - main.py:115 - get_users - 将用户分成 1 组，每组最多 3 人
2025-07-11 16:51:34,138 - INFO - main.py:149 - fetch_user_dynamics - 开始获取用户 手动用户(23306371) 的动态，模式: 增量, 起始时间: 起始
2025-07-11 16:51:37,757 - INFO - _client.py:1740 - _send_single_request - HTTP Request: GET https://api.bilibili.com/x/web-interface/nav "HTTP/1.1 200 OK"
2025-07-11 16:51:37,816 - INFO - _client.py:1740 - _send_single_request - HTTP Request: GET https://api.bilibili.com/x/frontend/finger/spi "HTTP/1.1 200 OK"
2025-07-11 16:51:37,894 - INFO - _client.py:1740 - _send_single_request - HTTP Request: POST https://api.bilibili.com/x/internal/gaia-gateway/ExClimbWuzhi "HTTP/1.1 200 OK"
2025-07-11 16:51:38,060 - INFO - _client.py:1740 - _send_single_request - HTTP Request: GET https://api.bilibili.com/x/polymer/web-dynamic/v1/feed/space?host_mid=23306371&offset=&features=itemOpusStyle%2ClistOnlyfans%2CopusBigCover%2ConlyfansVote%2CforwardListHidden%2CdecorationCard%2CcommentsNewVersion%2ConlyfansAssetsV2%2CugcDelete%2ConlyfansQaCard&timezone_offset=-480&x-bili-device-req-json=%7B%22platform%22%3A%22web%22%2C%22device%22%3A%22pc%22%7D&x-bili-web-req-json=%7B%22spm_id%22%3A%22333.1387%22%7D&dm_img_list=%5B%5D&dm_img_str=DJ&dm_cover_img_str=AF&dm_img_inter=%7B%22ds%22%3A%5B%5D%2C%22wh%22%3A%5B0%2C0%2C0%5D%2C%22of%22%3A%5B0%2C0%2C0%5D%7D&wts=1752223897&web_location=1550101&w_rid=efa74d7f726d050cbf11d32cb53a7e44 "HTTP/1.1 200 OK"
2025-07-11 16:51:38,064 - INFO - main.py:170 - fetch_user_dynamics - 用户 手动用户 第 1 页获取到 12 条动态
2025-07-11 16:51:39,259 - INFO - _client.py:1740 - _send_single_request - HTTP Request: GET https://api.bilibili.com/x/polymer/web-dynamic/v1/feed/space?host_mid=23306371&offset=1081352329962192915&features=itemOpusStyle%2ClistOnlyfans%2CopusBigCover%2ConlyfansVote%2CforwardListHidden%2CdecorationCard%2CcommentsNewVersion%2ConlyfansAssetsV2%2CugcDelete%2ConlyfansQaCard&timezone_offset=-480&x-bili-device-req-json=%7B%22platform%22%3A%22web%22%2C%22device%22%3A%22pc%22%7D&x-bili-web-req-json=%7B%22spm_id%22%3A%22333.1387%22%7D&dm_img_list=%5B%5D&dm_img_str=DE&dm_cover_img_str=BJ&dm_img_inter=%7B%22ds%22%3A%5B%5D%2C%22wh%22%3A%5B0%2C0%2C0%5D%2C%22of%22%3A%5B0%2C0%2C0%5D%7D&wts=1752223899&web_location=1550101&w_rid=4b7c76229d7f17699ef11d07c84f63fe "HTTP/1.1 200 OK"
2025-07-11 16:51:39,264 - INFO - main.py:170 - fetch_user_dynamics - 用户 手动用户 第 2 页获取到 12 条动态
2025-07-11 16:51:40,521 - INFO - _client.py:1740 - _send_single_request - HTTP Request: GET https://api.bilibili.com/x/polymer/web-dynamic/v1/feed/space?host_mid=23306371&offset=1074361738156048386&features=itemOpusStyle%2ClistOnlyfans%2CopusBigCover%2ConlyfansVote%2CforwardListHidden%2CdecorationCard%2CcommentsNewVersion%2ConlyfansAssetsV2%2CugcDelete%2ConlyfansQaCard&timezone_offset=-480&x-bili-device-req-json=%7B%22platform%22%3A%22web%22%2C%22device%22%3A%22pc%22%7D&x-bili-web-req-json=%7B%22spm_id%22%3A%22333.1387%22%7D&dm_img_list=%5B%5D&dm_img_str=HF&dm_cover_img_str=CD&dm_img_inter=%7B%22ds%22%3A%5B%5D%2C%22wh%22%3A%5B0%2C0%2C0%5D%2C%22of%22%3A%5B0%2C0%2C0%5D%7D&wts=1752223900&web_location=1550101&w_rid=0e0b11ae47f202afa11706610a1fde49 "HTTP/1.1 200 OK"
2025-07-11 16:51:40,524 - INFO - main.py:170 - fetch_user_dynamics - 用户 手动用户 第 3 页获取到 12 条动态
2025-07-11 16:51:42,358 - INFO - _client.py:1740 - _send_single_request - HTTP Request: GET https://api.bilibili.com/x/polymer/web-dynamic/v1/feed/space?host_mid=23306371&offset=1071958386089656355&features=itemOpusStyle%2ClistOnlyfans%2CopusBigCover%2ConlyfansVote%2CforwardListHidden%2CdecorationCard%2CcommentsNewVersion%2ConlyfansAssetsV2%2CugcDelete%2ConlyfansQaCard&timezone_offset=-480&x-bili-device-req-json=%7B%22platform%22%3A%22web%22%2C%22device%22%3A%22pc%22%7D&x-bili-web-req-json=%7B%22spm_id%22%3A%22333.1387%22%7D&dm_img_list=%5B%5D&dm_img_str=JE&dm_cover_img_str=JK&dm_img_inter=%7B%22ds%22%3A%5B%5D%2C%22wh%22%3A%5B0%2C0%2C0%5D%2C%22of%22%3A%5B0%2C0%2C0%5D%7D&wts=1752223902&web_location=1550101&w_rid=100abb89483ef2c0694a3fcf10b7bc1d "HTTP/1.1 200 OK"
2025-07-11 16:51:42,362 - INFO - main.py:170 - fetch_user_dynamics - 用户 手动用户 第 4 页获取到 12 条动态
2025-07-11 16:51:44,584 - INFO - _client.py:1740 - _send_single_request - HTTP Request: GET https://api.bilibili.com/x/polymer/web-dynamic/v1/feed/space?host_mid=23306371&offset=1063709501968875523&features=itemOpusStyle%2ClistOnlyfans%2CopusBigCover%2ConlyfansVote%2CforwardListHidden%2CdecorationCard%2CcommentsNewVersion%2ConlyfansAssetsV2%2CugcDelete%2ConlyfansQaCard&timezone_offset=-480&x-bili-device-req-json=%7B%22platform%22%3A%22web%22%2C%22device%22%3A%22pc%22%7D&x-bili-web-req-json=%7B%22spm_id%22%3A%22333.1387%22%7D&dm_img_list=%5B%5D&dm_img_str=EG&dm_cover_img_str=CD&dm_img_inter=%7B%22ds%22%3A%5B%5D%2C%22wh%22%3A%5B0%2C0%2C0%5D%2C%22of%22%3A%5B0%2C0%2C0%5D%7D&wts=1752223904&web_location=1550101&w_rid=35ebd6b7644f4d6ef12ccc94b7527b3c "HTTP/1.1 200 OK"
2025-07-11 16:51:44,588 - INFO - main.py:170 - fetch_user_dynamics - 用户 手动用户 第 5 页获取到 12 条动态
2025-07-11 16:51:46,929 - INFO - _client.py:1740 - _send_single_request - HTTP Request: GET https://api.bilibili.com/x/polymer/web-dynamic/v1/feed/space?host_mid=23306371&offset=1027417874429378569&features=itemOpusStyle%2ClistOnlyfans%2CopusBigCover%2ConlyfansVote%2CforwardListHidden%2CdecorationCard%2CcommentsNewVersion%2ConlyfansAssetsV2%2CugcDelete%2ConlyfansQaCard&timezone_offset=-480&x-bili-device-req-json=%7B%22platform%22%3A%22web%22%2C%22device%22%3A%22pc%22%7D&x-bili-web-req-json=%7B%22spm_id%22%3A%22333.1387%22%7D&dm_img_list=%5B%5D&dm_img_str=FD&dm_cover_img_str=AC&dm_img_inter=%7B%22ds%22%3A%5B%5D%2C%22wh%22%3A%5B0%2C0%2C0%5D%2C%22of%22%3A%5B0%2C0%2C0%5D%7D&wts=1752223906&web_location=1550101&w_rid=2dbf8015d45621426e2fc5c81c183016 "HTTP/1.1 200 OK"
2025-07-11 16:51:46,931 - INFO - main.py:170 - fetch_user_dynamics - 用户 手动用户 第 6 页获取到 12 条动态
2025-07-11 16:51:48,458 - INFO - _client.py:1740 - _send_single_request - HTTP Request: GET https://api.bilibili.com/x/polymer/web-dynamic/v1/feed/space?host_mid=23306371&offset=1002322402017804293&features=itemOpusStyle%2ClistOnlyfans%2CopusBigCover%2ConlyfansVote%2CforwardListHidden%2CdecorationCard%2CcommentsNewVersion%2ConlyfansAssetsV2%2CugcDelete%2ConlyfansQaCard&timezone_offset=-480&x-bili-device-req-json=%7B%22platform%22%3A%22web%22%2C%22device%22%3A%22pc%22%7D&x-bili-web-req-json=%7B%22spm_id%22%3A%22333.1387%22%7D&dm_img_list=%5B%5D&dm_img_str=JB&dm_cover_img_str=GJ&dm_img_inter=%7B%22ds%22%3A%5B%5D%2C%22wh%22%3A%5B0%2C0%2C0%5D%2C%22of%22%3A%5B0%2C0%2C0%5D%7D&wts=1752223908&web_location=1550101&w_rid=83c3d2254776b55d82e547c4f9ad0a65 "HTTP/1.1 200 OK"
2025-07-11 16:51:48,462 - INFO - main.py:170 - fetch_user_dynamics - 用户 手动用户 第 7 页获取到 12 条动态
2025-07-11 16:51:50,447 - INFO - _client.py:1740 - _send_single_request - HTTP Request: GET https://api.bilibili.com/x/polymer/web-dynamic/v1/feed/space?host_mid=23306371&offset=858366900787216384&features=itemOpusStyle%2ClistOnlyfans%2CopusBigCover%2ConlyfansVote%2CforwardListHidden%2CdecorationCard%2CcommentsNewVersion%2ConlyfansAssetsV2%2CugcDelete%2ConlyfansQaCard&timezone_offset=-480&x-bili-device-req-json=%7B%22platform%22%3A%22web%22%2C%22device%22%3A%22pc%22%7D&x-bili-web-req-json=%7B%22spm_id%22%3A%22333.1387%22%7D&dm_img_list=%5B%5D&dm_img_str=JK&dm_cover_img_str=BG&dm_img_inter=%7B%22ds%22%3A%5B%5D%2C%22wh%22%3A%5B0%2C0%2C0%5D%2C%22of%22%3A%5B0%2C0%2C0%5D%7D&wts=1752223910&web_location=1550101&w_rid=46ecd6963c1e13d3bcf283c3747469e8 "HTTP/1.1 200 OK"
2025-07-11 16:51:50,448 - INFO - main.py:170 - fetch_user_dynamics - 用户 手动用户 第 8 页获取到 12 条动态
2025-07-11 16:51:53,320 - INFO - _client.py:1740 - _send_single_request - HTTP Request: GET https://api.bilibili.com/x/polymer/web-dynamic/v1/feed/space?host_mid=23306371&offset=605610845668621822&features=itemOpusStyle%2ClistOnlyfans%2CopusBigCover%2ConlyfansVote%2CforwardListHidden%2CdecorationCard%2CcommentsNewVersion%2ConlyfansAssetsV2%2CugcDelete%2ConlyfansQaCard&timezone_offset=-480&x-bili-device-req-json=%7B%22platform%22%3A%22web%22%2C%22device%22%3A%22pc%22%7D&x-bili-web-req-json=%7B%22spm_id%22%3A%22333.1387%22%7D&dm_img_list=%5B%5D&dm_img_str=KC&dm_cover_img_str=HI&dm_img_inter=%7B%22ds%22%3A%5B%5D%2C%22wh%22%3A%5B0%2C0%2C0%5D%2C%22of%22%3A%5B0%2C0%2C0%5D%7D&wts=1752223913&web_location=1550101&w_rid=50d0d8984328289d67cbe8b94d2c2b3d "HTTP/1.1 200 OK"
2025-07-11 16:51:53,321 - INFO - main.py:170 - fetch_user_dynamics - 用户 手动用户 第 9 页获取到 4 条动态
2025-07-11 16:51:53,322 - INFO - main.py:206 - fetch_user_dynamics - 用户 手动用户 共获取到 100 条动态，共翻了 9 页
2025-07-11 16:51:53,322 - INFO - main.py:558 - process_user - 处理动态: 用户=手动用户, ID=1087845006298841112, 类型=专栏, 下载=失败
2025-07-11 16:51:53,322 - INFO - main.py:558 - process_user - 处理动态: 用户=手动用户, ID=1087774384144252980, 类型=视频, 下载=失败
2025-07-11 16:51:53,322 - INFO - main.py:558 - process_user - 处理动态: 用户=手动用户, ID=1087519576592220176, 类型=视频, 下载=失败
2025-07-11 16:51:53,322 - INFO - main.py:558 - process_user - 处理动态: 用户=手动用户, ID=1086936659351568404, 类型=专栏, 下载=失败
2025-07-11 16:51:53,322 - ERROR - main.py:249 - extract_content - 提取图文内容失败: 'NoneType' object has no attribute 'get'
2025-07-11 16:51:53,323 - ERROR - main.py:249 - extract_content - 提取图文内容失败: 'NoneType' object has no attribute 'get'
2025-07-11 16:51:53,323 - INFO - main.py:558 - process_user - 处理动态: 用户=手动用户, ID=1086809644298403846, 类型=图文, 下载=失败
2025-07-11 16:51:53,323 - ERROR - main.py:249 - extract_content - 提取图文内容失败: 'NoneType' object has no attribute 'get'
2025-07-11 16:51:53,323 - ERROR - main.py:249 - extract_content - 提取图文内容失败: 'NoneType' object has no attribute 'get'
2025-07-11 16:51:53,323 - INFO - main.py:558 - process_user - 处理动态: 用户=手动用户, ID=1086516078967783448, 类型=图文, 下载=失败
2025-07-11 16:51:53,323 - INFO - main.py:558 - process_user - 处理动态: 用户=手动用户, ID=1086325476913315872, 类型=转发, 下载=失败
2025-07-11 16:51:53,323 - ERROR - main.py:249 - extract_content - 提取图文内容失败: 'NoneType' object has no attribute 'get'
2025-07-11 16:51:53,323 - ERROR - main.py:249 - extract_content - 提取图文内容失败: 'NoneType' object has no attribute 'get'
2025-07-11 16:51:53,324 - INFO - main.py:558 - process_user - 处理动态: 用户=手动用户, ID=1085783172854054933, 类型=图文, 下载=失败
2025-07-11 16:51:53,324 - ERROR - main.py:249 - extract_content - 提取图文内容失败: 'NoneType' object has no attribute 'get'
2025-07-11 16:51:53,324 - ERROR - main.py:249 - extract_content - 提取图文内容失败: 'NoneType' object has no attribute 'get'
2025-07-11 16:51:53,324 - INFO - main.py:558 - process_user - 处理动态: 用户=手动用户, ID=1084650328010260485, 类型=图文, 下载=失败
2025-07-11 16:51:53,324 - ERROR - main.py:249 - extract_content - 提取图文内容失败: 'NoneType' object has no attribute 'get'
2025-07-11 16:51:53,324 - ERROR - main.py:249 - extract_content - 提取图文内容失败: 'NoneType' object has no attribute 'get'
2025-07-11 16:51:53,324 - INFO - main.py:558 - process_user - 处理动态: 用户=手动用户, ID=1084649481871294467, 类型=图文, 下载=失败
2025-07-11 16:51:53,324 - ERROR - main.py:249 - extract_content - 提取图文内容失败: 'NoneType' object has no attribute 'get'
2025-07-11 16:51:53,324 - ERROR - main.py:249 - extract_content - 提取图文内容失败: 'NoneType' object has no attribute 'get'
2025-07-11 16:51:53,325 - INFO - main.py:558 - process_user - 处理动态: 用户=手动用户, ID=1081786989239336968, 类型=图文, 下载=失败
2025-07-11 16:51:53,325 - ERROR - main.py:249 - extract_content - 提取图文内容失败: 'NoneType' object has no attribute 'get'
2025-07-11 16:51:53,325 - ERROR - main.py:249 - extract_content - 提取图文内容失败: 'NoneType' object has no attribute 'get'
2025-07-11 16:51:53,325 - INFO - main.py:558 - process_user - 处理动态: 用户=手动用户, ID=1081352329962192915, 类型=图文, 下载=失败
2025-07-11 16:51:53,325 - INFO - main.py:558 - process_user - 处理动态: 用户=手动用户, ID=1080659294036164608, 类型=专栏, 下载=失败
2025-07-11 16:51:53,325 - INFO - main.py:558 - process_user - 处理动态: 用户=手动用户, ID=1080628821244248065, 类型=专栏, 下载=失败
2025-07-11 16:51:53,325 - INFO - main.py:558 - process_user - 处理动态: 用户=手动用户, ID=1080357259054153753, 类型=专栏, 下载=失败
2025-07-11 16:51:53,325 - ERROR - main.py:249 - extract_content - 提取图文内容失败: 'NoneType' object has no attribute 'get'
2025-07-11 16:51:53,325 - ERROR - main.py:249 - extract_content - 提取图文内容失败: 'NoneType' object has no attribute 'get'
2025-07-11 16:51:53,326 - INFO - main.py:558 - process_user - 处理动态: 用户=手动用户, ID=1080262675282264072, 类型=图文, 下载=失败
2025-07-11 16:51:53,326 - ERROR - main.py:249 - extract_content - 提取图文内容失败: 'NoneType' object has no attribute 'get'
2025-07-11 16:51:53,326 - ERROR - main.py:249 - extract_content - 提取图文内容失败: 'NoneType' object has no attribute 'get'
2025-07-11 16:51:53,326 - INFO - main.py:558 - process_user - 处理动态: 用户=手动用户, ID=1080259686007046164, 类型=图文, 下载=失败
2025-07-11 16:51:53,326 - ERROR - main.py:249 - extract_content - 提取图文内容失败: 'NoneType' object has no attribute 'get'
2025-07-11 16:51:53,327 - ERROR - main.py:249 - extract_content - 提取图文内容失败: 'NoneType' object has no attribute 'get'
2025-07-11 16:51:53,327 - INFO - main.py:558 - process_user - 处理动态: 用户=手动用户, ID=1078096306678792192, 类型=图文, 下载=失败
2025-07-11 16:51:53,327 - INFO - main.py:558 - process_user - 处理动态: 用户=手动用户, ID=1077766805398749187, 类型=专栏, 下载=失败
2025-07-11 16:51:53,327 - INFO - main.py:558 - process_user - 处理动态: 用户=手动用户, ID=1077375559657324545, 类型=专栏, 下载=失败
2025-07-11 16:51:53,327 - INFO - main.py:558 - process_user - 处理动态: 用户=手动用户, ID=1076611987439353857, 类型=专栏, 下载=失败
2025-07-11 16:51:53,327 - ERROR - main.py:249 - extract_content - 提取图文内容失败: 'NoneType' object has no attribute 'get'
2025-07-11 16:51:53,327 - ERROR - main.py:249 - extract_content - 提取图文内容失败: 'NoneType' object has no attribute 'get'
2025-07-11 16:51:53,327 - INFO - main.py:558 - process_user - 处理动态: 用户=手动用户, ID=1074768170879811587, 类型=图文, 下载=失败
2025-07-11 16:51:53,327 - ERROR - main.py:249 - extract_content - 提取图文内容失败: 'NoneType' object has no attribute 'get'
2025-07-11 16:51:53,327 - ERROR - main.py:249 - extract_content - 提取图文内容失败: 'NoneType' object has no attribute 'get'
2025-07-11 16:51:53,327 - INFO - main.py:558 - process_user - 处理动态: 用户=手动用户, ID=1074385807144386561, 类型=图文, 下载=失败
2025-07-11 16:51:53,329 - ERROR - main.py:249 - extract_content - 提取图文内容失败: 'NoneType' object has no attribute 'get'
2025-07-11 16:51:53,329 - ERROR - main.py:249 - extract_content - 提取图文内容失败: 'NoneType' object has no attribute 'get'
2025-07-11 16:51:53,329 - INFO - main.py:558 - process_user - 处理动态: 用户=手动用户, ID=1074361738156048386, 类型=图文, 下载=失败
2025-07-11 16:51:53,329 - INFO - main.py:558 - process_user - 处理动态: 用户=手动用户, ID=1074317182137008130, 类型=专栏, 下载=失败
2025-07-11 16:51:53,329 - ERROR - main.py:249 - extract_content - 提取图文内容失败: 'NoneType' object has no attribute 'get'
2025-07-11 16:51:53,329 - ERROR - main.py:249 - extract_content - 提取图文内容失败: 'NoneType' object has no attribute 'get'
2025-07-11 16:51:53,329 - INFO - main.py:558 - process_user - 处理动态: 用户=手动用户, ID=1072879046707118089, 类型=图文, 下载=失败
2025-07-11 16:51:53,329 - INFO - main.py:558 - process_user - 处理动态: 用户=手动用户, ID=1072491503200239622, 类型=专栏, 下载=失败
2025-07-11 16:51:53,329 - INFO - main.py:558 - process_user - 处理动态: 用户=手动用户, ID=1072469809310990344, 类型=专栏, 下载=失败
2025-07-11 16:51:53,329 - ERROR - main.py:249 - extract_content - 提取图文内容失败: 'NoneType' object has no attribute 'get'
2025-07-11 16:51:53,329 - ERROR - main.py:249 - extract_content - 提取图文内容失败: 'NoneType' object has no attribute 'get'
2025-07-11 16:51:53,329 - INFO - main.py:558 - process_user - 处理动态: 用户=手动用户, ID=1072463908038508546, 类型=图文, 下载=失败
2025-07-11 16:51:53,329 - ERROR - main.py:249 - extract_content - 提取图文内容失败: 'NoneType' object has no attribute 'get'
2025-07-11 16:51:53,329 - ERROR - main.py:249 - extract_content - 提取图文内容失败: 'NoneType' object has no attribute 'get'
2025-07-11 16:51:53,329 - INFO - main.py:558 - process_user - 处理动态: 用户=手动用户, ID=1072441097497608208, 类型=图文, 下载=失败
2025-07-11 16:51:53,329 - ERROR - main.py:249 - extract_content - 提取图文内容失败: 'NoneType' object has no attribute 'get'
2025-07-11 16:51:53,329 - ERROR - main.py:249 - extract_content - 提取图文内容失败: 'NoneType' object has no attribute 'get'
2025-07-11 16:51:53,330 - INFO - main.py:558 - process_user - 处理动态: 用户=手动用户, ID=1072116621276872705, 类型=图文, 下载=失败
2025-07-11 16:51:53,330 - INFO - main.py:558 - process_user - 处理动态: 用户=手动用户, ID=1072109049265258520, 类型=专栏, 下载=失败
2025-07-11 16:51:53,330 - ERROR - main.py:249 - extract_content - 提取图文内容失败: 'NoneType' object has no attribute 'get'
2025-07-11 16:51:53,330 - ERROR - main.py:249 - extract_content - 提取图文内容失败: 'NoneType' object has no attribute 'get'
2025-07-11 16:51:53,330 - INFO - main.py:558 - process_user - 处理动态: 用户=手动用户, ID=1072101112137383937, 类型=图文, 下载=失败
2025-07-11 16:51:53,330 - INFO - main.py:558 - process_user - 处理动态: 用户=手动用户, ID=1072077842029740040, 类型=专栏, 下载=失败
2025-07-11 16:51:53,330 - INFO - main.py:558 - process_user - 处理动态: 用户=手动用户, ID=1072067529826893833, 类型=专栏, 下载=失败
2025-07-11 16:51:53,330 - INFO - main.py:558 - process_user - 处理动态: 用户=手动用户, ID=1071958386089656355, 类型=专栏, 下载=失败
2025-07-11 16:51:53,330 - INFO - main.py:558 - process_user - 处理动态: 用户=手动用户, ID=1071943177639821320, 类型=专栏, 下载=失败
2025-07-11 16:51:53,332 - INFO - main.py:558 - process_user - 处理动态: 用户=手动用户, ID=1071932186801733633, 类型=专栏, 下载=失败
2025-07-11 16:51:53,332 - INFO - main.py:558 - process_user - 处理动态: 用户=手动用户, ID=1071754611396706328, 类型=专栏, 下载=失败
2025-07-11 16:51:53,332 - INFO - main.py:558 - process_user - 处理动态: 用户=手动用户, ID=1071336668091383809, 类型=专栏, 下载=失败
2025-07-11 16:51:53,350 - INFO - main.py:558 - process_user - 处理动态: 用户=手动用户, ID=1070994041411207171, 类型=专栏, 下载=失败
2025-07-11 16:51:53,350 - ERROR - main.py:249 - extract_content - 提取图文内容失败: 'NoneType' object has no attribute 'get'
2025-07-11 16:51:53,350 - ERROR - main.py:249 - extract_content - 提取图文内容失败: 'NoneType' object has no attribute 'get'
2025-07-11 16:51:53,350 - INFO - main.py:558 - process_user - 处理动态: 用户=手动用户, ID=1068398077280256007, 类型=图文, 下载=失败
2025-07-11 16:51:53,350 - INFO - main.py:558 - process_user - 处理动态: 用户=手动用户, ID=1068365933720895495, 类型=专栏, 下载=失败
2025-07-11 16:51:53,350 - ERROR - main.py:249 - extract_content - 提取图文内容失败: 'NoneType' object has no attribute 'get'
2025-07-11 16:51:53,351 - ERROR - main.py:249 - extract_content - 提取图文内容失败: 'NoneType' object has no attribute 'get'
2025-07-11 16:51:53,351 - INFO - main.py:558 - process_user - 处理动态: 用户=手动用户, ID=1068361497052184579, 类型=图文, 下载=失败
2025-07-11 16:51:53,351 - INFO - main.py:558 - process_user - 处理动态: 用户=手动用户, ID=1068315875856089088, 类型=转发, 下载=失败
2025-07-11 16:51:53,351 - INFO - main.py:558 - process_user - 处理动态: 用户=手动用户, ID=1068225166173011973, 类型=视频, 下载=失败
2025-07-11 16:51:53,351 - ERROR - main.py:249 - extract_content - 提取图文内容失败: 'NoneType' object has no attribute 'get'
2025-07-11 16:51:53,351 - ERROR - main.py:249 - extract_content - 提取图文内容失败: 'NoneType' object has no attribute 'get'
2025-07-11 16:51:53,352 - INFO - main.py:558 - process_user - 处理动态: 用户=手动用户, ID=1066841516705579044, 类型=图文, 下载=失败
2025-07-11 16:51:53,352 - ERROR - main.py:249 - extract_content - 提取图文内容失败: 'NoneType' object has no attribute 'get'
2025-07-11 16:51:53,352 - ERROR - main.py:249 - extract_content - 提取图文内容失败: 'NoneType' object has no attribute 'get'
2025-07-11 16:51:53,352 - INFO - main.py:558 - process_user - 处理动态: 用户=手动用户, ID=1063709501968875523, 类型=图文, 下载=失败
2025-07-11 16:51:53,352 - INFO - main.py:558 - process_user - 处理动态: 用户=手动用户, ID=1063289140666171394, 类型=专栏, 下载=失败
2025-07-11 16:51:53,352 - INFO - main.py:558 - process_user - 处理动态: 用户=手动用户, ID=1063277277960208384, 类型=专栏, 下载=失败
2025-07-11 16:51:53,352 - ERROR - main.py:249 - extract_content - 提取图文内容失败: 'NoneType' object has no attribute 'get'
2025-07-11 16:51:53,352 - ERROR - main.py:249 - extract_content - 提取图文内容失败: 'NoneType' object has no attribute 'get'
2025-07-11 16:51:53,352 - INFO - main.py:558 - process_user - 处理动态: 用户=手动用户, ID=1063123320576147497, 类型=图文, 下载=失败
2025-07-11 16:51:53,352 - INFO - main.py:558 - process_user - 处理动态: 用户=手动用户, ID=1062144656406478857, 类型=转发, 下载=失败
2025-07-11 16:51:53,353 - INFO - main.py:558 - process_user - 处理动态: 用户=手动用户, ID=1057643749716262918, 类型=纯文字, 下载=失败
2025-07-11 16:51:53,353 - ERROR - main.py:249 - extract_content - 提取图文内容失败: 'NoneType' object has no attribute 'get'
2025-07-11 16:51:53,353 - ERROR - main.py:249 - extract_content - 提取图文内容失败: 'NoneType' object has no attribute 'get'
2025-07-11 16:51:53,353 - INFO - main.py:558 - process_user - 处理动态: 用户=手动用户, ID=1057625620667695108, 类型=图文, 下载=失败
2025-07-11 16:51:53,353 - INFO - main.py:558 - process_user - 处理动态: 用户=手动用户, ID=1055050860774555651, 类型=纯文字, 下载=失败
2025-07-11 16:51:53,353 - INFO - main.py:558 - process_user - 处理动态: 用户=手动用户, ID=1053927726865448964, 类型=纯文字, 下载=失败
2025-07-11 16:51:53,353 - INFO - main.py:558 - process_user - 处理动态: 用户=手动用户, ID=1053460176702537732, 类型=纯文字, 下载=失败
2025-07-11 16:51:53,353 - INFO - main.py:558 - process_user - 处理动态: 用户=手动用户, ID=1049446856179843076, 类型=转发, 下载=失败
2025-07-11 16:51:53,353 - INFO - main.py:558 - process_user - 处理动态: 用户=手动用户, ID=1028678322811305986, 类型=纯文字, 下载=失败
2025-07-11 16:51:53,354 - INFO - main.py:558 - process_user - 处理动态: 用户=手动用户, ID=1027417874429378569, 类型=纯文字, 下载=失败
2025-07-11 16:51:53,354 - INFO - main.py:558 - process_user - 处理动态: 用户=手动用户, ID=1023136212937867271, 类型=纯文字, 下载=失败
2025-07-11 16:51:53,354 - INFO - main.py:558 - process_user - 处理动态: 用户=手动用户, ID=1022442983761379332, 类型=纯文字, 下载=失败
2025-07-11 16:51:53,354 - INFO - main.py:558 - process_user - 处理动态: 用户=手动用户, ID=1022442773287010312, 类型=纯文字, 下载=失败
2025-07-11 16:51:53,354 - INFO - main.py:558 - process_user - 处理动态: 用户=手动用户, ID=1022442519874502657, 类型=纯文字, 下载=失败
2025-07-11 16:51:53,354 - INFO - main.py:558 - process_user - 处理动态: 用户=手动用户, ID=1016472292011540489, 类型=纯文字, 下载=失败
2025-07-11 16:51:53,355 - INFO - main.py:558 - process_user - 处理动态: 用户=手动用户, ID=1015181903436709891, 类型=转发, 下载=失败
2025-07-11 16:51:53,355 - INFO - main.py:558 - process_user - 处理动态: 用户=手动用户, ID=1014919364972904467, 类型=纯文字, 下载=失败
2025-07-11 16:51:53,355 - INFO - main.py:558 - process_user - 处理动态: 用户=手动用户, ID=1013794195223085088, 类型=纯文字, 下载=失败
2025-07-11 16:51:53,355 - ERROR - main.py:249 - extract_content - 提取图文内容失败: 'NoneType' object has no attribute 'get'
2025-07-11 16:51:53,355 - ERROR - main.py:249 - extract_content - 提取图文内容失败: 'NoneType' object has no attribute 'get'
2025-07-11 16:51:53,355 - INFO - main.py:558 - process_user - 处理动态: 用户=手动用户, ID=1013071360834928676, 类型=图文, 下载=失败
2025-07-11 16:51:53,355 - ERROR - main.py:249 - extract_content - 提取图文内容失败: 'NoneType' object has no attribute 'get'
2025-07-11 16:51:53,355 - ERROR - main.py:249 - extract_content - 提取图文内容失败: 'NoneType' object has no attribute 'get'
2025-07-11 16:51:53,356 - INFO - main.py:558 - process_user - 处理动态: 用户=手动用户, ID=1012382151710081026, 类型=图文, 下载=失败
2025-07-11 16:51:53,356 - INFO - main.py:558 - process_user - 处理动态: 用户=手动用户, ID=1012213943604609030, 类型=纯文字, 下载=失败
2025-07-11 16:51:53,356 - INFO - main.py:558 - process_user - 处理动态: 用户=手动用户, ID=1002322402017804293, 类型=转发, 下载=失败
2025-07-11 16:51:53,356 - INFO - main.py:558 - process_user - 处理动态: 用户=手动用户, ID=993213540871438343, 类型=视频, 下载=失败
2025-07-11 16:51:53,356 - INFO - main.py:558 - process_user - 处理动态: 用户=手动用户, ID=992703818457153574, 类型=视频, 下载=失败
2025-07-11 16:51:53,356 - ERROR - main.py:249 - extract_content - 提取图文内容失败: 'NoneType' object has no attribute 'get'
2025-07-11 16:51:53,356 - ERROR - main.py:249 - extract_content - 提取图文内容失败: 'NoneType' object has no attribute 'get'
2025-07-11 16:51:53,356 - INFO - main.py:558 - process_user - 处理动态: 用户=手动用户, ID=992701134074281988, 类型=图文, 下载=失败
2025-07-11 16:51:53,356 - INFO - main.py:558 - process_user - 处理动态: 用户=手动用户, ID=989637082939916290, 类型=转发, 下载=失败
2025-07-11 16:51:53,356 - INFO - main.py:558 - process_user - 处理动态: 用户=手动用户, ID=963683046540705813, 类型=视频, 下载=失败
2025-07-11 16:51:53,356 - INFO - main.py:558 - process_user - 处理动态: 用户=手动用户, ID=947566108786819113, 类型=视频, 下载=失败
2025-07-11 16:51:53,356 - ERROR - main.py:249 - extract_content - 提取图文内容失败: 'NoneType' object has no attribute 'get'
2025-07-11 16:51:53,356 - ERROR - main.py:249 - extract_content - 提取图文内容失败: 'NoneType' object has no attribute 'get'
2025-07-11 16:51:53,358 - INFO - main.py:558 - process_user - 处理动态: 用户=手动用户, ID=946960054749233160, 类型=图文, 下载=失败
2025-07-11 16:51:53,358 - INFO - main.py:558 - process_user - 处理动态: 用户=手动用户, ID=946956081663311920, 类型=视频, 下载=失败
2025-07-11 16:51:53,358 - INFO - main.py:558 - process_user - 处理动态: 用户=手动用户, ID=918037641671213092, 类型=视频, 下载=失败
2025-07-11 16:51:53,358 - INFO - main.py:558 - process_user - 处理动态: 用户=手动用户, ID=914848684283265140, 类型=视频, 下载=失败
2025-07-11 16:51:53,358 - ERROR - main.py:249 - extract_content - 提取图文内容失败: 'NoneType' object has no attribute 'get'
2025-07-11 16:51:53,358 - ERROR - main.py:249 - extract_content - 提取图文内容失败: 'NoneType' object has no attribute 'get'
2025-07-11 16:51:53,358 - INFO - main.py:558 - process_user - 处理动态: 用户=手动用户, ID=901407949209993222, 类型=图文, 下载=失败
2025-07-11 16:51:53,359 - INFO - main.py:558 - process_user - 处理动态: 用户=手动用户, ID=858366900787216384, 类型=视频, 下载=失败
2025-07-11 16:51:53,359 - INFO - main.py:558 - process_user - 处理动态: 用户=手动用户, ID=829347288542347312, 类型=音频, 下载=失败
2025-07-11 16:51:53,359 - INFO - main.py:558 - process_user - 处理动态: 用户=手动用户, ID=829274145245102101, 类型=音频, 下载=失败
2025-07-11 16:51:53,359 - INFO - main.py:558 - process_user - 处理动态: 用户=手动用户, ID=818958656002326537, 类型=音频, 下载=失败
2025-07-11 16:51:53,359 - INFO - main.py:558 - process_user - 处理动态: 用户=手动用户, ID=818957277315727426, 类型=音频, 下载=失败
2025-07-11 16:51:53,359 - INFO - main.py:558 - process_user - 处理动态: 用户=手动用户, ID=812708598117302278, 类型=视频, 下载=失败
2025-07-11 16:51:53,359 - INFO - main.py:558 - process_user - 处理动态: 用户=手动用户, ID=807651437348651013, 类型=视频, 下载=失败
2025-07-11 16:51:53,359 - INFO - main.py:558 - process_user - 处理动态: 用户=手动用户, ID=806916989590175952, 类型=视频, 下载=失败
2025-07-11 16:51:53,360 - INFO - main.py:558 - process_user - 处理动态: 用户=手动用户, ID=774435775367348261, 类型=视频, 下载=失败
2025-07-11 16:51:53,360 - ERROR - main.py:249 - extract_content - 提取图文内容失败: 'NoneType' object has no attribute 'get'
2025-07-11 16:51:53,360 - ERROR - main.py:249 - extract_content - 提取图文内容失败: 'NoneType' object has no attribute 'get'
2025-07-11 16:51:53,361 - INFO - main.py:558 - process_user - 处理动态: 用户=手动用户, ID=697579177951363108, 类型=图文, 下载=失败
2025-07-11 16:51:53,361 - INFO - main.py:558 - process_user - 处理动态: 用户=手动用户, ID=678213883416018964, 类型=视频, 下载=失败
2025-07-11 16:51:53,361 - INFO - main.py:558 - process_user - 处理动态: 用户=手动用户, ID=641830880476659714, 类型=视频, 下载=失败
2025-07-11 16:51:53,361 - INFO - main.py:558 - process_user - 处理动态: 用户=手动用户, ID=605610845668621822, 类型=视频, 下载=失败
2025-07-11 16:51:53,361 - INFO - main.py:558 - process_user - 处理动态: 用户=手动用户, ID=564591382551791121, 类型=视频, 下载=失败
2025-07-11 16:51:53,362 - INFO - main.py:558 - process_user - 处理动态: 用户=手动用户, ID=537148186499469513, 类型=视频, 下载=失败
2025-07-11 16:51:53,362 - INFO - main.py:558 - process_user - 处理动态: 用户=手动用户, ID=401490536360945820, 类型=视频, 下载=失败
2025-07-11 16:51:53,362 - INFO - main.py:558 - process_user - 处理动态: 用户=手动用户, ID=351902793869348850, 类型=视频, 下载=失败
2025-07-11 16:52:01,309 - ERROR - main.py:471 - save_to_json - 保存JSON失败: [Errno 2] No such file or directory: 'data/bilibili/results.json'
2025-07-11 16:52:01,512 - INFO - _client.py:1740 - _send_single_request - HTTP Request: GET https://api.bilibili.com/x/polymer/web-dynamic/v1/feed/space?host_mid=23306371&offset=&features=itemOpusStyle%2ClistOnlyfans%2CopusBigCover%2ConlyfansVote%2CforwardListHidden%2CdecorationCard%2CcommentsNewVersion%2ConlyfansAssetsV2%2CugcDelete%2ConlyfansQaCard&timezone_offset=-480&x-bili-device-req-json=%7B%22platform%22%3A%22web%22%2C%22device%22%3A%22pc%22%7D&x-bili-web-req-json=%7B%22spm_id%22%3A%22333.1387%22%7D&dm_img_list=%5B%5D&dm_img_str=HB&dm_cover_img_str=ED&dm_img_inter=%7B%22ds%22%3A%5B%5D%2C%22wh%22%3A%5B0%2C0%2C0%5D%2C%22of%22%3A%5B0%2C0%2C0%5D%7D&wts=1752223921&web_location=1550101&w_rid=342025fa24f8482a055a78acb127b7e7 "HTTP/1.1 200 OK"
2025-07-11 16:55:06,813 - INFO - main.py:108 - add_user - 添加用户: ID=23306371, 名称=手动用户
2025-07-11 16:55:06,813 - INFO - main.py:115 - get_users - 将用户分成 1 组，每组最多 3 人
2025-07-11 16:55:06,814 - INFO - main.py:149 - fetch_user_dynamics - 开始获取用户 手动用户(23306371) 的动态，模式: 增量, 起始时间: 起始
2025-07-11 16:55:09,754 - INFO - _client.py:1740 - _send_single_request - HTTP Request: GET https://api.bilibili.com/x/web-interface/nav "HTTP/1.1 200 OK"
2025-07-11 16:55:09,817 - INFO - _client.py:1740 - _send_single_request - HTTP Request: GET https://api.bilibili.com/x/frontend/finger/spi "HTTP/1.1 200 OK"
2025-07-11 16:55:09,879 - INFO - _client.py:1740 - _send_single_request - HTTP Request: POST https://api.bilibili.com/x/internal/gaia-gateway/ExClimbWuzhi "HTTP/1.1 200 OK"
2025-07-11 16:55:10,042 - INFO - _client.py:1740 - _send_single_request - HTTP Request: GET https://api.bilibili.com/x/polymer/web-dynamic/v1/feed/space?host_mid=23306371&offset=&features=itemOpusStyle%2ClistOnlyfans%2CopusBigCover%2ConlyfansVote%2CforwardListHidden%2CdecorationCard%2CcommentsNewVersion%2ConlyfansAssetsV2%2CugcDelete%2ConlyfansQaCard&timezone_offset=-480&x-bili-device-req-json=%7B%22platform%22%3A%22web%22%2C%22device%22%3A%22pc%22%7D&x-bili-web-req-json=%7B%22spm_id%22%3A%22333.1387%22%7D&dm_img_list=%5B%5D&dm_img_str=IG&dm_cover_img_str=CJ&dm_img_inter=%7B%22ds%22%3A%5B%5D%2C%22wh%22%3A%5B0%2C0%2C0%5D%2C%22of%22%3A%5B0%2C0%2C0%5D%7D&wts=1752224109&web_location=1550101&w_rid=daadcba3099bced1fb47d18aaaeb6b32 "HTTP/1.1 200 OK"
2025-07-11 16:55:10,047 - INFO - main.py:170 - fetch_user_dynamics - 用户 手动用户 第 1 页获取到 12 条动态
2025-07-11 16:55:11,300 - INFO - _client.py:1740 - _send_single_request - HTTP Request: GET https://api.bilibili.com/x/polymer/web-dynamic/v1/feed/space?host_mid=23306371&offset=1081352329962192915&features=itemOpusStyle%2ClistOnlyfans%2CopusBigCover%2ConlyfansVote%2CforwardListHidden%2CdecorationCard%2CcommentsNewVersion%2ConlyfansAssetsV2%2CugcDelete%2ConlyfansQaCard&timezone_offset=-480&x-bili-device-req-json=%7B%22platform%22%3A%22web%22%2C%22device%22%3A%22pc%22%7D&x-bili-web-req-json=%7B%22spm_id%22%3A%22333.1387%22%7D&dm_img_list=%5B%5D&dm_img_str=EB&dm_cover_img_str=EF&dm_img_inter=%7B%22ds%22%3A%5B%5D%2C%22wh%22%3A%5B0%2C0%2C0%5D%2C%22of%22%3A%5B0%2C0%2C0%5D%7D&wts=1752224111&web_location=1550101&w_rid=ddca40e118006f9118ea6cb7a37cb444 "HTTP/1.1 200 OK"
2025-07-11 16:55:11,304 - INFO - main.py:170 - fetch_user_dynamics - 用户 手动用户 第 2 页获取到 12 条动态
2025-07-11 16:55:13,874 - INFO - _client.py:1740 - _send_single_request - HTTP Request: GET https://api.bilibili.com/x/polymer/web-dynamic/v1/feed/space?host_mid=23306371&offset=1074361738156048386&features=itemOpusStyle%2ClistOnlyfans%2CopusBigCover%2ConlyfansVote%2CforwardListHidden%2CdecorationCard%2CcommentsNewVersion%2ConlyfansAssetsV2%2CugcDelete%2ConlyfansQaCard&timezone_offset=-480&x-bili-device-req-json=%7B%22platform%22%3A%22web%22%2C%22device%22%3A%22pc%22%7D&x-bili-web-req-json=%7B%22spm_id%22%3A%22333.1387%22%7D&dm_img_list=%5B%5D&dm_img_str=BH&dm_cover_img_str=HC&dm_img_inter=%7B%22ds%22%3A%5B%5D%2C%22wh%22%3A%5B0%2C0%2C0%5D%2C%22of%22%3A%5B0%2C0%2C0%5D%7D&wts=1752224113&web_location=1550101&w_rid=2fd02f0c741a4d126bd42a7279cc4d39 "HTTP/1.1 200 OK"
2025-07-11 16:55:13,877 - INFO - main.py:170 - fetch_user_dynamics - 用户 手动用户 第 3 页获取到 12 条动态
2025-07-11 16:55:44,888 - INFO - _client.py:1740 - _send_single_request - HTTP Request: GET https://api.bilibili.com/x/web-interface/nav "HTTP/1.1 200 OK"
2025-07-11 16:55:44,935 - INFO - _client.py:1740 - _send_single_request - HTTP Request: GET https://api.bilibili.com/x/frontend/finger/spi "HTTP/1.1 200 OK"
2025-07-11 16:55:45,005 - INFO - _client.py:1740 - _send_single_request - HTTP Request: POST https://api.bilibili.com/x/internal/gaia-gateway/ExClimbWuzhi "HTTP/1.1 200 OK"
2025-07-11 16:55:45,150 - INFO - _client.py:1740 - _send_single_request - HTTP Request: GET https://api.bilibili.com/x/polymer/web-dynamic/v1/feed/space?host_mid=23306371&offset=&features=itemOpusStyle%2ClistOnlyfans%2CopusBigCover%2ConlyfansVote%2CforwardListHidden%2CdecorationCard%2CcommentsNewVersion%2ConlyfansAssetsV2%2CugcDelete%2ConlyfansQaCard&timezone_offset=-480&x-bili-device-req-json=%7B%22platform%22%3A%22web%22%2C%22device%22%3A%22pc%22%7D&x-bili-web-req-json=%7B%22spm_id%22%3A%22333.1387%22%7D&dm_img_list=%5B%5D&dm_img_str=BH&dm_cover_img_str=IH&dm_img_inter=%7B%22ds%22%3A%5B%5D%2C%22wh%22%3A%5B0%2C0%2C0%5D%2C%22of%22%3A%5B0%2C0%2C0%5D%7D&wts=1752224144&web_location=1550101&w_rid=e3267d3f08556863b2dfe818cfd8e5a6 "HTTP/1.1 200 OK"
2025-07-11 16:55:45,291 - INFO - _client.py:1740 - _send_single_request - HTTP Request: GET https://api.bilibili.com/x/polymer/web-dynamic/v1/feed/space?host_mid=23306371&offset=1081352329962192915&features=itemOpusStyle%2ClistOnlyfans%2CopusBigCover%2ConlyfansVote%2CforwardListHidden%2CdecorationCard%2CcommentsNewVersion%2ConlyfansAssetsV2%2CugcDelete%2ConlyfansQaCard&timezone_offset=-480&x-bili-device-req-json=%7B%22platform%22%3A%22web%22%2C%22device%22%3A%22pc%22%7D&x-bili-web-req-json=%7B%22spm_id%22%3A%22333.1387%22%7D&dm_img_list=%5B%5D&dm_img_str=EA&dm_cover_img_str=KI&dm_img_inter=%7B%22ds%22%3A%5B%5D%2C%22wh%22%3A%5B0%2C0%2C0%5D%2C%22of%22%3A%5B0%2C0%2C0%5D%7D&wts=1752224145&web_location=1550101&w_rid=86107b16210d10ea347454652b435e13 "HTTP/1.1 200 OK"
2025-07-11 16:55:45,431 - INFO - _client.py:1740 - _send_single_request - HTTP Request: GET https://api.bilibili.com/x/polymer/web-dynamic/v1/feed/space?host_mid=23306371&offset=1074361738156048386&features=itemOpusStyle%2ClistOnlyfans%2CopusBigCover%2ConlyfansVote%2CforwardListHidden%2CdecorationCard%2CcommentsNewVersion%2ConlyfansAssetsV2%2CugcDelete%2ConlyfansQaCard&timezone_offset=-480&x-bili-device-req-json=%7B%22platform%22%3A%22web%22%2C%22device%22%3A%22pc%22%7D&x-bili-web-req-json=%7B%22spm_id%22%3A%22333.1387%22%7D&dm_img_list=%5B%5D&dm_img_str=IC&dm_cover_img_str=HC&dm_img_inter=%7B%22ds%22%3A%5B%5D%2C%22wh%22%3A%5B0%2C0%2C0%5D%2C%22of%22%3A%5B0%2C0%2C0%5D%7D&wts=1752224145&web_location=1550101&w_rid=e1796063cfc877877630a33e6a53220c "HTTP/1.1 200 OK"
2025-07-11 16:55:45,595 - INFO - _client.py:1740 - _send_single_request - HTTP Request: GET https://api.bilibili.com/x/polymer/web-dynamic/v1/feed/space?host_mid=23306371&offset=1071958386089656355&features=itemOpusStyle%2ClistOnlyfans%2CopusBigCover%2ConlyfansVote%2CforwardListHidden%2CdecorationCard%2CcommentsNewVersion%2ConlyfansAssetsV2%2CugcDelete%2ConlyfansQaCard&timezone_offset=-480&x-bili-device-req-json=%7B%22platform%22%3A%22web%22%2C%22device%22%3A%22pc%22%7D&x-bili-web-req-json=%7B%22spm_id%22%3A%22333.1387%22%7D&dm_img_list=%5B%5D&dm_img_str=GB&dm_cover_img_str=BJ&dm_img_inter=%7B%22ds%22%3A%5B%5D%2C%22wh%22%3A%5B0%2C0%2C0%5D%2C%22of%22%3A%5B0%2C0%2C0%5D%7D&wts=1752224145&web_location=1550101&w_rid=5b1eb9d5998d792552ceb9a4ae240222 "HTTP/1.1 200 OK"
2025-07-11 16:55:45,755 - INFO - _client.py:1740 - _send_single_request - HTTP Request: GET https://api.bilibili.com/x/polymer/web-dynamic/v1/feed/space?host_mid=23306371&offset=1063709501968875523&features=itemOpusStyle%2ClistOnlyfans%2CopusBigCover%2ConlyfansVote%2CforwardListHidden%2CdecorationCard%2CcommentsNewVersion%2ConlyfansAssetsV2%2CugcDelete%2ConlyfansQaCard&timezone_offset=-480&x-bili-device-req-json=%7B%22platform%22%3A%22web%22%2C%22device%22%3A%22pc%22%7D&x-bili-web-req-json=%7B%22spm_id%22%3A%22333.1387%22%7D&dm_img_list=%5B%5D&dm_img_str=KI&dm_cover_img_str=EG&dm_img_inter=%7B%22ds%22%3A%5B%5D%2C%22wh%22%3A%5B0%2C0%2C0%5D%2C%22of%22%3A%5B0%2C0%2C0%5D%7D&wts=1752224145&web_location=1550101&w_rid=4b22538ea5c4ae29988057db06e7acc6 "HTTP/1.1 200 OK"
2025-07-11 16:55:45,906 - INFO - _client.py:1740 - _send_single_request - HTTP Request: GET https://api.bilibili.com/x/polymer/web-dynamic/v1/feed/space?host_mid=23306371&offset=1027417874429378569&features=itemOpusStyle%2ClistOnlyfans%2CopusBigCover%2ConlyfansVote%2CforwardListHidden%2CdecorationCard%2CcommentsNewVersion%2ConlyfansAssetsV2%2CugcDelete%2ConlyfansQaCard&timezone_offset=-480&x-bili-device-req-json=%7B%22platform%22%3A%22web%22%2C%22device%22%3A%22pc%22%7D&x-bili-web-req-json=%7B%22spm_id%22%3A%22333.1387%22%7D&dm_img_list=%5B%5D&dm_img_str=JF&dm_cover_img_str=GC&dm_img_inter=%7B%22ds%22%3A%5B%5D%2C%22wh%22%3A%5B0%2C0%2C0%5D%2C%22of%22%3A%5B0%2C0%2C0%5D%7D&wts=1752224145&web_location=1550101&w_rid=7f8d247fa111ed3d0ddf16aa5f51d629 "HTTP/1.1 200 OK"
2025-07-11 16:55:46,055 - INFO - _client.py:1740 - _send_single_request - HTTP Request: GET https://api.bilibili.com/x/polymer/web-dynamic/v1/feed/space?host_mid=23306371&offset=1002322402017804293&features=itemOpusStyle%2ClistOnlyfans%2CopusBigCover%2ConlyfansVote%2CforwardListHidden%2CdecorationCard%2CcommentsNewVersion%2ConlyfansAssetsV2%2CugcDelete%2ConlyfansQaCard&timezone_offset=-480&x-bili-device-req-json=%7B%22platform%22%3A%22web%22%2C%22device%22%3A%22pc%22%7D&x-bili-web-req-json=%7B%22spm_id%22%3A%22333.1387%22%7D&dm_img_list=%5B%5D&dm_img_str=GD&dm_cover_img_str=IK&dm_img_inter=%7B%22ds%22%3A%5B%5D%2C%22wh%22%3A%5B0%2C0%2C0%5D%2C%22of%22%3A%5B0%2C0%2C0%5D%7D&wts=1752224145&web_location=1550101&w_rid=8111df97b5f4e421d5050231b73add44 "HTTP/1.1 200 OK"
2025-07-11 17:07:33,876 - INFO - _client.py:1740 - _send_single_request - HTTP Request: GET https://api.bilibili.com/x/web-interface/nav "HTTP/1.1 200 OK"
2025-07-11 17:07:33,913 - INFO - _client.py:1740 - _send_single_request - HTTP Request: GET https://api.bilibili.com/x/frontend/finger/spi "HTTP/1.1 200 OK"
2025-07-11 17:07:33,961 - INFO - _client.py:1740 - _send_single_request - HTTP Request: POST https://api.bilibili.com/x/internal/gaia-gateway/ExClimbWuzhi "HTTP/1.1 200 OK"
2025-07-11 17:07:34,104 - INFO - _client.py:1740 - _send_single_request - HTTP Request: GET https://api.bilibili.com/x/polymer/web-dynamic/v1/feed/space?host_mid=23306371&offset=&features=itemOpusStyle%2ClistOnlyfans%2CopusBigCover%2ConlyfansVote%2CforwardListHidden%2CdecorationCard%2CcommentsNewVersion%2ConlyfansAssetsV2%2CugcDelete%2ConlyfansQaCard&timezone_offset=-480&x-bili-device-req-json=%7B%22platform%22%3A%22web%22%2C%22device%22%3A%22pc%22%7D&x-bili-web-req-json=%7B%22spm_id%22%3A%22333.1387%22%7D&dm_img_list=%5B%5D&dm_img_str=DK&dm_cover_img_str=DA&dm_img_inter=%7B%22ds%22%3A%5B%5D%2C%22wh%22%3A%5B0%2C0%2C0%5D%2C%22of%22%3A%5B0%2C0%2C0%5D%7D&wts=1752224853&web_location=1550101&w_rid=3fbc790934d5de79f472c9d7feecc03a "HTTP/1.1 200 OK"
2025-07-11 17:07:34,215 - INFO - _client.py:1740 - _send_single_request - HTTP Request: GET https://api.bilibili.com/x/polymer/web-dynamic/v1/feed/space?host_mid=23306371&offset=1081352329962192915&features=itemOpusStyle%2ClistOnlyfans%2CopusBigCover%2ConlyfansVote%2CforwardListHidden%2CdecorationCard%2CcommentsNewVersion%2ConlyfansAssetsV2%2CugcDelete%2ConlyfansQaCard&timezone_offset=-480&x-bili-device-req-json=%7B%22platform%22%3A%22web%22%2C%22device%22%3A%22pc%22%7D&x-bili-web-req-json=%7B%22spm_id%22%3A%22333.1387%22%7D&dm_img_list=%5B%5D&dm_img_str=AI&dm_cover_img_str=AC&dm_img_inter=%7B%22ds%22%3A%5B%5D%2C%22wh%22%3A%5B0%2C0%2C0%5D%2C%22of%22%3A%5B0%2C0%2C0%5D%7D&wts=1752224854&web_location=1550101&w_rid=e72180717bc2f72c1512fbce56adee08 "HTTP/1.1 200 OK"
2025-07-11 17:07:34,336 - INFO - _client.py:1740 - _send_single_request - HTTP Request: GET https://api.bilibili.com/x/polymer/web-dynamic/v1/feed/space?host_mid=23306371&offset=1074361738156048386&features=itemOpusStyle%2ClistOnlyfans%2CopusBigCover%2ConlyfansVote%2CforwardListHidden%2CdecorationCard%2CcommentsNewVersion%2ConlyfansAssetsV2%2CugcDelete%2ConlyfansQaCard&timezone_offset=-480&x-bili-device-req-json=%7B%22platform%22%3A%22web%22%2C%22device%22%3A%22pc%22%7D&x-bili-web-req-json=%7B%22spm_id%22%3A%22333.1387%22%7D&dm_img_list=%5B%5D&dm_img_str=GD&dm_cover_img_str=KH&dm_img_inter=%7B%22ds%22%3A%5B%5D%2C%22wh%22%3A%5B0%2C0%2C0%5D%2C%22of%22%3A%5B0%2C0%2C0%5D%7D&wts=1752224854&web_location=1550101&w_rid=5cfbfd34b4a3dcf96267876f1a9901be "HTTP/1.1 200 OK"
2025-07-11 17:07:34,466 - INFO - _client.py:1740 - _send_single_request - HTTP Request: GET https://api.bilibili.com/x/polymer/web-dynamic/v1/feed/space?host_mid=23306371&offset=1071958386089656355&features=itemOpusStyle%2ClistOnlyfans%2CopusBigCover%2ConlyfansVote%2CforwardListHidden%2CdecorationCard%2CcommentsNewVersion%2ConlyfansAssetsV2%2CugcDelete%2ConlyfansQaCard&timezone_offset=-480&x-bili-device-req-json=%7B%22platform%22%3A%22web%22%2C%22device%22%3A%22pc%22%7D&x-bili-web-req-json=%7B%22spm_id%22%3A%22333.1387%22%7D&dm_img_list=%5B%5D&dm_img_str=KB&dm_cover_img_str=GH&dm_img_inter=%7B%22ds%22%3A%5B%5D%2C%22wh%22%3A%5B0%2C0%2C0%5D%2C%22of%22%3A%5B0%2C0%2C0%5D%7D&wts=1752224854&web_location=1550101&w_rid=d075ea590980d06d187f19bf4f034593 "HTTP/1.1 200 OK"
2025-07-11 17:07:34,587 - INFO - _client.py:1740 - _send_single_request - HTTP Request: GET https://api.bilibili.com/x/polymer/web-dynamic/v1/feed/space?host_mid=23306371&offset=1063709501968875523&features=itemOpusStyle%2ClistOnlyfans%2CopusBigCover%2ConlyfansVote%2CforwardListHidden%2CdecorationCard%2CcommentsNewVersion%2ConlyfansAssetsV2%2CugcDelete%2ConlyfansQaCard&timezone_offset=-480&x-bili-device-req-json=%7B%22platform%22%3A%22web%22%2C%22device%22%3A%22pc%22%7D&x-bili-web-req-json=%7B%22spm_id%22%3A%22333.1387%22%7D&dm_img_list=%5B%5D&dm_img_str=KH&dm_cover_img_str=EK&dm_img_inter=%7B%22ds%22%3A%5B%5D%2C%22wh%22%3A%5B0%2C0%2C0%5D%2C%22of%22%3A%5B0%2C0%2C0%5D%7D&wts=1752224854&web_location=1550101&w_rid=dc60f50dd7f22848a2a609ef2c40e430 "HTTP/1.1 200 OK"
2025-07-11 17:07:34,718 - INFO - _client.py:1740 - _send_single_request - HTTP Request: GET https://api.bilibili.com/x/polymer/web-dynamic/v1/feed/space?host_mid=23306371&offset=1027417874429378569&features=itemOpusStyle%2ClistOnlyfans%2CopusBigCover%2ConlyfansVote%2CforwardListHidden%2CdecorationCard%2CcommentsNewVersion%2ConlyfansAssetsV2%2CugcDelete%2ConlyfansQaCard&timezone_offset=-480&x-bili-device-req-json=%7B%22platform%22%3A%22web%22%2C%22device%22%3A%22pc%22%7D&x-bili-web-req-json=%7B%22spm_id%22%3A%22333.1387%22%7D&dm_img_list=%5B%5D&dm_img_str=DB&dm_cover_img_str=DG&dm_img_inter=%7B%22ds%22%3A%5B%5D%2C%22wh%22%3A%5B0%2C0%2C0%5D%2C%22of%22%3A%5B0%2C0%2C0%5D%7D&wts=1752224854&web_location=1550101&w_rid=3c14581fb53c8a7fa9f634a672074f4e "HTTP/1.1 200 OK"
2025-07-11 17:07:34,865 - INFO - _client.py:1740 - _send_single_request - HTTP Request: GET https://api.bilibili.com/x/polymer/web-dynamic/v1/feed/space?host_mid=23306371&offset=1002322402017804293&features=itemOpusStyle%2ClistOnlyfans%2CopusBigCover%2ConlyfansVote%2CforwardListHidden%2CdecorationCard%2CcommentsNewVersion%2ConlyfansAssetsV2%2CugcDelete%2ConlyfansQaCard&timezone_offset=-480&x-bili-device-req-json=%7B%22platform%22%3A%22web%22%2C%22device%22%3A%22pc%22%7D&x-bili-web-req-json=%7B%22spm_id%22%3A%22333.1387%22%7D&dm_img_list=%5B%5D&dm_img_str=ID&dm_cover_img_str=HF&dm_img_inter=%7B%22ds%22%3A%5B%5D%2C%22wh%22%3A%5B0%2C0%2C0%5D%2C%22of%22%3A%5B0%2C0%2C0%5D%7D&wts=1752224854&web_location=1550101&w_rid=cdee6ee82b1c59439e8b03704a064d26 "HTTP/1.1 200 OK"
2025-07-11 17:07:34,868 - ERROR - main.py:249 - extract_content - 提取图文内容失败: 'NoneType' object has no attribute 'get'
2025-07-11 17:07:34,868 - ERROR - main.py:249 - extract_content - 提取图文内容失败: 'NoneType' object has no attribute 'get'
2025-07-11 17:09:48,304 - INFO - _client.py:1740 - _send_single_request - HTTP Request: GET https://api.bilibili.com/x/web-interface/nav "HTTP/1.1 200 OK"
2025-07-11 17:09:48,349 - INFO - _client.py:1740 - _send_single_request - HTTP Request: GET https://api.bilibili.com/x/frontend/finger/spi "HTTP/1.1 200 OK"
2025-07-11 17:09:48,414 - INFO - _client.py:1740 - _send_single_request - HTTP Request: POST https://api.bilibili.com/x/internal/gaia-gateway/ExClimbWuzhi "HTTP/1.1 200 OK"
2025-07-11 17:09:48,546 - INFO - _client.py:1740 - _send_single_request - HTTP Request: GET https://api.bilibili.com/x/polymer/web-dynamic/v1/feed/space?host_mid=23306371&offset=&features=itemOpusStyle%2ClistOnlyfans%2CopusBigCover%2ConlyfansVote%2CforwardListHidden%2CdecorationCard%2CcommentsNewVersion%2ConlyfansAssetsV2%2CugcDelete%2ConlyfansQaCard&timezone_offset=-480&x-bili-device-req-json=%7B%22platform%22%3A%22web%22%2C%22device%22%3A%22pc%22%7D&x-bili-web-req-json=%7B%22spm_id%22%3A%22333.1387%22%7D&dm_img_list=%5B%5D&dm_img_str=AD&dm_cover_img_str=JK&dm_img_inter=%7B%22ds%22%3A%5B%5D%2C%22wh%22%3A%5B0%2C0%2C0%5D%2C%22of%22%3A%5B0%2C0%2C0%5D%7D&wts=1752224988&web_location=1550101&w_rid=c404b148c58168aa988d236f96a1ffb3 "HTTP/1.1 200 OK"
2025-07-11 17:09:48,684 - INFO - _client.py:1740 - _send_single_request - HTTP Request: GET https://api.bilibili.com/x/polymer/web-dynamic/v1/feed/space?host_mid=23306371&offset=1081352329962192915&features=itemOpusStyle%2ClistOnlyfans%2CopusBigCover%2ConlyfansVote%2CforwardListHidden%2CdecorationCard%2CcommentsNewVersion%2ConlyfansAssetsV2%2CugcDelete%2ConlyfansQaCard&timezone_offset=-480&x-bili-device-req-json=%7B%22platform%22%3A%22web%22%2C%22device%22%3A%22pc%22%7D&x-bili-web-req-json=%7B%22spm_id%22%3A%22333.1387%22%7D&dm_img_list=%5B%5D&dm_img_str=BF&dm_cover_img_str=CI&dm_img_inter=%7B%22ds%22%3A%5B%5D%2C%22wh%22%3A%5B0%2C0%2C0%5D%2C%22of%22%3A%5B0%2C0%2C0%5D%7D&wts=1752224988&web_location=1550101&w_rid=400ccd0dae4ef2d731d62522e12b5863 "HTTP/1.1 200 OK"
2025-07-11 17:09:48,862 - INFO - _client.py:1740 - _send_single_request - HTTP Request: GET https://api.bilibili.com/x/polymer/web-dynamic/v1/feed/space?host_mid=23306371&offset=1074361738156048386&features=itemOpusStyle%2ClistOnlyfans%2CopusBigCover%2ConlyfansVote%2CforwardListHidden%2CdecorationCard%2CcommentsNewVersion%2ConlyfansAssetsV2%2CugcDelete%2ConlyfansQaCard&timezone_offset=-480&x-bili-device-req-json=%7B%22platform%22%3A%22web%22%2C%22device%22%3A%22pc%22%7D&x-bili-web-req-json=%7B%22spm_id%22%3A%22333.1387%22%7D&dm_img_list=%5B%5D&dm_img_str=AJ&dm_cover_img_str=DH&dm_img_inter=%7B%22ds%22%3A%5B%5D%2C%22wh%22%3A%5B0%2C0%2C0%5D%2C%22of%22%3A%5B0%2C0%2C0%5D%7D&wts=1752224988&web_location=1550101&w_rid=62d2d0b3da643a8287c501aa4cdc761d "HTTP/1.1 200 OK"
2025-07-11 17:09:49,025 - INFO - _client.py:1740 - _send_single_request - HTTP Request: GET https://api.bilibili.com/x/polymer/web-dynamic/v1/feed/space?host_mid=23306371&offset=1071958386089656355&features=itemOpusStyle%2ClistOnlyfans%2CopusBigCover%2ConlyfansVote%2CforwardListHidden%2CdecorationCard%2CcommentsNewVersion%2ConlyfansAssetsV2%2CugcDelete%2ConlyfansQaCard&timezone_offset=-480&x-bili-device-req-json=%7B%22platform%22%3A%22web%22%2C%22device%22%3A%22pc%22%7D&x-bili-web-req-json=%7B%22spm_id%22%3A%22333.1387%22%7D&dm_img_list=%5B%5D&dm_img_str=JH&dm_cover_img_str=HC&dm_img_inter=%7B%22ds%22%3A%5B%5D%2C%22wh%22%3A%5B0%2C0%2C0%5D%2C%22of%22%3A%5B0%2C0%2C0%5D%7D&wts=1752224988&web_location=1550101&w_rid=588e50776e6fde4b6864c578d0a4fe7e "HTTP/1.1 200 OK"
2025-07-11 17:09:49,180 - INFO - _client.py:1740 - _send_single_request - HTTP Request: GET https://api.bilibili.com/x/polymer/web-dynamic/v1/feed/space?host_mid=23306371&offset=1063709501968875523&features=itemOpusStyle%2ClistOnlyfans%2CopusBigCover%2ConlyfansVote%2CforwardListHidden%2CdecorationCard%2CcommentsNewVersion%2ConlyfansAssetsV2%2CugcDelete%2ConlyfansQaCard&timezone_offset=-480&x-bili-device-req-json=%7B%22platform%22%3A%22web%22%2C%22device%22%3A%22pc%22%7D&x-bili-web-req-json=%7B%22spm_id%22%3A%22333.1387%22%7D&dm_img_list=%5B%5D&dm_img_str=AJ&dm_cover_img_str=IF&dm_img_inter=%7B%22ds%22%3A%5B%5D%2C%22wh%22%3A%5B0%2C0%2C0%5D%2C%22of%22%3A%5B0%2C0%2C0%5D%7D&wts=1752224989&web_location=1550101&w_rid=a181cdf38b706ddd230eb3518ef8476c "HTTP/1.1 200 OK"
2025-07-11 17:09:49,324 - INFO - _client.py:1740 - _send_single_request - HTTP Request: GET https://api.bilibili.com/x/polymer/web-dynamic/v1/feed/space?host_mid=23306371&offset=1027417874429378569&features=itemOpusStyle%2ClistOnlyfans%2CopusBigCover%2ConlyfansVote%2CforwardListHidden%2CdecorationCard%2CcommentsNewVersion%2ConlyfansAssetsV2%2CugcDelete%2ConlyfansQaCard&timezone_offset=-480&x-bili-device-req-json=%7B%22platform%22%3A%22web%22%2C%22device%22%3A%22pc%22%7D&x-bili-web-req-json=%7B%22spm_id%22%3A%22333.1387%22%7D&dm_img_list=%5B%5D&dm_img_str=KA&dm_cover_img_str=FI&dm_img_inter=%7B%22ds%22%3A%5B%5D%2C%22wh%22%3A%5B0%2C0%2C0%5D%2C%22of%22%3A%5B0%2C0%2C0%5D%7D&wts=1752224989&web_location=1550101&w_rid=18dd4bcbb2215358b6ee7c71f76097c5 "HTTP/1.1 200 OK"
2025-07-11 17:09:49,487 - INFO - _client.py:1740 - _send_single_request - HTTP Request: GET https://api.bilibili.com/x/polymer/web-dynamic/v1/feed/space?host_mid=23306371&offset=1002322402017804293&features=itemOpusStyle%2ClistOnlyfans%2CopusBigCover%2ConlyfansVote%2CforwardListHidden%2CdecorationCard%2CcommentsNewVersion%2ConlyfansAssetsV2%2CugcDelete%2ConlyfansQaCard&timezone_offset=-480&x-bili-device-req-json=%7B%22platform%22%3A%22web%22%2C%22device%22%3A%22pc%22%7D&x-bili-web-req-json=%7B%22spm_id%22%3A%22333.1387%22%7D&dm_img_list=%5B%5D&dm_img_str=GD&dm_cover_img_str=AB&dm_img_inter=%7B%22ds%22%3A%5B%5D%2C%22wh%22%3A%5B0%2C0%2C0%5D%2C%22of%22%3A%5B0%2C0%2C0%5D%7D&wts=1752224989&web_location=1550101&w_rid=e1b2dde3e464d0748197361e89a48169 "HTTP/1.1 200 OK"
2025-07-11 17:09:49,493 - ERROR - main.py:298 - _extract_image_urls - 提取图片URL失败: 'NoneType' object has no attribute 'get'
2025-07-11 17:09:49,493 - ERROR - main.py:298 - _extract_image_urls - 提取图片URL失败: 'NoneType' object has no attribute 'get'
2025-07-11 17:09:53,244 - INFO - main.py:427 - _download_images_sync - 图片已保存: C:/Users/Ryimi/Downloads/bilibili\手动用户\992701134074281988\手动用户_992701134074281988_1.png
2025-07-11 17:09:54,492 - INFO - main.py:427 - _download_images_sync - 图片已保存: C:/Users/Ryimi/Downloads/bilibili\手动用户\992701134074281988\手动用户_992701134074281988_2.png
2025-07-11 17:16:32,575 - INFO - _client.py:1740 - _send_single_request - HTTP Request: GET https://api.bilibili.com/x/web-interface/nav "HTTP/1.1 200 OK"
2025-07-11 17:16:32,631 - INFO - _client.py:1740 - _send_single_request - HTTP Request: GET https://api.bilibili.com/x/frontend/finger/spi "HTTP/1.1 200 OK"
2025-07-11 17:16:32,705 - INFO - _client.py:1740 - _send_single_request - HTTP Request: POST https://api.bilibili.com/x/internal/gaia-gateway/ExClimbWuzhi "HTTP/1.1 200 OK"
2025-07-11 17:16:32,878 - INFO - _client.py:1740 - _send_single_request - HTTP Request: GET https://api.bilibili.com/x/polymer/web-dynamic/v1/feed/space?host_mid=23306371&offset=&features=itemOpusStyle%2ClistOnlyfans%2CopusBigCover%2ConlyfansVote%2CforwardListHidden%2CdecorationCard%2CcommentsNewVersion%2ConlyfansAssetsV2%2CugcDelete%2ConlyfansQaCard&timezone_offset=-480&x-bili-device-req-json=%7B%22platform%22%3A%22web%22%2C%22device%22%3A%22pc%22%7D&x-bili-web-req-json=%7B%22spm_id%22%3A%22333.1387%22%7D&dm_img_list=%5B%5D&dm_img_str=BK&dm_cover_img_str=KJ&dm_img_inter=%7B%22ds%22%3A%5B%5D%2C%22wh%22%3A%5B0%2C0%2C0%5D%2C%22of%22%3A%5B0%2C0%2C0%5D%7D&wts=1752225392&web_location=1550101&w_rid=4ebdbb00f8504467db37f5023f23d6aa "HTTP/1.1 200 OK"
2025-07-11 17:16:33,022 - INFO - _client.py:1740 - _send_single_request - HTTP Request: GET https://api.bilibili.com/x/polymer/web-dynamic/v1/feed/space?host_mid=23306371&offset=1081352329962192915&features=itemOpusStyle%2ClistOnlyfans%2CopusBigCover%2ConlyfansVote%2CforwardListHidden%2CdecorationCard%2CcommentsNewVersion%2ConlyfansAssetsV2%2CugcDelete%2ConlyfansQaCard&timezone_offset=-480&x-bili-device-req-json=%7B%22platform%22%3A%22web%22%2C%22device%22%3A%22pc%22%7D&x-bili-web-req-json=%7B%22spm_id%22%3A%22333.1387%22%7D&dm_img_list=%5B%5D&dm_img_str=FB&dm_cover_img_str=EA&dm_img_inter=%7B%22ds%22%3A%5B%5D%2C%22wh%22%3A%5B0%2C0%2C0%5D%2C%22of%22%3A%5B0%2C0%2C0%5D%7D&wts=1752225392&web_location=1550101&w_rid=7e564ad1d00f558764ebe692b020915f "HTTP/1.1 200 OK"
2025-07-11 17:16:33,228 - INFO - _client.py:1740 - _send_single_request - HTTP Request: GET https://api.bilibili.com/x/polymer/web-dynamic/v1/feed/space?host_mid=23306371&offset=1074361738156048386&features=itemOpusStyle%2ClistOnlyfans%2CopusBigCover%2ConlyfansVote%2CforwardListHidden%2CdecorationCard%2CcommentsNewVersion%2ConlyfansAssetsV2%2CugcDelete%2ConlyfansQaCard&timezone_offset=-480&x-bili-device-req-json=%7B%22platform%22%3A%22web%22%2C%22device%22%3A%22pc%22%7D&x-bili-web-req-json=%7B%22spm_id%22%3A%22333.1387%22%7D&dm_img_list=%5B%5D&dm_img_str=JK&dm_cover_img_str=CK&dm_img_inter=%7B%22ds%22%3A%5B%5D%2C%22wh%22%3A%5B0%2C0%2C0%5D%2C%22of%22%3A%5B0%2C0%2C0%5D%7D&wts=1752225393&web_location=1550101&w_rid=a7ed97b8922999edd2d6ea6754ded94a "HTTP/1.1 200 OK"
2025-07-11 17:16:33,374 - INFO - _client.py:1740 - _send_single_request - HTTP Request: GET https://api.bilibili.com/x/polymer/web-dynamic/v1/feed/space?host_mid=23306371&offset=1071958386089656355&features=itemOpusStyle%2ClistOnlyfans%2CopusBigCover%2ConlyfansVote%2CforwardListHidden%2CdecorationCard%2CcommentsNewVersion%2ConlyfansAssetsV2%2CugcDelete%2ConlyfansQaCard&timezone_offset=-480&x-bili-device-req-json=%7B%22platform%22%3A%22web%22%2C%22device%22%3A%22pc%22%7D&x-bili-web-req-json=%7B%22spm_id%22%3A%22333.1387%22%7D&dm_img_list=%5B%5D&dm_img_str=EI&dm_cover_img_str=HD&dm_img_inter=%7B%22ds%22%3A%5B%5D%2C%22wh%22%3A%5B0%2C0%2C0%5D%2C%22of%22%3A%5B0%2C0%2C0%5D%7D&wts=1752225393&web_location=1550101&w_rid=b340fa608192ea619d3c4c12a640fdd8 "HTTP/1.1 200 OK"
2025-07-11 17:16:33,548 - INFO - _client.py:1740 - _send_single_request - HTTP Request: GET https://api.bilibili.com/x/polymer/web-dynamic/v1/feed/space?host_mid=23306371&offset=1063709501968875523&features=itemOpusStyle%2ClistOnlyfans%2CopusBigCover%2ConlyfansVote%2CforwardListHidden%2CdecorationCard%2CcommentsNewVersion%2ConlyfansAssetsV2%2CugcDelete%2ConlyfansQaCard&timezone_offset=-480&x-bili-device-req-json=%7B%22platform%22%3A%22web%22%2C%22device%22%3A%22pc%22%7D&x-bili-web-req-json=%7B%22spm_id%22%3A%22333.1387%22%7D&dm_img_list=%5B%5D&dm_img_str=HB&dm_cover_img_str=AC&dm_img_inter=%7B%22ds%22%3A%5B%5D%2C%22wh%22%3A%5B0%2C0%2C0%5D%2C%22of%22%3A%5B0%2C0%2C0%5D%7D&wts=1752225393&web_location=1550101&w_rid=c7fbd948a7d9c3bfff8e4a7081167745 "HTTP/1.1 200 OK"
2025-07-11 17:16:33,727 - INFO - _client.py:1740 - _send_single_request - HTTP Request: GET https://api.bilibili.com/x/polymer/web-dynamic/v1/feed/space?host_mid=23306371&offset=1027417874429378569&features=itemOpusStyle%2ClistOnlyfans%2CopusBigCover%2ConlyfansVote%2CforwardListHidden%2CdecorationCard%2CcommentsNewVersion%2ConlyfansAssetsV2%2CugcDelete%2ConlyfansQaCard&timezone_offset=-480&x-bili-device-req-json=%7B%22platform%22%3A%22web%22%2C%22device%22%3A%22pc%22%7D&x-bili-web-req-json=%7B%22spm_id%22%3A%22333.1387%22%7D&dm_img_list=%5B%5D&dm_img_str=HJ&dm_cover_img_str=CA&dm_img_inter=%7B%22ds%22%3A%5B%5D%2C%22wh%22%3A%5B0%2C0%2C0%5D%2C%22of%22%3A%5B0%2C0%2C0%5D%7D&wts=1752225393&web_location=1550101&w_rid=10b8faafd8b133860318cc4498cf87aa "HTTP/1.1 200 OK"
2025-07-11 17:16:33,868 - INFO - _client.py:1740 - _send_single_request - HTTP Request: GET https://api.bilibili.com/x/polymer/web-dynamic/v1/feed/space?host_mid=23306371&offset=1002322402017804293&features=itemOpusStyle%2ClistOnlyfans%2CopusBigCover%2ConlyfansVote%2CforwardListHidden%2CdecorationCard%2CcommentsNewVersion%2ConlyfansAssetsV2%2CugcDelete%2ConlyfansQaCard&timezone_offset=-480&x-bili-device-req-json=%7B%22platform%22%3A%22web%22%2C%22device%22%3A%22pc%22%7D&x-bili-web-req-json=%7B%22spm_id%22%3A%22333.1387%22%7D&dm_img_list=%5B%5D&dm_img_str=KB&dm_cover_img_str=GE&dm_img_inter=%7B%22ds%22%3A%5B%5D%2C%22wh%22%3A%5B0%2C0%2C0%5D%2C%22of%22%3A%5B0%2C0%2C0%5D%7D&wts=1752225393&web_location=1550101&w_rid=2461ac96dc3fe60f7f65cf01d9d59ace "HTTP/1.1 200 OK"
2025-07-11 17:16:35,638 - INFO - main.py:429 - _download_images_sync - 图片已保存: C:/Users/Ryimi/Downloads/bilibili\手动用户\992701134074281988\手动用户_992701134074281988_1.png
2025-07-11 17:16:35,948 - INFO - main.py:429 - _download_images_sync - 图片已保存: C:/Users/Ryimi/Downloads/bilibili\手动用户\992701134074281988\手动用户_992701134074281988_2.png
