2025-08-24 21:46:16,633 - INFO - main-only.py:128 - add_user - 添加用户: ID=166656842, 名称=手动用户
2025-08-24 21:46:16,633 - INFO - main-only.py:135 - get_users - 将用户分成 1 组，每组最多 3 人
2025-08-24 21:46:16,633 - INFO - main-only.py:169 - fetch_user_dynamics - 开始获取用户 手动用户(166656842) 的动态，模式: 增量, 起始时间: 起始
2025-08-24 21:46:21,747 - INFO - _client.py:1740 - _send_single_request - HTTP Request: GET https://api.bilibili.com/x/web-interface/nav "HTTP/1.1 200 OK"
2025-08-24 21:46:21,810 - INFO - _client.py:1740 - _send_single_request - HTTP Request: GET https://api.bilibili.com/x/frontend/finger/spi "HTTP/1.1 200 OK"
2025-08-24 21:46:21,921 - INFO - _client.py:1740 - _send_single_request - HTTP Request: POST https://api.bilibili.com/x/internal/gaia-gateway/ExClimbWuzhi "HTTP/1.1 200 OK"
2025-08-24 21:46:22,157 - INFO - _client.py:1740 - _send_single_request - HTTP Request: GET https://api.bilibili.com/x/polymer/web-dynamic/v1/feed/space?host_mid=166656842&offset=&features=itemOpusStyle%2ClistOnlyfans%2CopusBigCover%2ConlyfansVote%2CforwardListHidden%2CdecorationCard%2CcommentsNewVersion%2ConlyfansAssetsV2%2CugcDelete%2ConlyfansQaCard&timezone_offset=-480&x-bili-device-req-json=%7B%22platform%22%3A%22web%22%2C%22device%22%3A%22pc%22%7D&x-bili-web-req-json=%7B%22spm_id%22%3A%22333.1387%22%7D&dm_img_list=%5B%5D&dm_img_str=CJ&dm_cover_img_str=BD&dm_img_inter=%7B%22ds%22%3A%5B%5D%2C%22wh%22%3A%5B0%2C0%2C0%5D%2C%22of%22%3A%5B0%2C0%2C0%5D%7D&wts=1756043181&web_location=1550101&w_rid=3c66cb5703317f28667303ea4e8ac267 "HTTP/1.1 200 OK"
2025-08-24 21:46:22,161 - INFO - main-only.py:190 - fetch_user_dynamics - 用户 手动用户 第 1 页获取到 12 条动态
2025-08-24 21:46:24,688 - INFO - _client.py:1740 - _send_single_request - HTTP Request: GET https://api.bilibili.com/x/polymer/web-dynamic/v1/feed/space?host_mid=166656842&offset=1103769804405211144&features=itemOpusStyle%2ClistOnlyfans%2CopusBigCover%2ConlyfansVote%2CforwardListHidden%2CdecorationCard%2CcommentsNewVersion%2ConlyfansAssetsV2%2CugcDelete%2ConlyfansQaCard&timezone_offset=-480&x-bili-device-req-json=%7B%22platform%22%3A%22web%22%2C%22device%22%3A%22pc%22%7D&x-bili-web-req-json=%7B%22spm_id%22%3A%22333.1387%22%7D&dm_img_list=%5B%5D&dm_img_str=DF&dm_cover_img_str=CK&dm_img_inter=%7B%22ds%22%3A%5B%5D%2C%22wh%22%3A%5B0%2C0%2C0%5D%2C%22of%22%3A%5B0%2C0%2C0%5D%7D&wts=1756043184&web_location=1550101&w_rid=8e8f2383db13b005e41def534acdcbc8 "HTTP/1.1 200 OK"
2025-08-24 21:46:24,692 - INFO - main-only.py:190 - fetch_user_dynamics - 用户 手动用户 第 2 页获取到 12 条动态
2025-08-24 21:46:27,182 - INFO - _client.py:1740 - _send_single_request - HTTP Request: GET https://api.bilibili.com/x/polymer/web-dynamic/v1/feed/space?host_mid=166656842&offset=1101906553085100103&features=itemOpusStyle%2ClistOnlyfans%2CopusBigCover%2ConlyfansVote%2CforwardListHidden%2CdecorationCard%2CcommentsNewVersion%2ConlyfansAssetsV2%2CugcDelete%2ConlyfansQaCard&timezone_offset=-480&x-bili-device-req-json=%7B%22platform%22%3A%22web%22%2C%22device%22%3A%22pc%22%7D&x-bili-web-req-json=%7B%22spm_id%22%3A%22333.1387%22%7D&dm_img_list=%5B%5D&dm_img_str=EH&dm_cover_img_str=AH&dm_img_inter=%7B%22ds%22%3A%5B%5D%2C%22wh%22%3A%5B0%2C0%2C0%5D%2C%22of%22%3A%5B0%2C0%2C0%5D%7D&wts=1756043186&web_location=1550101&w_rid=c951062e240eca3c38d15c52217be7c1 "HTTP/1.1 200 OK"
2025-08-24 21:46:27,183 - INFO - main-only.py:190 - fetch_user_dynamics - 用户 手动用户 第 3 页获取到 12 条动态
2025-08-24 21:46:29,681 - INFO - _client.py:1740 - _send_single_request - HTTP Request: GET https://api.bilibili.com/x/polymer/web-dynamic/v1/feed/space?host_mid=166656842&offset=1097468756678934529&features=itemOpusStyle%2ClistOnlyfans%2CopusBigCover%2ConlyfansVote%2CforwardListHidden%2CdecorationCard%2CcommentsNewVersion%2ConlyfansAssetsV2%2CugcDelete%2ConlyfansQaCard&timezone_offset=-480&x-bili-device-req-json=%7B%22platform%22%3A%22web%22%2C%22device%22%3A%22pc%22%7D&x-bili-web-req-json=%7B%22spm_id%22%3A%22333.1387%22%7D&dm_img_list=%5B%5D&dm_img_str=HE&dm_cover_img_str=BI&dm_img_inter=%7B%22ds%22%3A%5B%5D%2C%22wh%22%3A%5B0%2C0%2C0%5D%2C%22of%22%3A%5B0%2C0%2C0%5D%7D&wts=1756043189&web_location=1550101&w_rid=56616fa7b16a97781d47c79c7cde614b "HTTP/1.1 200 OK"
2025-08-24 21:46:29,683 - INFO - main-only.py:190 - fetch_user_dynamics - 用户 手动用户 第 4 页获取到 12 条动态
2025-08-24 21:46:31,841 - INFO - _client.py:1740 - _send_single_request - HTTP Request: GET https://api.bilibili.com/x/polymer/web-dynamic/v1/feed/space?host_mid=166656842&offset=1095098183824965651&features=itemOpusStyle%2ClistOnlyfans%2CopusBigCover%2ConlyfansVote%2CforwardListHidden%2CdecorationCard%2CcommentsNewVersion%2ConlyfansAssetsV2%2CugcDelete%2ConlyfansQaCard&timezone_offset=-480&x-bili-device-req-json=%7B%22platform%22%3A%22web%22%2C%22device%22%3A%22pc%22%7D&x-bili-web-req-json=%7B%22spm_id%22%3A%22333.1387%22%7D&dm_img_list=%5B%5D&dm_img_str=EB&dm_cover_img_str=BI&dm_img_inter=%7B%22ds%22%3A%5B%5D%2C%22wh%22%3A%5B0%2C0%2C0%5D%2C%22of%22%3A%5B0%2C0%2C0%5D%7D&wts=1756043191&web_location=1550101&w_rid=907ad35e463504cb54bd10b6d4b02257 "HTTP/1.1 200 OK"
2025-08-24 21:46:31,842 - INFO - main-only.py:190 - fetch_user_dynamics - 用户 手动用户 第 5 页获取到 12 条动态
2025-08-24 21:46:34,488 - INFO - _client.py:1740 - _send_single_request - HTTP Request: GET https://api.bilibili.com/x/polymer/web-dynamic/v1/feed/space?host_mid=166656842&offset=1090016430056800263&features=itemOpusStyle%2ClistOnlyfans%2CopusBigCover%2ConlyfansVote%2CforwardListHidden%2CdecorationCard%2CcommentsNewVersion%2ConlyfansAssetsV2%2CugcDelete%2ConlyfansQaCard&timezone_offset=-480&x-bili-device-req-json=%7B%22platform%22%3A%22web%22%2C%22device%22%3A%22pc%22%7D&x-bili-web-req-json=%7B%22spm_id%22%3A%22333.1387%22%7D&dm_img_list=%5B%5D&dm_img_str=HF&dm_cover_img_str=CH&dm_img_inter=%7B%22ds%22%3A%5B%5D%2C%22wh%22%3A%5B0%2C0%2C0%5D%2C%22of%22%3A%5B0%2C0%2C0%5D%7D&wts=1756043194&web_location=1550101&w_rid=f13ca23fd817495f48088fbdb2247bfd "HTTP/1.1 200 OK"
2025-08-24 21:46:34,490 - INFO - main-only.py:190 - fetch_user_dynamics - 用户 手动用户 第 6 页获取到 12 条动态
2025-08-24 21:46:37,221 - INFO - _client.py:1740 - _send_single_request - HTTP Request: GET https://api.bilibili.com/x/polymer/web-dynamic/v1/feed/space?host_mid=166656842&offset=1087418790916915235&features=itemOpusStyle%2ClistOnlyfans%2CopusBigCover%2ConlyfansVote%2CforwardListHidden%2CdecorationCard%2CcommentsNewVersion%2ConlyfansAssetsV2%2CugcDelete%2ConlyfansQaCard&timezone_offset=-480&x-bili-device-req-json=%7B%22platform%22%3A%22web%22%2C%22device%22%3A%22pc%22%7D&x-bili-web-req-json=%7B%22spm_id%22%3A%22333.1387%22%7D&dm_img_list=%5B%5D&dm_img_str=IE&dm_cover_img_str=JG&dm_img_inter=%7B%22ds%22%3A%5B%5D%2C%22wh%22%3A%5B0%2C0%2C0%5D%2C%22of%22%3A%5B0%2C0%2C0%5D%7D&wts=1756043197&web_location=1550101&w_rid=fe35d592102274b75d5374720a9f385f "HTTP/1.1 200 OK"
2025-08-24 21:46:37,223 - INFO - main-only.py:190 - fetch_user_dynamics - 用户 手动用户 第 7 页获取到 12 条动态
2025-08-24 21:46:39,971 - INFO - _client.py:1740 - _send_single_request - HTTP Request: GET https://api.bilibili.com/x/polymer/web-dynamic/v1/feed/space?host_mid=166656842&offset=1083588053708046345&features=itemOpusStyle%2ClistOnlyfans%2CopusBigCover%2ConlyfansVote%2CforwardListHidden%2CdecorationCard%2CcommentsNewVersion%2ConlyfansAssetsV2%2CugcDelete%2ConlyfansQaCard&timezone_offset=-480&x-bili-device-req-json=%7B%22platform%22%3A%22web%22%2C%22device%22%3A%22pc%22%7D&x-bili-web-req-json=%7B%22spm_id%22%3A%22333.1387%22%7D&dm_img_list=%5B%5D&dm_img_str=HI&dm_cover_img_str=KD&dm_img_inter=%7B%22ds%22%3A%5B%5D%2C%22wh%22%3A%5B0%2C0%2C0%5D%2C%22of%22%3A%5B0%2C0%2C0%5D%7D&wts=1756043199&web_location=1550101&w_rid=b83873a8f04b88214c6cb57366e037f3 "HTTP/1.1 200 OK"
2025-08-24 21:46:39,974 - INFO - main-only.py:190 - fetch_user_dynamics - 用户 手动用户 第 8 页获取到 12 条动态
2025-08-24 21:46:41,373 - INFO - _client.py:1740 - _send_single_request - HTTP Request: GET https://api.bilibili.com/x/polymer/web-dynamic/v1/feed/space?host_mid=166656842&offset=1079049716439711783&features=itemOpusStyle%2ClistOnlyfans%2CopusBigCover%2ConlyfansVote%2CforwardListHidden%2CdecorationCard%2CcommentsNewVersion%2ConlyfansAssetsV2%2CugcDelete%2ConlyfansQaCard&timezone_offset=-480&x-bili-device-req-json=%7B%22platform%22%3A%22web%22%2C%22device%22%3A%22pc%22%7D&x-bili-web-req-json=%7B%22spm_id%22%3A%22333.1387%22%7D&dm_img_list=%5B%5D&dm_img_str=GJ&dm_cover_img_str=FB&dm_img_inter=%7B%22ds%22%3A%5B%5D%2C%22wh%22%3A%5B0%2C0%2C0%5D%2C%22of%22%3A%5B0%2C0%2C0%5D%7D&wts=1756043201&web_location=1550101&w_rid=11bbeee09d29ae74a002dc71927c4022 "HTTP/1.1 200 OK"
2025-08-24 21:46:41,377 - INFO - main-only.py:190 - fetch_user_dynamics - 用户 手动用户 第 9 页获取到 12 条动态
2025-08-24 21:46:42,761 - INFO - _client.py:1740 - _send_single_request - HTTP Request: GET https://api.bilibili.com/x/polymer/web-dynamic/v1/feed/space?host_mid=166656842&offset=1076672769864761364&features=itemOpusStyle%2ClistOnlyfans%2CopusBigCover%2ConlyfansVote%2CforwardListHidden%2CdecorationCard%2CcommentsNewVersion%2ConlyfansAssetsV2%2CugcDelete%2ConlyfansQaCard&timezone_offset=-480&x-bili-device-req-json=%7B%22platform%22%3A%22web%22%2C%22device%22%3A%22pc%22%7D&x-bili-web-req-json=%7B%22spm_id%22%3A%22333.1387%22%7D&dm_img_list=%5B%5D&dm_img_str=DB&dm_cover_img_str=GF&dm_img_inter=%7B%22ds%22%3A%5B%5D%2C%22wh%22%3A%5B0%2C0%2C0%5D%2C%22of%22%3A%5B0%2C0%2C0%5D%7D&wts=1756043202&web_location=1550101&w_rid=91a5a9cea5cc100c2357e2e4c2a778ae "HTTP/1.1 200 OK"
2025-08-24 21:46:42,764 - INFO - main-only.py:190 - fetch_user_dynamics - 用户 手动用户 第 10 页获取到 12 条动态
2025-08-24 21:46:45,210 - INFO - _client.py:1740 - _send_single_request - HTTP Request: GET https://api.bilibili.com/x/polymer/web-dynamic/v1/feed/space?host_mid=166656842&offset=1074067631634382855&features=itemOpusStyle%2ClistOnlyfans%2CopusBigCover%2ConlyfansVote%2CforwardListHidden%2CdecorationCard%2CcommentsNewVersion%2ConlyfansAssetsV2%2CugcDelete%2ConlyfansQaCard&timezone_offset=-480&x-bili-device-req-json=%7B%22platform%22%3A%22web%22%2C%22device%22%3A%22pc%22%7D&x-bili-web-req-json=%7B%22spm_id%22%3A%22333.1387%22%7D&dm_img_list=%5B%5D&dm_img_str=KF&dm_cover_img_str=BE&dm_img_inter=%7B%22ds%22%3A%5B%5D%2C%22wh%22%3A%5B0%2C0%2C0%5D%2C%22of%22%3A%5B0%2C0%2C0%5D%7D&wts=1756043205&web_location=1550101&w_rid=1ca1fc391a680881c5234e1329b9b4db "HTTP/1.1 200 OK"
2025-08-24 21:46:45,212 - INFO - main-only.py:190 - fetch_user_dynamics - 用户 手动用户 第 11 页获取到 12 条动态
2025-08-24 21:46:47,631 - INFO - _client.py:1740 - _send_single_request - HTTP Request: GET https://api.bilibili.com/x/polymer/web-dynamic/v1/feed/space?host_mid=166656842&offset=1072235218202525698&features=itemOpusStyle%2ClistOnlyfans%2CopusBigCover%2ConlyfansVote%2CforwardListHidden%2CdecorationCard%2CcommentsNewVersion%2ConlyfansAssetsV2%2CugcDelete%2ConlyfansQaCard&timezone_offset=-480&x-bili-device-req-json=%7B%22platform%22%3A%22web%22%2C%22device%22%3A%22pc%22%7D&x-bili-web-req-json=%7B%22spm_id%22%3A%22333.1387%22%7D&dm_img_list=%5B%5D&dm_img_str=BC&dm_cover_img_str=IK&dm_img_inter=%7B%22ds%22%3A%5B%5D%2C%22wh%22%3A%5B0%2C0%2C0%5D%2C%22of%22%3A%5B0%2C0%2C0%5D%7D&wts=1756043207&web_location=1550101&w_rid=72894f8fa4293df1ba57ab95c2b04247 "HTTP/1.1 200 OK"
2025-08-24 21:46:47,635 - INFO - main-only.py:190 - fetch_user_dynamics - 用户 手动用户 第 12 页获取到 12 条动态
2025-08-24 21:46:50,550 - INFO - _client.py:1740 - _send_single_request - HTTP Request: GET https://api.bilibili.com/x/polymer/web-dynamic/v1/feed/space?host_mid=166656842&offset=1070605780662616097&features=itemOpusStyle%2ClistOnlyfans%2CopusBigCover%2ConlyfansVote%2CforwardListHidden%2CdecorationCard%2CcommentsNewVersion%2ConlyfansAssetsV2%2CugcDelete%2ConlyfansQaCard&timezone_offset=-480&x-bili-device-req-json=%7B%22platform%22%3A%22web%22%2C%22device%22%3A%22pc%22%7D&x-bili-web-req-json=%7B%22spm_id%22%3A%22333.1387%22%7D&dm_img_list=%5B%5D&dm_img_str=IJ&dm_cover_img_str=ED&dm_img_inter=%7B%22ds%22%3A%5B%5D%2C%22wh%22%3A%5B0%2C0%2C0%5D%2C%22of%22%3A%5B0%2C0%2C0%5D%7D&wts=1756043210&web_location=1550101&w_rid=f12f631a17c17404cefddb7922e2011a "HTTP/1.1 200 OK"
2025-08-24 21:46:50,554 - INFO - main-only.py:190 - fetch_user_dynamics - 用户 手动用户 第 13 页获取到 12 条动态
2025-08-24 21:46:52,884 - INFO - _client.py:1740 - _send_single_request - HTTP Request: GET https://api.bilibili.com/x/polymer/web-dynamic/v1/feed/space?host_mid=166656842&offset=1068561002523525157&features=itemOpusStyle%2ClistOnlyfans%2CopusBigCover%2ConlyfansVote%2CforwardListHidden%2CdecorationCard%2CcommentsNewVersion%2ConlyfansAssetsV2%2CugcDelete%2ConlyfansQaCard&timezone_offset=-480&x-bili-device-req-json=%7B%22platform%22%3A%22web%22%2C%22device%22%3A%22pc%22%7D&x-bili-web-req-json=%7B%22spm_id%22%3A%22333.1387%22%7D&dm_img_list=%5B%5D&dm_img_str=HB&dm_cover_img_str=HJ&dm_img_inter=%7B%22ds%22%3A%5B%5D%2C%22wh%22%3A%5B0%2C0%2C0%5D%2C%22of%22%3A%5B0%2C0%2C0%5D%7D&wts=1756043212&web_location=1550101&w_rid=4307130249048a07378f0c2a840df028 "HTTP/1.1 200 OK"
2025-08-24 21:46:52,885 - INFO - main-only.py:190 - fetch_user_dynamics - 用户 手动用户 第 14 页获取到 5 条动态
2025-08-24 21:46:52,885 - INFO - main-only.py:229 - fetch_user_dynamics - 用户 手动用户 共获取到 161 条动态，共翻了 14 页
2025-08-24 21:46:56,058 - INFO - main-only.py:450 - _download_images_sync - 图片已保存: C:/Users/Ryimi/Downloads/bilibili\手动用户\draw-1104680350348476423\手动用户_1104680350348476423_1.png
2025-08-24 21:46:56,224 - INFO - main-only.py:450 - _download_images_sync - 图片已保存: C:/Users/Ryimi/Downloads/bilibili\手动用户\draw-1104680350348476423\手动用户_1104680350348476423_2.jpg
2025-08-24 21:46:56,648 - INFO - main-only.py:450 - _download_images_sync - 图片已保存: C:/Users/Ryimi/Downloads/bilibili\手动用户\draw-1104680350348476423\手动用户_1104680350348476423_3.jpg
2025-08-24 21:46:58,237 - INFO - main-only.py:450 - _download_images_sync - 图片已保存: C:/Users/Ryimi/Downloads/bilibili\手动用户\draw-1104680350348476423\手动用户_1104680350348476423_4.png
2025-08-24 21:46:58,697 - INFO - main-only.py:450 - _download_images_sync - 图片已保存: C:/Users/Ryimi/Downloads/bilibili\手动用户\draw-1104680350348476423\手动用户_1104680350348476423_5.jpg
2025-08-24 21:46:58,698 - INFO - main-only.py:581 - process_user - 处理动态: 用户=手动用户, ID=1104680350348476423, 类型=图文, 下载=成功
2025-08-24 21:47:00,402 - INFO - main-only.py:450 - _download_images_sync - 图片已保存: C:/Users/Ryimi/Downloads/bilibili\手动用户\draw-1104648035056484354\手动用户_1104648035056484354_1.jpg
2025-08-24 21:47:01,264 - INFO - main-only.py:450 - _download_images_sync - 图片已保存: C:/Users/Ryimi/Downloads/bilibili\手动用户\draw-1104648035056484354\手动用户_1104648035056484354_2.jpg
2025-08-24 21:47:03,427 - INFO - main-only.py:450 - _download_images_sync - 图片已保存: C:/Users/Ryimi/Downloads/bilibili\手动用户\draw-1104648035056484354\手动用户_1104648035056484354_3.jpg
2025-08-24 21:47:05,160 - INFO - main-only.py:450 - _download_images_sync - 图片已保存: C:/Users/Ryimi/Downloads/bilibili\手动用户\draw-1104648035056484354\手动用户_1104648035056484354_4.png
2025-08-24 21:47:05,823 - INFO - main-only.py:450 - _download_images_sync - 图片已保存: C:/Users/Ryimi/Downloads/bilibili\手动用户\draw-1104648035056484354\手动用户_1104648035056484354_5.jpg
2025-08-24 21:47:05,948 - INFO - main-only.py:450 - _download_images_sync - 图片已保存: C:/Users/Ryimi/Downloads/bilibili\手动用户\draw-1104648035056484354\手动用户_1104648035056484354_6.png
2025-08-24 21:47:05,948 - INFO - main-only.py:581 - process_user - 处理动态: 用户=手动用户, ID=1104648035056484354, 类型=图文, 下载=成功
2025-08-24 21:47:05,949 - INFO - main-only.py:581 - process_user - 处理动态: 用户=手动用户, ID=1104647261942448137, 类型=视频, 下载=失败
2025-08-24 21:47:05,949 - INFO - main-only.py:581 - process_user - 处理动态: 用户=手动用户, ID=1104527316383432785, 类型=视频, 下载=失败
2025-08-24 21:47:05,966 - INFO - main-only.py:581 - process_user - 处理动态: 用户=手动用户, ID=1104492647439925257, 类型=视频, 下载=失败
2025-08-24 21:47:07,605 - INFO - main-only.py:450 - _download_images_sync - 图片已保存: C:/Users/Ryimi/Downloads/bilibili\手动用户\draw-1104292489044426773\手动用户_1104292489044426773_1.png
2025-08-24 21:47:08,035 - INFO - main-only.py:450 - _download_images_sync - 图片已保存: C:/Users/Ryimi/Downloads/bilibili\手动用户\draw-1104292489044426773\手动用户_1104292489044426773_2.png
2025-08-24 21:47:09,066 - INFO - main-only.py:450 - _download_images_sync - 图片已保存: C:/Users/Ryimi/Downloads/bilibili\手动用户\draw-1104292489044426773\手动用户_1104292489044426773_3.jpg
2025-08-24 21:47:10,399 - INFO - main-only.py:450 - _download_images_sync - 图片已保存: C:/Users/Ryimi/Downloads/bilibili\手动用户\draw-1104292489044426773\手动用户_1104292489044426773_4.png
2025-08-24 21:47:11,692 - INFO - main-only.py:450 - _download_images_sync - 图片已保存: C:/Users/Ryimi/Downloads/bilibili\手动用户\draw-1104292489044426773\手动用户_1104292489044426773_5.jpg
2025-08-24 21:47:12,165 - INFO - main-only.py:450 - _download_images_sync - 图片已保存: C:/Users/Ryimi/Downloads/bilibili\手动用户\draw-1104292489044426773\手动用户_1104292489044426773_6.png
2025-08-24 21:47:12,330 - INFO - main-only.py:450 - _download_images_sync - 图片已保存: C:/Users/Ryimi/Downloads/bilibili\手动用户\draw-1104292489044426773\手动用户_1104292489044426773_7.jpg
2025-08-24 21:47:12,331 - INFO - main-only.py:581 - process_user - 处理动态: 用户=手动用户, ID=1104292489044426773, 类型=图文, 下载=成功
2025-08-24 21:47:14,237 - INFO - main-only.py:450 - _download_images_sync - 图片已保存: C:/Users/Ryimi/Downloads/bilibili\手动用户\draw-1104289486897938439\手动用户_1104289486897938439_1.jpg
2025-08-24 21:47:14,506 - INFO - main-only.py:450 - _download_images_sync - 图片已保存: C:/Users/Ryimi/Downloads/bilibili\手动用户\draw-1104289486897938439\手动用户_1104289486897938439_2.jpg
2025-08-24 21:47:14,758 - INFO - main-only.py:450 - _download_images_sync - 图片已保存: C:/Users/Ryimi/Downloads/bilibili\手动用户\draw-1104289486897938439\手动用户_1104289486897938439_3.jpg
2025-08-24 21:47:15,109 - INFO - main-only.py:450 - _download_images_sync - 图片已保存: C:/Users/Ryimi/Downloads/bilibili\手动用户\draw-1104289486897938439\手动用户_1104289486897938439_4.jpg
2025-08-24 21:47:16,161 - INFO - main-only.py:450 - _download_images_sync - 图片已保存: C:/Users/Ryimi/Downloads/bilibili\手动用户\draw-1104289486897938439\手动用户_1104289486897938439_5.jpg
2025-08-24 21:47:16,811 - INFO - main-only.py:450 - _download_images_sync - 图片已保存: C:/Users/Ryimi/Downloads/bilibili\手动用户\draw-1104289486897938439\手动用户_1104289486897938439_6.jpg
2025-08-24 21:47:16,812 - INFO - main-only.py:581 - process_user - 处理动态: 用户=手动用户, ID=1104289486897938439, 类型=图文, 下载=成功
2025-08-24 21:47:16,812 - INFO - main-only.py:581 - process_user - 处理动态: 用户=手动用户, ID=1104169189101273127, 类型=视频, 下载=失败
2025-08-24 21:47:16,812 - INFO - main-only.py:581 - process_user - 处理动态: 用户=手动用户, ID=1104140807994081296, 类型=视频, 下载=失败
2025-08-24 21:47:18,444 - INFO - main-only.py:450 - _download_images_sync - 图片已保存: C:/Users/Ryimi/Downloads/bilibili\手动用户\draw-1103907509674967048\手动用户_1103907509674967048_1.jpg
2025-08-24 21:47:18,550 - INFO - main-only.py:450 - _download_images_sync - 图片已保存: C:/Users/Ryimi/Downloads/bilibili\手动用户\draw-1103907509674967048\手动用户_1103907509674967048_2.jpg
2025-08-24 21:47:18,645 - INFO - main-only.py:450 - _download_images_sync - 图片已保存: C:/Users/Ryimi/Downloads/bilibili\手动用户\draw-1103907509674967048\手动用户_1103907509674967048_3.jpg
2025-08-24 21:47:18,851 - INFO - main-only.py:450 - _download_images_sync - 图片已保存: C:/Users/Ryimi/Downloads/bilibili\手动用户\draw-1103907509674967048\手动用户_1103907509674967048_4.jpg
2025-08-24 21:47:19,097 - INFO - main-only.py:450 - _download_images_sync - 图片已保存: C:/Users/Ryimi/Downloads/bilibili\手动用户\draw-1103907509674967048\手动用户_1103907509674967048_5.jpg
2025-08-24 21:47:19,174 - INFO - main-only.py:450 - _download_images_sync - 图片已保存: C:/Users/Ryimi/Downloads/bilibili\手动用户\draw-1103907509674967048\手动用户_1103907509674967048_6.jpg
2025-08-24 21:47:19,174 - INFO - main-only.py:581 - process_user - 处理动态: 用户=手动用户, ID=1103907509674967048, 类型=图文, 下载=成功
2025-08-24 21:47:21,206 - INFO - main-only.py:450 - _download_images_sync - 图片已保存: C:/Users/Ryimi/Downloads/bilibili\手动用户\draw-1103896634771636240\手动用户_1103896634771636240_1.jpg
2025-08-24 21:47:21,702 - INFO - main-only.py:450 - _download_images_sync - 图片已保存: C:/Users/Ryimi/Downloads/bilibili\手动用户\draw-1103896634771636240\手动用户_1103896634771636240_2.jpg
2025-08-24 21:47:21,828 - INFO - main-only.py:450 - _download_images_sync - 图片已保存: C:/Users/Ryimi/Downloads/bilibili\手动用户\draw-1103896634771636240\手动用户_1103896634771636240_3.jpg
2025-08-24 21:47:22,264 - INFO - main-only.py:450 - _download_images_sync - 图片已保存: C:/Users/Ryimi/Downloads/bilibili\手动用户\draw-1103896634771636240\手动用户_1103896634771636240_4.jpg
2025-08-24 21:47:22,386 - INFO - main-only.py:450 - _download_images_sync - 图片已保存: C:/Users/Ryimi/Downloads/bilibili\手动用户\draw-1103896634771636240\手动用户_1103896634771636240_5.jpg
2025-08-24 21:47:22,605 - INFO - main-only.py:450 - _download_images_sync - 图片已保存: C:/Users/Ryimi/Downloads/bilibili\手动用户\draw-1103896634771636240\手动用户_1103896634771636240_6.jpg
2025-08-24 21:47:22,606 - INFO - main-only.py:581 - process_user - 处理动态: 用户=手动用户, ID=1103896634771636240, 类型=图文, 下载=成功
2025-08-24 21:47:22,606 - INFO - main-only.py:581 - process_user - 处理动态: 用户=手动用户, ID=1103769804405211144, 类型=视频, 下载=失败
2025-08-24 21:47:24,588 - INFO - main-only.py:450 - _download_images_sync - 图片已保存: C:/Users/Ryimi/Downloads/bilibili\手动用户\draw-1103435003154399236\手动用户_1103435003154399236_1.jpg
2025-08-24 21:47:25,777 - INFO - main-only.py:450 - _download_images_sync - 图片已保存: C:/Users/Ryimi/Downloads/bilibili\手动用户\draw-1103435003154399236\手动用户_1103435003154399236_2.jpg
2025-08-24 21:47:25,959 - INFO - main-only.py:450 - _download_images_sync - 图片已保存: C:/Users/Ryimi/Downloads/bilibili\手动用户\draw-1103435003154399236\手动用户_1103435003154399236_3.jpg
2025-08-24 21:47:26,085 - INFO - main-only.py:450 - _download_images_sync - 图片已保存: C:/Users/Ryimi/Downloads/bilibili\手动用户\draw-1103435003154399236\手动用户_1103435003154399236_4.jpg
2025-08-24 21:47:26,169 - INFO - main-only.py:450 - _download_images_sync - 图片已保存: C:/Users/Ryimi/Downloads/bilibili\手动用户\draw-1103435003154399236\手动用户_1103435003154399236_5.jpg
2025-08-24 21:47:26,170 - INFO - main-only.py:581 - process_user - 处理动态: 用户=手动用户, ID=1103435003154399236, 类型=图文, 下载=成功
2025-08-24 21:47:26,171 - INFO - main-only.py:581 - process_user - 处理动态: 用户=手动用户, ID=1103434126947516435, 类型=视频, 下载=失败
2025-08-24 21:47:26,172 - INFO - main-only.py:581 - process_user - 处理动态: 用户=手动用户, ID=1103102001404706838, 类型=视频, 下载=失败
2025-08-24 21:47:26,172 - INFO - main-only.py:581 - process_user - 处理动态: 用户=手动用户, ID=1103008341082243080, 类型=视频, 下载=失败
2025-08-24 21:47:28,200 - INFO - main-only.py:450 - _download_images_sync - 图片已保存: C:/Users/Ryimi/Downloads/bilibili\手动用户\draw-1102896860920545289\手动用户_1102896860920545289_1.jpg
2025-08-24 21:47:28,616 - INFO - main-only.py:450 - _download_images_sync - 图片已保存: C:/Users/Ryimi/Downloads/bilibili\手动用户\draw-1102896860920545289\手动用户_1102896860920545289_2.jpg
2025-08-24 21:47:28,697 - INFO - main-only.py:450 - _download_images_sync - 图片已保存: C:/Users/Ryimi/Downloads/bilibili\手动用户\draw-1102896860920545289\手动用户_1102896860920545289_3.webp
2025-08-24 21:47:29,311 - INFO - main-only.py:450 - _download_images_sync - 图片已保存: C:/Users/Ryimi/Downloads/bilibili\手动用户\draw-1102896860920545289\手动用户_1102896860920545289_4.jpg
2025-08-24 21:47:29,861 - INFO - main-only.py:450 - _download_images_sync - 图片已保存: C:/Users/Ryimi/Downloads/bilibili\手动用户\draw-1102896860920545289\手动用户_1102896860920545289_5.jpg
2025-08-24 21:47:29,985 - INFO - main-only.py:450 - _download_images_sync - 图片已保存: C:/Users/Ryimi/Downloads/bilibili\手动用户\draw-1102896860920545289\手动用户_1102896860920545289_6.jpg
2025-08-24 21:47:30,266 - INFO - main-only.py:450 - _download_images_sync - 图片已保存: C:/Users/Ryimi/Downloads/bilibili\手动用户\draw-1102896860920545289\手动用户_1102896860920545289_7.jpg
2025-08-24 21:47:30,267 - INFO - main-only.py:581 - process_user - 处理动态: 用户=手动用户, ID=1102896860920545289, 类型=图文, 下载=成功
2025-08-24 21:47:32,912 - INFO - main-only.py:450 - _download_images_sync - 图片已保存: C:/Users/Ryimi/Downloads/bilibili\手动用户\draw-1102305482592223249\手动用户_1102305482592223249_1.jpg
2025-08-24 21:47:33,667 - INFO - main-only.py:450 - _download_images_sync - 图片已保存: C:/Users/Ryimi/Downloads/bilibili\手动用户\draw-1102305482592223249\手动用户_1102305482592223249_2.jpg
2025-08-24 21:47:35,194 - INFO - main-only.py:450 - _download_images_sync - 图片已保存: C:/Users/Ryimi/Downloads/bilibili\手动用户\draw-1102305482592223249\手动用户_1102305482592223249_3.jpg
2025-08-24 21:47:37,760 - INFO - main-only.py:450 - _download_images_sync - 图片已保存: C:/Users/Ryimi/Downloads/bilibili\手动用户\draw-1102305482592223249\手动用户_1102305482592223249_4.jpg
2025-08-24 21:47:40,881 - INFO - main-only.py:450 - _download_images_sync - 图片已保存: C:/Users/Ryimi/Downloads/bilibili\手动用户\draw-1102305482592223249\手动用户_1102305482592223249_5.jpg
2025-08-24 21:47:41,513 - INFO - main-only.py:450 - _download_images_sync - 图片已保存: C:/Users/Ryimi/Downloads/bilibili\手动用户\draw-1102305482592223249\手动用户_1102305482592223249_6.jpg
2025-08-24 21:47:41,513 - INFO - main-only.py:581 - process_user - 处理动态: 用户=手动用户, ID=1102305482592223249, 类型=图文, 下载=成功
2025-08-24 21:47:41,514 - INFO - main-only.py:581 - process_user - 处理动态: 用户=手动用户, ID=1102304876951502868, 类型=视频, 下载=失败
2025-08-24 21:47:41,514 - INFO - main-only.py:581 - process_user - 处理动态: 用户=手动用户, ID=1102277754280214544, 类型=视频, 下载=失败
2025-08-24 21:47:42,678 - INFO - main-only.py:450 - _download_images_sync - 图片已保存: C:/Users/Ryimi/Downloads/bilibili\手动用户\draw-1101944065368260617\手动用户_1101944065368260617_1.jpg
2025-08-24 21:47:43,073 - INFO - main-only.py:450 - _download_images_sync - 图片已保存: C:/Users/Ryimi/Downloads/bilibili\手动用户\draw-1101944065368260617\手动用户_1101944065368260617_2.jpg
2025-08-24 21:47:43,708 - INFO - main-only.py:450 - _download_images_sync - 图片已保存: C:/Users/Ryimi/Downloads/bilibili\手动用户\draw-1101944065368260617\手动用户_1101944065368260617_3.jpg
2025-08-24 21:47:44,163 - INFO - main-only.py:450 - _download_images_sync - 图片已保存: C:/Users/Ryimi/Downloads/bilibili\手动用户\draw-1101944065368260617\手动用户_1101944065368260617_4.jpg
2025-08-24 21:47:44,729 - INFO - main-only.py:450 - _download_images_sync - 图片已保存: C:/Users/Ryimi/Downloads/bilibili\手动用户\draw-1101944065368260617\手动用户_1101944065368260617_5.jpg
2025-08-24 21:47:45,108 - INFO - main-only.py:450 - _download_images_sync - 图片已保存: C:/Users/Ryimi/Downloads/bilibili\手动用户\draw-1101944065368260617\手动用户_1101944065368260617_6.jpg
2025-08-24 21:47:45,108 - INFO - main-only.py:581 - process_user - 处理动态: 用户=手动用户, ID=1101944065368260617, 类型=图文, 下载=成功
2025-08-24 21:47:45,108 - INFO - main-only.py:581 - process_user - 处理动态: 用户=手动用户, ID=1101943940793237510, 类型=视频, 下载=失败
2025-08-24 21:47:46,623 - INFO - main-only.py:450 - _download_images_sync - 图片已保存: C:/Users/Ryimi/Downloads/bilibili\手动用户\draw-1101934487605870599\手动用户_1101934487605870599_1.jpg
2025-08-24 21:47:47,118 - INFO - main-only.py:450 - _download_images_sync - 图片已保存: C:/Users/Ryimi/Downloads/bilibili\手动用户\draw-1101934487605870599\手动用户_1101934487605870599_2.png
2025-08-24 21:47:47,885 - INFO - main-only.py:450 - _download_images_sync - 图片已保存: C:/Users/Ryimi/Downloads/bilibili\手动用户\draw-1101934487605870599\手动用户_1101934487605870599_3.jpg
2025-08-24 21:47:48,007 - INFO - main-only.py:450 - _download_images_sync - 图片已保存: C:/Users/Ryimi/Downloads/bilibili\手动用户\draw-1101934487605870599\手动用户_1101934487605870599_4.jpg
2025-08-24 21:47:48,500 - INFO - main-only.py:450 - _download_images_sync - 图片已保存: C:/Users/Ryimi/Downloads/bilibili\手动用户\draw-1101934487605870599\手动用户_1101934487605870599_5.jpg
2025-08-24 21:47:48,500 - INFO - main-only.py:581 - process_user - 处理动态: 用户=手动用户, ID=1101934487605870599, 类型=图文, 下载=成功
2025-08-24 21:47:48,500 - INFO - main-only.py:581 - process_user - 处理动态: 用户=手动用户, ID=1101906553085100103, 类型=视频, 下载=失败
2025-08-24 21:47:48,500 - INFO - main-only.py:581 - process_user - 处理动态: 用户=手动用户, ID=1101523931652685863, 类型=视频, 下载=失败
2025-08-24 21:47:48,501 - INFO - main-only.py:581 - process_user - 处理动态: 用户=手动用户, ID=1101164451461070864, 类型=视频, 下载=失败
2025-08-24 21:47:48,501 - INFO - main-only.py:581 - process_user - 处理动态: 用户=手动用户, ID=1101152807840383010, 类型=视频, 下载=失败
2025-08-24 21:47:50,660 - INFO - main-only.py:450 - _download_images_sync - 图片已保存: C:/Users/Ryimi/Downloads/bilibili\手动用户\draw-1101044999834828805\手动用户_1101044999834828805_1.jpg
2025-08-24 21:47:50,661 - INFO - main-only.py:581 - process_user - 处理动态: 用户=手动用户, ID=1101044999834828805, 类型=图文, 下载=成功
2025-08-24 21:47:50,661 - INFO - main-only.py:581 - process_user - 处理动态: 用户=手动用户, ID=1100830204221194288, 类型=视频, 下载=失败
2025-08-24 21:47:50,661 - INFO - main-only.py:581 - process_user - 处理动态: 用户=手动用户, ID=1100785755639250949, 类型=视频, 下载=失败
2025-08-24 21:47:50,662 - INFO - main-only.py:581 - process_user - 处理动态: 用户=手动用户, ID=1100785652530675767, 类型=视频, 下载=失败
2025-08-24 21:47:50,662 - INFO - main-only.py:581 - process_user - 处理动态: 用户=手动用户, ID=1099064981292318724, 类型=视频, 下载=失败
2025-08-24 21:47:50,662 - INFO - main-only.py:581 - process_user - 处理动态: 用户=手动用户, ID=1098930342625017905, 类型=视频, 下载=失败
2025-08-24 21:47:50,662 - INFO - main-only.py:581 - process_user - 处理动态: 用户=手动用户, ID=1097861600171261953, 类型=视频, 下载=失败
2025-08-24 21:47:50,663 - INFO - main-only.py:581 - process_user - 处理动态: 用户=手动用户, ID=1097813191580188675, 类型=视频, 下载=失败
2025-08-24 21:47:50,663 - INFO - main-only.py:581 - process_user - 处理动态: 用户=手动用户, ID=1097468756678934529, 类型=视频, 下载=失败
2025-08-24 21:47:50,663 - INFO - main-only.py:581 - process_user - 处理动态: 用户=手动用户, ID=1097459823132278804, 类型=视频, 下载=失败
2025-08-24 21:47:50,683 - INFO - main-only.py:581 - process_user - 处理动态: 用户=手动用户, ID=1096825078498197524, 类型=视频, 下载=失败
2025-08-24 21:47:50,683 - INFO - main-only.py:581 - process_user - 处理动态: 用户=手动用户, ID=1096816875107516423, 类型=视频, 下载=失败
2025-08-24 21:47:50,684 - INFO - main-only.py:581 - process_user - 处理动态: 用户=手动用户, ID=1096332523092312083, 类型=视频, 下载=失败
2025-08-24 21:47:50,685 - INFO - main-only.py:581 - process_user - 处理动态: 用户=手动用户, ID=1096017933891534854, 类型=视频, 下载=失败
2025-08-24 21:47:52,712 - INFO - main-only.py:450 - _download_images_sync - 图片已保存: C:/Users/Ryimi/Downloads/bilibili\手动用户\draw-1095754875774435335\手动用户_1095754875774435335_1.jpg
2025-08-24 21:47:52,713 - INFO - main-only.py:581 - process_user - 处理动态: 用户=手动用户, ID=1095754875774435335, 类型=图文, 下载=成功
2025-08-24 21:47:52,713 - INFO - main-only.py:581 - process_user - 处理动态: 用户=手动用户, ID=1095711964718432280, 类型=视频, 下载=失败
2025-08-24 21:47:52,713 - INFO - main-only.py:581 - process_user - 处理动态: 用户=手动用户, ID=1095610461773103107, 类型=视频, 下载=失败
2025-08-24 21:47:52,714 - INFO - main-only.py:581 - process_user - 处理动态: 用户=手动用户, ID=1095586624720338976, 类型=视频, 下载=失败
2025-08-24 21:47:52,714 - INFO - main-only.py:581 - process_user - 处理动态: 用户=手动用户, ID=1095367697351311369, 类型=视频, 下载=失败
2025-08-24 21:47:52,714 - INFO - main-only.py:581 - process_user - 处理动态: 用户=手动用户, ID=1095237838978416704, 类型=视频, 下载=失败
2025-08-24 21:47:59,134 - INFO - main-only.py:450 - _download_images_sync - 图片已保存: C:/Users/Ryimi/Downloads/bilibili\手动用户\draw-1095098183824965651\手动用户_1095098183824965651_1.jpg
2025-08-24 21:47:59,873 - INFO - main-only.py:450 - _download_images_sync - 图片已保存: C:/Users/Ryimi/Downloads/bilibili\手动用户\draw-1095098183824965651\手动用户_1095098183824965651_2.jpg
2025-08-24 21:48:00,020 - INFO - main-only.py:450 - _download_images_sync - 图片已保存: C:/Users/Ryimi/Downloads/bilibili\手动用户\draw-1095098183824965651\手动用户_1095098183824965651_3.png
2025-08-24 21:48:02,617 - INFO - main-only.py:450 - _download_images_sync - 图片已保存: C:/Users/Ryimi/Downloads/bilibili\手动用户\draw-1095098183824965651\手动用户_1095098183824965651_4.png
2025-08-24 21:48:04,015 - INFO - main-only.py:450 - _download_images_sync - 图片已保存: C:/Users/Ryimi/Downloads/bilibili\手动用户\draw-1095098183824965651\手动用户_1095098183824965651_5.jpg
2025-08-24 21:48:04,254 - INFO - main-only.py:450 - _download_images_sync - 图片已保存: C:/Users/Ryimi/Downloads/bilibili\手动用户\draw-1095098183824965651\手动用户_1095098183824965651_6.png
2025-08-24 21:48:04,469 - INFO - main-only.py:450 - _download_images_sync - 图片已保存: C:/Users/Ryimi/Downloads/bilibili\手动用户\draw-1095098183824965651\手动用户_1095098183824965651_7.jpg
2025-08-24 21:48:04,600 - INFO - main-only.py:450 - _download_images_sync - 图片已保存: C:/Users/Ryimi/Downloads/bilibili\手动用户\draw-1095098183824965651\手动用户_1095098183824965651_8.jpg
2025-08-24 21:48:05,020 - INFO - main-only.py:450 - _download_images_sync - 图片已保存: C:/Users/Ryimi/Downloads/bilibili\手动用户\draw-1095098183824965651\手动用户_1095098183824965651_9.jpg
2025-08-24 21:48:08,916 - INFO - main-only.py:450 - _download_images_sync - 图片已保存: C:/Users/Ryimi/Downloads/bilibili\手动用户\draw-1095098183824965651\手动用户_1095098183824965651_10.jpg
2025-08-24 21:48:10,102 - INFO - main-only.py:450 - _download_images_sync - 图片已保存: C:/Users/Ryimi/Downloads/bilibili\手动用户\draw-1095098183824965651\手动用户_1095098183824965651_11.png
2025-08-24 21:48:10,809 - INFO - main-only.py:450 - _download_images_sync - 图片已保存: C:/Users/Ryimi/Downloads/bilibili\手动用户\draw-1095098183824965651\手动用户_1095098183824965651_12.jpg
2025-08-24 21:48:12,457 - INFO - main-only.py:450 - _download_images_sync - 图片已保存: C:/Users/Ryimi/Downloads/bilibili\手动用户\draw-1095098183824965651\手动用户_1095098183824965651_13.png
2025-08-24 21:48:13,052 - INFO - main-only.py:450 - _download_images_sync - 图片已保存: C:/Users/Ryimi/Downloads/bilibili\手动用户\draw-1095098183824965651\手动用户_1095098183824965651_14.jpg
2025-08-24 21:48:13,722 - INFO - main-only.py:450 - _download_images_sync - 图片已保存: C:/Users/Ryimi/Downloads/bilibili\手动用户\draw-1095098183824965651\手动用户_1095098183824965651_15.jpg
2025-08-24 21:48:13,723 - INFO - main-only.py:581 - process_user - 处理动态: 用户=手动用户, ID=1095098183824965651, 类型=图文, 下载=成功
2025-08-24 21:48:13,723 - INFO - main-only.py:581 - process_user - 处理动态: 用户=手动用户, ID=1095085934605500466, 类型=视频, 下载=失败
2025-08-24 21:48:13,723 - INFO - main-only.py:581 - process_user - 处理动态: 用户=手动用户, ID=1094848186656227329, 类型=视频, 下载=失败
2025-08-24 21:48:13,723 - INFO - main-only.py:581 - process_user - 处理动态: 用户=手动用户, ID=1094239679989940272, 类型=视频, 下载=失败
2025-08-24 21:48:13,724 - INFO - main-only.py:581 - process_user - 处理动态: 用户=手动用户, ID=1093584843521916951, 类型=视频, 下载=失败
2025-08-24 21:48:13,724 - INFO - main-only.py:581 - process_user - 处理动态: 用户=手动用户, ID=1093479951832711193, 类型=视频, 下载=失败
2025-08-24 21:48:13,724 - INFO - main-only.py:581 - process_user - 处理动态: 用户=手动用户, ID=1093416132932534279, 类型=视频, 下载=失败
2025-08-24 21:48:13,724 - INFO - main-only.py:581 - process_user - 处理动态: 用户=手动用户, ID=1091549956712431617, 类型=视频, 下载=失败
2025-08-24 21:48:13,725 - INFO - main-only.py:581 - process_user - 处理动态: 用户=手动用户, ID=1091267635624017923, 类型=视频, 下载=失败
2025-08-24 21:48:15,711 - INFO - main-only.py:450 - _download_images_sync - 图片已保存: C:/Users/Ryimi/Downloads/bilibili\手动用户\draw-1091204963494789145\手动用户_1091204963494789145_1.jpg
2025-08-24 21:48:15,711 - INFO - main-only.py:581 - process_user - 处理动态: 用户=手动用户, ID=1091204963494789145, 类型=图文, 下载=成功
2025-08-24 21:48:15,712 - INFO - main-only.py:581 - process_user - 处理动态: 用户=手动用户, ID=1091137489565908995, 类型=视频, 下载=失败
2025-08-24 21:48:15,712 - INFO - main-only.py:581 - process_user - 处理动态: 用户=手动用户, ID=1090766271246499843, 类型=视频, 下载=失败
2025-08-24 21:48:15,713 - INFO - main-only.py:581 - process_user - 处理动态: 用户=手动用户, ID=1090016430056800263, 类型=视频, 下载=失败
2025-08-24 21:48:15,713 - INFO - main-only.py:581 - process_user - 处理动态: 用户=手动用户, ID=1089645452254511142, 类型=视频, 下载=失败
2025-08-24 21:48:15,713 - INFO - main-only.py:581 - process_user - 处理动态: 用户=手动用户, ID=1089326602461904896, 类型=视频, 下载=失败
2025-08-24 21:48:15,713 - INFO - main-only.py:581 - process_user - 处理动态: 用户=手动用户, ID=1089065034704748548, 类型=视频, 下载=失败
2025-08-24 21:48:15,713 - INFO - main-only.py:581 - process_user - 处理动态: 用户=手动用户, ID=1088910802401886278, 类型=视频, 下载=失败
2025-08-24 21:48:15,713 - INFO - main-only.py:581 - process_user - 处理动态: 用户=手动用户, ID=1088789628495855633, 类型=视频, 下载=失败
2025-08-24 21:48:15,714 - INFO - main-only.py:581 - process_user - 处理动态: 用户=手动用户, ID=1088567273748168711, 类型=视频, 下载=失败
2025-08-24 21:48:15,714 - INFO - main-only.py:581 - process_user - 处理动态: 用户=手动用户, ID=1088389444894982167, 类型=视频, 下载=失败
2025-08-24 21:48:15,715 - INFO - main-only.py:581 - process_user - 处理动态: 用户=手动用户, ID=1088160961273004037, 类型=视频, 下载=失败
2025-08-24 21:48:15,715 - INFO - main-only.py:581 - process_user - 处理动态: 用户=手动用户, ID=1087917956273274918, 类型=视频, 下载=失败
2025-08-24 21:48:15,715 - INFO - main-only.py:581 - process_user - 处理动态: 用户=手动用户, ID=1087789846033858614, 类型=视频, 下载=失败
2025-08-24 21:48:15,715 - INFO - main-only.py:581 - process_user - 处理动态: 用户=手动用户, ID=1087462427798274056, 类型=视频, 下载=失败
2025-08-24 21:48:15,715 - INFO - main-only.py:581 - process_user - 处理动态: 用户=手动用户, ID=1087418790916915235, 类型=视频, 下载=失败
2025-08-24 21:48:15,716 - INFO - main-only.py:581 - process_user - 处理动态: 用户=手动用户, ID=1087298969924534280, 类型=视频, 下载=失败
2025-08-24 21:48:15,716 - INFO - main-only.py:581 - process_user - 处理动态: 用户=手动用户, ID=1087063227765882889, 类型=视频, 下载=失败
2025-08-24 21:48:15,716 - INFO - main-only.py:581 - process_user - 处理动态: 用户=手动用户, ID=1087063180522291235, 类型=视频, 下载=失败
2025-08-24 21:48:15,716 - INFO - main-only.py:581 - process_user - 处理动态: 用户=手动用户, ID=1086850957585678401, 类型=视频, 下载=失败
2025-08-24 21:48:15,716 - INFO - main-only.py:581 - process_user - 处理动态: 用户=手动用户, ID=1086755072432406547, 类型=视频, 下载=失败
2025-08-24 21:48:15,717 - INFO - main-only.py:581 - process_user - 处理动态: 用户=手动用户, ID=1086305689994788864, 类型=视频, 下载=失败
2025-08-24 21:48:15,717 - INFO - main-only.py:581 - process_user - 处理动态: 用户=手动用户, ID=1085934604843483144, 类型=视频, 下载=失败
2025-08-24 21:48:15,717 - INFO - main-only.py:581 - process_user - 处理动态: 用户=手动用户, ID=1084836789711011845, 类型=视频, 下载=失败
2025-08-24 21:48:15,717 - INFO - main-only.py:581 - process_user - 处理动态: 用户=手动用户, ID=1084589369528942611, 类型=视频, 下载=失败
2025-08-24 21:48:15,717 - INFO - main-only.py:581 - process_user - 处理动态: 用户=手动用户, ID=1084530073210454019, 类型=视频, 下载=失败
2025-08-24 21:48:15,718 - INFO - main-only.py:581 - process_user - 处理动态: 用户=手动用户, ID=1084457810389893143, 类型=视频, 下载=失败
2025-08-24 21:48:15,718 - INFO - main-only.py:581 - process_user - 处理动态: 用户=手动用户, ID=1083588053708046345, 类型=视频, 下载=失败
2025-08-24 21:48:15,718 - INFO - main-only.py:581 - process_user - 处理动态: 用户=手动用户, ID=1082973641473261586, 类型=视频, 下载=失败
2025-08-24 21:48:15,718 - INFO - main-only.py:581 - process_user - 处理动态: 用户=手动用户, ID=1082602380231442439, 类型=视频, 下载=失败
2025-08-24 21:48:15,718 - INFO - main-only.py:581 - process_user - 处理动态: 用户=手动用户, ID=1082602375924940807, 类型=视频, 下载=失败
2025-08-24 21:48:15,718 - INFO - main-only.py:581 - process_user - 处理动态: 用户=手动用户, ID=1082325311888031746, 类型=视频, 下载=失败
2025-08-24 21:48:15,719 - INFO - main-only.py:581 - process_user - 处理动态: 用户=手动用户, ID=1082239030263808054, 类型=视频, 下载=失败
2025-08-24 21:48:15,719 - INFO - main-only.py:581 - process_user - 处理动态: 用户=手动用户, ID=1080754874278215682, 类型=视频, 下载=失败
2025-08-24 21:48:15,719 - INFO - main-only.py:581 - process_user - 处理动态: 用户=手动用户, ID=1080754749692706821, 类型=视频, 下载=失败
2025-08-24 21:48:15,721 - INFO - main-only.py:581 - process_user - 处理动态: 用户=手动用户, ID=1080383647359434772, 类型=视频, 下载=失败
2025-08-24 21:48:15,721 - INFO - main-only.py:581 - process_user - 处理动态: 用户=手动用户, ID=1080219588209147927, 类型=视频, 下载=失败
2025-08-24 21:48:15,721 - INFO - main-only.py:581 - process_user - 处理动态: 用户=手动用户, ID=1080004994471559173, 类型=视频, 下载=失败
2025-08-24 21:48:15,722 - INFO - main-only.py:581 - process_user - 处理动态: 用户=手动用户, ID=1079692780405522448, 类型=视频, 下载=失败
2025-08-24 21:48:15,722 - INFO - main-only.py:581 - process_user - 处理动态: 用户=手动用户, ID=1079049716439711783, 类型=视频, 下载=失败
2025-08-24 21:48:15,722 - INFO - main-only.py:581 - process_user - 处理动态: 用户=手动用户, ID=1078672167336411174, 类型=视频, 下载=失败
2025-08-24 21:48:15,722 - INFO - main-only.py:581 - process_user - 处理动态: 用户=手动用户, ID=1078382308583538688, 类型=视频, 下载=失败
2025-08-24 21:48:15,723 - INFO - main-only.py:581 - process_user - 处理动态: 用户=手动用户, ID=1078205102533115910, 类型=视频, 下载=失败
2025-08-24 21:48:15,723 - INFO - main-only.py:581 - process_user - 处理动态: 用户=手动用户, ID=1078141829072814096, 类型=视频, 下载=失败
2025-08-24 21:48:15,723 - INFO - main-only.py:581 - process_user - 处理动态: 用户=手动用户, ID=1077786016761249797, 类型=视频, 下载=失败
2025-08-24 21:48:15,723 - INFO - main-only.py:581 - process_user - 处理动态: 用户=手动用户, ID=1077786008157683784, 类型=视频, 下载=失败
2025-08-24 21:48:15,723 - INFO - main-only.py:581 - process_user - 处理动态: 用户=手动用户, ID=1077407393954922496, 类型=视频, 下载=失败
2025-08-24 21:48:15,724 - INFO - main-only.py:581 - process_user - 处理动态: 用户=手动用户, ID=1077407196358115337, 类型=视频, 下载=失败
2025-08-24 21:48:15,724 - INFO - main-only.py:581 - process_user - 处理动态: 用户=手动用户, ID=1077049313902723074, 类型=视频, 下载=失败
2025-08-24 21:48:15,725 - INFO - main-only.py:581 - process_user - 处理动态: 用户=手动用户, ID=1077028586423058439, 类型=视频, 下载=失败
2025-08-24 21:48:15,725 - INFO - main-only.py:581 - process_user - 处理动态: 用户=手动用户, ID=1077028453265440772, 类型=视频, 下载=失败
2025-08-24 21:48:15,725 - INFO - main-only.py:581 - process_user - 处理动态: 用户=手动用户, ID=1076672769864761364, 类型=视频, 下载=失败
2025-08-24 21:48:15,726 - INFO - main-only.py:581 - process_user - 处理动态: 用户=手动用户, ID=1076475398908280854, 类型=视频, 下载=失败
2025-08-24 21:48:15,726 - INFO - main-only.py:581 - process_user - 处理动态: 用户=手动用户, ID=1076301869364543488, 类型=视频, 下载=失败
2025-08-24 21:48:15,726 - INFO - main-only.py:581 - process_user - 处理动态: 用户=手动用户, ID=1076301847889707009, 类型=视频, 下载=失败
2025-08-24 21:48:15,726 - INFO - main-only.py:581 - process_user - 处理动态: 用户=手动用户, ID=1075946069956755461, 类型=视频, 下载=失败
2025-08-24 21:48:15,726 - INFO - main-only.py:581 - process_user - 处理动态: 用户=手动用户, ID=1075594561238073353, 类型=视频, 下载=失败
2025-08-24 21:48:15,726 - INFO - main-only.py:581 - process_user - 处理动态: 用户=手动用户, ID=1075594041558564897, 类型=视频, 下载=失败
2025-08-24 21:48:15,727 - INFO - main-only.py:581 - process_user - 处理动态: 用户=手动用户, ID=1075220697257607239, 类型=视频, 下载=失败
2025-08-24 21:48:15,727 - INFO - main-only.py:581 - process_user - 处理动态: 用户=手动用户, ID=1075180745469722624, 类型=视频, 下载=失败
2025-08-24 21:48:15,727 - INFO - main-only.py:581 - process_user - 处理动态: 用户=手动用户, ID=1074809789105569792, 类型=视频, 下载=失败
2025-08-24 21:48:15,727 - INFO - main-only.py:581 - process_user - 处理动态: 用户=手动用户, ID=1074802002359222293, 类型=视频, 下载=失败
2025-08-24 21:48:15,727 - INFO - main-only.py:581 - process_user - 处理动态: 用户=手动用户, ID=1074438476327288864, 类型=视频, 下载=失败
2025-08-24 21:48:15,728 - INFO - main-only.py:581 - process_user - 处理动态: 用户=手动用户, ID=1074067631634382855, 类型=视频, 下载=失败
2025-08-24 21:48:15,728 - INFO - main-only.py:581 - process_user - 处理动态: 用户=手动用户, ID=1074067472746807298, 类型=视频, 下载=失败
2025-08-24 21:48:15,728 - INFO - main-only.py:581 - process_user - 处理动态: 用户=手动用户, ID=1073696353239957505, 类型=视频, 下载=失败
2025-08-24 21:48:15,728 - INFO - main-only.py:581 - process_user - 处理动态: 用户=手动用户, ID=1073696314574766080, 类型=视频, 下载=失败
2025-08-24 21:48:15,728 - INFO - main-only.py:581 - process_user - 处理动态: 用户=手动用户, ID=1073383335983579158, 类型=视频, 下载=失败
2025-08-24 21:48:15,729 - INFO - main-only.py:581 - process_user - 处理动态: 用户=手动用户, ID=1073333020427026466, 类型=视频, 下载=失败
2025-08-24 21:48:15,729 - INFO - main-only.py:581 - process_user - 处理动态: 用户=手动用户, ID=1072998274981429297, 类型=视频, 下载=失败
2025-08-24 21:48:15,729 - INFO - main-only.py:581 - process_user - 处理动态: 用户=手动用户, ID=1072977431497801752, 类型=视频, 下载=失败
2025-08-24 21:48:15,729 - INFO - main-only.py:581 - process_user - 处理动态: 用户=手动用户, ID=1072977367119429718, 类型=视频, 下载=失败
2025-08-24 21:48:15,729 - INFO - main-only.py:581 - process_user - 处理动态: 用户=手动用户, ID=1072606410794074152, 类型=视频, 下载=失败
2025-08-24 21:48:15,731 - INFO - main-only.py:581 - process_user - 处理动态: 用户=手动用户, ID=1072606269059104771, 类型=视频, 下载=失败
2025-08-24 21:48:15,731 - INFO - main-only.py:581 - process_user - 处理动态: 用户=手动用户, ID=1072235218242371604, 类型=视频, 下载=失败
2025-08-24 21:48:15,731 - INFO - main-only.py:581 - process_user - 处理动态: 用户=手动用户, ID=1072235218202525698, 类型=视频, 下载=失败
2025-08-24 21:48:15,731 - INFO - main-only.py:581 - process_user - 处理动态: 用户=手动用户, ID=1072235188176551952, 类型=视频, 下载=失败
2025-08-24 21:48:15,731 - INFO - main-only.py:581 - process_user - 处理动态: 用户=手动用户, ID=1071891973040766979, 类型=转发, 下载=失败
2025-08-24 21:48:15,732 - INFO - main-only.py:581 - process_user - 处理动态: 用户=手动用户, ID=1071864201773842451, 类型=视频, 下载=失败
2025-08-24 21:48:15,732 - INFO - main-only.py:581 - process_user - 处理动态: 用户=手动用户, ID=1071494495298650113, 类型=视频, 下载=失败
2025-08-24 21:48:15,732 - INFO - main-only.py:581 - process_user - 处理动态: 用户=手动用户, ID=1071493189587697671, 类型=视频, 下载=失败
2025-08-24 21:48:15,732 - INFO - main-only.py:581 - process_user - 处理动态: 用户=手动用户, ID=1071137901299892230, 类型=视频, 下载=失败
2025-08-24 21:48:15,733 - INFO - main-only.py:581 - process_user - 处理动态: 用户=手动用户, ID=1071137407400673348, 类型=视频, 下载=失败
2025-08-24 21:48:15,733 - INFO - main-only.py:581 - process_user - 处理动态: 用户=手动用户, ID=1071132438151823397, 类型=视频, 下载=失败
2025-08-24 21:48:15,733 - INFO - main-only.py:581 - process_user - 处理动态: 用户=手动用户, ID=1071131085194133508, 类型=视频, 下载=失败
2025-08-24 21:48:15,734 - INFO - main-only.py:581 - process_user - 处理动态: 用户=手动用户, ID=1071129693667721220, 类型=视频, 下载=失败
2025-08-24 21:48:16,899 - INFO - main-only.py:450 - _download_images_sync - 图片已保存: C:/Users/Ryimi/Downloads/bilibili\手动用户\draw-1070607322526515207\手动用户_1070607322526515207_1.jpg
2025-08-24 21:48:17,120 - INFO - main-only.py:450 - _download_images_sync - 图片已保存: C:/Users/Ryimi/Downloads/bilibili\手动用户\draw-1070607322526515207\手动用户_1070607322526515207_2.jpg
2025-08-24 21:48:17,253 - INFO - main-only.py:450 - _download_images_sync - 图片已保存: C:/Users/Ryimi/Downloads/bilibili\手动用户\draw-1070607322526515207\手动用户_1070607322526515207_3.jpg
2025-08-24 21:48:17,924 - INFO - main-only.py:450 - _download_images_sync - 图片已保存: C:/Users/Ryimi/Downloads/bilibili\手动用户\draw-1070607322526515207\手动用户_1070607322526515207_4.jpg
2025-08-24 21:48:22,331 - INFO - main-only.py:450 - _download_images_sync - 图片已保存: C:/Users/Ryimi/Downloads/bilibili\手动用户\draw-1070607322526515207\手动用户_1070607322526515207_5.jpg
2025-08-24 21:48:23,306 - INFO - main-only.py:450 - _download_images_sync - 图片已保存: C:/Users/Ryimi/Downloads/bilibili\手动用户\draw-1070607322526515207\手动用户_1070607322526515207_6.jpg
2025-08-24 21:48:23,784 - INFO - main-only.py:450 - _download_images_sync - 图片已保存: C:/Users/Ryimi/Downloads/bilibili\手动用户\draw-1070607322526515207\手动用户_1070607322526515207_7.jpg
2025-08-24 21:48:29,447 - INFO - main-only.py:450 - _download_images_sync - 图片已保存: C:/Users/Ryimi/Downloads/bilibili\手动用户\draw-1070607322526515207\手动用户_1070607322526515207_8.jpg
2025-08-24 21:48:29,586 - INFO - main-only.py:450 - _download_images_sync - 图片已保存: C:/Users/Ryimi/Downloads/bilibili\手动用户\draw-1070607322526515207\手动用户_1070607322526515207_9.webp
2025-08-24 21:48:30,085 - INFO - main-only.py:450 - _download_images_sync - 图片已保存: C:/Users/Ryimi/Downloads/bilibili\手动用户\draw-1070607322526515207\手动用户_1070607322526515207_10.jpg
2025-08-24 21:48:30,889 - INFO - main-only.py:450 - _download_images_sync - 图片已保存: C:/Users/Ryimi/Downloads/bilibili\手动用户\draw-1070607322526515207\手动用户_1070607322526515207_11.jpg
2025-08-24 21:48:37,284 - INFO - main-only.py:450 - _download_images_sync - 图片已保存: C:/Users/Ryimi/Downloads/bilibili\手动用户\draw-1070607322526515207\手动用户_1070607322526515207_12.jpg
2025-08-24 21:48:37,285 - INFO - main-only.py:581 - process_user - 处理动态: 用户=手动用户, ID=1070607322526515207, 类型=图文, 下载=成功
2025-08-24 21:48:37,285 - INFO - main-only.py:581 - process_user - 处理动态: 用户=手动用户, ID=1070605780662616097, 类型=视频, 下载=失败
2025-08-24 21:48:39,504 - INFO - main-only.py:450 - _download_images_sync - 图片已保存: C:/Users/Ryimi/Downloads/bilibili\手动用户\draw-1070220178470469653\手动用户_1070220178470469653_1.jpg
2025-08-24 21:48:40,368 - INFO - main-only.py:450 - _download_images_sync - 图片已保存: C:/Users/Ryimi/Downloads/bilibili\手动用户\draw-1070220178470469653\手动用户_1070220178470469653_2.png
2025-08-24 21:48:41,035 - INFO - main-only.py:450 - _download_images_sync - 图片已保存: C:/Users/Ryimi/Downloads/bilibili\手动用户\draw-1070220178470469653\手动用户_1070220178470469653_3.png
2025-08-24 21:48:41,178 - INFO - main-only.py:450 - _download_images_sync - 图片已保存: C:/Users/Ryimi/Downloads/bilibili\手动用户\draw-1070220178470469653\手动用户_1070220178470469653_4.png
2025-08-24 21:48:44,357 - INFO - main-only.py:450 - _download_images_sync - 图片已保存: C:/Users/Ryimi/Downloads/bilibili\手动用户\draw-1070220178470469653\手动用户_1070220178470469653_5.jpg
2025-08-24 21:48:45,080 - INFO - main-only.py:450 - _download_images_sync - 图片已保存: C:/Users/Ryimi/Downloads/bilibili\手动用户\draw-1070220178470469653\手动用户_1070220178470469653_6.png
2025-08-24 21:48:48,373 - INFO - main-only.py:450 - _download_images_sync - 图片已保存: C:/Users/Ryimi/Downloads/bilibili\手动用户\draw-1070220178470469653\手动用户_1070220178470469653_7.png
2025-08-24 21:48:49,068 - INFO - main-only.py:450 - _download_images_sync - 图片已保存: C:/Users/Ryimi/Downloads/bilibili\手动用户\draw-1070220178470469653\手动用户_1070220178470469653_8.png
2025-08-24 21:48:49,886 - INFO - main-only.py:450 - _download_images_sync - 图片已保存: C:/Users/Ryimi/Downloads/bilibili\手动用户\draw-1070220178470469653\手动用户_1070220178470469653_9.png
2025-08-24 21:48:49,886 - INFO - main-only.py:581 - process_user - 处理动态: 用户=手动用户, ID=1070220178470469653, 类型=图文, 下载=成功
2025-08-24 21:48:49,886 - INFO - main-only.py:581 - process_user - 处理动态: 用户=手动用户, ID=1070218954428907521, 类型=视频, 下载=失败
2025-08-24 21:48:51,908 - INFO - main-only.py:450 - _download_images_sync - 图片已保存: C:/Users/Ryimi/Downloads/bilibili\手动用户\draw-1070159451957231638\手动用户_1070159451957231638_1.jpg
2025-08-24 21:48:52,196 - INFO - main-only.py:450 - _download_images_sync - 图片已保存: C:/Users/Ryimi/Downloads/bilibili\手动用户\draw-1070159451957231638\手动用户_1070159451957231638_2.jpg
2025-08-24 21:48:52,779 - INFO - main-only.py:450 - _download_images_sync - 图片已保存: C:/Users/Ryimi/Downloads/bilibili\手动用户\draw-1070159451957231638\手动用户_1070159451957231638_3.jpg
2025-08-24 21:49:00,805 - INFO - main-only.py:450 - _download_images_sync - 图片已保存: C:/Users/Ryimi/Downloads/bilibili\手动用户\draw-1070159451957231638\手动用户_1070159451957231638_4.png
2025-08-24 21:49:01,313 - INFO - main-only.py:450 - _download_images_sync - 图片已保存: C:/Users/Ryimi/Downloads/bilibili\手动用户\draw-1070159451957231638\手动用户_1070159451957231638_5.jpg
2025-08-24 21:49:01,881 - INFO - main-only.py:450 - _download_images_sync - 图片已保存: C:/Users/Ryimi/Downloads/bilibili\手动用户\draw-1070159451957231638\手动用户_1070159451957231638_6.png
2025-08-24 21:49:06,459 - INFO - main-only.py:450 - _download_images_sync - 图片已保存: C:/Users/Ryimi/Downloads/bilibili\手动用户\draw-1070159451957231638\手动用户_1070159451957231638_7.png
2025-08-24 21:49:07,089 - INFO - main-only.py:450 - _download_images_sync - 图片已保存: C:/Users/Ryimi/Downloads/bilibili\手动用户\draw-1070159451957231638\手动用户_1070159451957231638_8.jpg
2025-08-24 21:49:07,720 - INFO - main-only.py:450 - _download_images_sync - 图片已保存: C:/Users/Ryimi/Downloads/bilibili\手动用户\draw-1070159451957231638\手动用户_1070159451957231638_9.jpg
2025-08-24 21:49:08,186 - INFO - main-only.py:450 - _download_images_sync - 图片已保存: C:/Users/Ryimi/Downloads/bilibili\手动用户\draw-1070159451957231638\手动用户_1070159451957231638_10.jpg
2025-08-24 21:49:08,186 - INFO - main-only.py:581 - process_user - 处理动态: 用户=手动用户, ID=1070159451957231638, 类型=图文, 下载=成功
2025-08-24 21:49:09,293 - INFO - main-only.py:450 - _download_images_sync - 图片已保存: C:/Users/Ryimi/Downloads/bilibili\手动用户\draw-1069755218183323648\手动用户_1069755218183323648_1.jpg
2025-08-24 21:49:12,928 - INFO - main-only.py:450 - _download_images_sync - 图片已保存: C:/Users/Ryimi/Downloads/bilibili\手动用户\draw-1069755218183323648\手动用户_1069755218183323648_2.png
2025-08-24 21:49:13,059 - INFO - main-only.py:450 - _download_images_sync - 图片已保存: C:/Users/Ryimi/Downloads/bilibili\手动用户\draw-1069755218183323648\手动用户_1069755218183323648_3.webp
2025-08-24 21:49:15,801 - INFO - main-only.py:450 - _download_images_sync - 图片已保存: C:/Users/Ryimi/Downloads/bilibili\手动用户\draw-1069755218183323648\手动用户_1069755218183323648_4.png
2025-08-24 21:49:16,337 - INFO - main-only.py:450 - _download_images_sync - 图片已保存: C:/Users/Ryimi/Downloads/bilibili\手动用户\draw-1069755218183323648\手动用户_1069755218183323648_5.png
2025-08-24 21:49:16,634 - INFO - main-only.py:450 - _download_images_sync - 图片已保存: C:/Users/Ryimi/Downloads/bilibili\手动用户\draw-1069755218183323648\手动用户_1069755218183323648_6.jpg
2025-08-24 21:49:16,634 - INFO - main-only.py:581 - process_user - 处理动态: 用户=手动用户, ID=1069755218183323648, 类型=图文, 下载=成功
2025-08-24 21:49:23,378 - INFO - main-only.py:450 - _download_images_sync - 图片已保存: C:/Users/Ryimi/Downloads/bilibili\手动用户\draw-1069485777739579408\手动用户_1069485777739579408_1.jpg
2025-08-24 21:49:23,589 - INFO - main-only.py:450 - _download_images_sync - 图片已保存: C:/Users/Ryimi/Downloads/bilibili\手动用户\draw-1069485777739579408\手动用户_1069485777739579408_2.jpg
2025-08-24 21:49:24,253 - INFO - main-only.py:450 - _download_images_sync - 图片已保存: C:/Users/Ryimi/Downloads/bilibili\手动用户\draw-1069485777739579408\手动用户_1069485777739579408_3.jpg
2025-08-24 21:49:26,828 - INFO - main-only.py:450 - _download_images_sync - 图片已保存: C:/Users/Ryimi/Downloads/bilibili\手动用户\draw-1069485777739579408\手动用户_1069485777739579408_4.png
2025-08-24 21:49:28,624 - INFO - main-only.py:450 - _download_images_sync - 图片已保存: C:/Users/Ryimi/Downloads/bilibili\手动用户\draw-1069485777739579408\手动用户_1069485777739579408_5.png
2025-08-24 21:49:31,230 - INFO - main-only.py:450 - _download_images_sync - 图片已保存: C:/Users/Ryimi/Downloads/bilibili\手动用户\draw-1069485777739579408\手动用户_1069485777739579408_6.png
2025-08-24 21:49:31,473 - INFO - main-only.py:450 - _download_images_sync - 图片已保存: C:/Users/Ryimi/Downloads/bilibili\手动用户\draw-1069485777739579408\手动用户_1069485777739579408_7.jpg
2025-08-24 21:49:31,716 - INFO - main-only.py:450 - _download_images_sync - 图片已保存: C:/Users/Ryimi/Downloads/bilibili\手动用户\draw-1069485777739579408\手动用户_1069485777739579408_8.jpg
2025-08-24 21:49:34,403 - INFO - main-only.py:450 - _download_images_sync - 图片已保存: C:/Users/Ryimi/Downloads/bilibili\手动用户\draw-1069485777739579408\手动用户_1069485777739579408_9.png
2025-08-24 21:49:34,651 - INFO - main-only.py:450 - _download_images_sync - 图片已保存: C:/Users/Ryimi/Downloads/bilibili\手动用户\draw-1069485777739579408\手动用户_1069485777739579408_10.jpg
2025-08-24 21:49:34,651 - INFO - main-only.py:581 - process_user - 处理动态: 用户=手动用户, ID=1069485777739579408, 类型=图文, 下载=成功
2025-08-24 21:49:37,229 - INFO - main-only.py:450 - _download_images_sync - 图片已保存: C:/Users/Ryimi/Downloads/bilibili\手动用户\draw-1069398280628076553\手动用户_1069398280628076553_1.png
2025-08-24 21:49:37,751 - INFO - main-only.py:450 - _download_images_sync - 图片已保存: C:/Users/Ryimi/Downloads/bilibili\手动用户\draw-1069398280628076553\手动用户_1069398280628076553_2.jpg
2025-08-24 21:49:39,576 - INFO - main-only.py:450 - _download_images_sync - 图片已保存: C:/Users/Ryimi/Downloads/bilibili\手动用户\draw-1069398280628076553\手动用户_1069398280628076553_3.jpg
2025-08-24 21:49:43,188 - INFO - main-only.py:450 - _download_images_sync - 图片已保存: C:/Users/Ryimi/Downloads/bilibili\手动用户\draw-1069398280628076553\手动用户_1069398280628076553_4.png
2025-08-24 21:49:52,279 - INFO - main-only.py:450 - _download_images_sync - 图片已保存: C:/Users/Ryimi/Downloads/bilibili\手动用户\draw-1069398280628076553\手动用户_1069398280628076553_5.png
2025-08-24 21:49:53,115 - INFO - main-only.py:450 - _download_images_sync - 图片已保存: C:/Users/Ryimi/Downloads/bilibili\手动用户\draw-1069398280628076553\手动用户_1069398280628076553_6.png
2025-08-24 21:49:57,676 - INFO - main-only.py:450 - _download_images_sync - 图片已保存: C:/Users/Ryimi/Downloads/bilibili\手动用户\draw-1069398280628076553\手动用户_1069398280628076553_7.png
2025-08-24 21:49:57,861 - INFO - main-only.py:450 - _download_images_sync - 图片已保存: C:/Users/Ryimi/Downloads/bilibili\手动用户\draw-1069398280628076553\手动用户_1069398280628076553_8.jpg
2025-08-24 21:49:57,861 - INFO - main-only.py:581 - process_user - 处理动态: 用户=手动用户, ID=1069398280628076553, 类型=图文, 下载=成功
2025-08-24 21:49:57,862 - INFO - main-only.py:581 - process_user - 处理动态: 用户=手动用户, ID=1069396047285977127, 类型=视频, 下载=失败
2025-08-24 21:50:00,301 - INFO - main-only.py:450 - _download_images_sync - 图片已保存: C:/Users/Ryimi/Downloads/bilibili\手动用户\draw-1069108920135450625\手动用户_1069108920135450625_1.jpg
2025-08-24 21:50:05,115 - INFO - main-only.py:450 - _download_images_sync - 图片已保存: C:/Users/Ryimi/Downloads/bilibili\手动用户\draw-1069108920135450625\手动用户_1069108920135450625_2.png
2025-08-24 21:50:06,669 - INFO - main-only.py:450 - _download_images_sync - 图片已保存: C:/Users/Ryimi/Downloads/bilibili\手动用户\draw-1069108920135450625\手动用户_1069108920135450625_3.jpg
2025-08-24 21:50:06,806 - INFO - main-only.py:450 - _download_images_sync - 图片已保存: C:/Users/Ryimi/Downloads/bilibili\手动用户\draw-1069108920135450625\手动用户_1069108920135450625_4.png
2025-08-24 21:50:09,466 - INFO - main-only.py:450 - _download_images_sync - 图片已保存: C:/Users/Ryimi/Downloads/bilibili\手动用户\draw-1069108920135450625\手动用户_1069108920135450625_5.png
2025-08-24 21:50:10,058 - INFO - main-only.py:450 - _download_images_sync - 图片已保存: C:/Users/Ryimi/Downloads/bilibili\手动用户\draw-1069108920135450625\手动用户_1069108920135450625_6.jpg
2025-08-24 21:50:10,337 - INFO - main-only.py:450 - _download_images_sync - 图片已保存: C:/Users/Ryimi/Downloads/bilibili\手动用户\draw-1069108920135450625\手动用户_1069108920135450625_7.jpg
2025-08-24 21:50:10,337 - INFO - main-only.py:581 - process_user - 处理动态: 用户=手动用户, ID=1069108920135450625, 类型=图文, 下载=成功
2025-08-24 21:50:10,337 - INFO - main-only.py:581 - process_user - 处理动态: 用户=手动用户, ID=1069104513508442121, 类型=视频, 下载=失败
2025-08-24 21:50:12,481 - INFO - main-only.py:450 - _download_images_sync - 图片已保存: C:/Users/Ryimi/Downloads/bilibili\手动用户\draw-1068933792841859081\手动用户_1068933792841859081_1.jpg
2025-08-24 21:50:12,988 - INFO - main-only.py:450 - _download_images_sync - 图片已保存: C:/Users/Ryimi/Downloads/bilibili\手动用户\draw-1068933792841859081\手动用户_1068933792841859081_2.png
2025-08-24 21:50:13,478 - INFO - main-only.py:450 - _download_images_sync - 图片已保存: C:/Users/Ryimi/Downloads/bilibili\手动用户\draw-1068933792841859081\手动用户_1068933792841859081_3.jpg
2025-08-24 21:50:14,453 - INFO - main-only.py:450 - _download_images_sync - 图片已保存: C:/Users/Ryimi/Downloads/bilibili\手动用户\draw-1068933792841859081\手动用户_1068933792841859081_4.jpg
2025-08-24 21:50:14,964 - INFO - main-only.py:450 - _download_images_sync - 图片已保存: C:/Users/Ryimi/Downloads/bilibili\手动用户\draw-1068933792841859081\手动用户_1068933792841859081_5.jpg
2025-08-24 21:50:15,240 - INFO - main-only.py:450 - _download_images_sync - 图片已保存: C:/Users/Ryimi/Downloads/bilibili\手动用户\draw-1068933792841859081\手动用户_1068933792841859081_6.jpg
2025-08-24 21:50:15,457 - INFO - main-only.py:450 - _download_images_sync - 图片已保存: C:/Users/Ryimi/Downloads/bilibili\手动用户\draw-1068933792841859081\手动用户_1068933792841859081_7.jpg
2025-08-24 21:50:16,998 - INFO - main-only.py:450 - _download_images_sync - 图片已保存: C:/Users/Ryimi/Downloads/bilibili\手动用户\draw-1068933792841859081\手动用户_1068933792841859081_8.png
2025-08-24 21:50:17,180 - INFO - main-only.py:450 - _download_images_sync - 图片已保存: C:/Users/Ryimi/Downloads/bilibili\手动用户\draw-1068933792841859081\手动用户_1068933792841859081_9.jpg
2025-08-24 21:50:17,365 - INFO - main-only.py:450 - _download_images_sync - 图片已保存: C:/Users/Ryimi/Downloads/bilibili\手动用户\draw-1068933792841859081\手动用户_1068933792841859081_10.jpg
2025-08-24 21:50:20,451 - INFO - main-only.py:450 - _download_images_sync - 图片已保存: C:/Users/Ryimi/Downloads/bilibili\手动用户\draw-1068933792841859081\手动用户_1068933792841859081_11.jpg
2025-08-24 21:50:20,966 - INFO - main-only.py:450 - _download_images_sync - 图片已保存: C:/Users/Ryimi/Downloads/bilibili\手动用户\draw-1068933792841859081\手动用户_1068933792841859081_12.png
2025-08-24 21:50:22,236 - INFO - main-only.py:450 - _download_images_sync - 图片已保存: C:/Users/Ryimi/Downloads/bilibili\手动用户\draw-1068933792841859081\手动用户_1068933792841859081_13.png
2025-08-24 21:50:23,429 - INFO - main-only.py:450 - _download_images_sync - 图片已保存: C:/Users/Ryimi/Downloads/bilibili\手动用户\draw-1068933792841859081\手动用户_1068933792841859081_14.jpg
2025-08-24 21:50:25,430 - INFO - main-only.py:450 - _download_images_sync - 图片已保存: C:/Users/Ryimi/Downloads/bilibili\手动用户\draw-1068933792841859081\手动用户_1068933792841859081_15.png
2025-08-24 21:50:25,675 - INFO - main-only.py:450 - _download_images_sync - 图片已保存: C:/Users/Ryimi/Downloads/bilibili\手动用户\draw-1068933792841859081\手动用户_1068933792841859081_16.jpg
2025-08-24 21:50:27,698 - INFO - main-only.py:450 - _download_images_sync - 图片已保存: C:/Users/Ryimi/Downloads/bilibili\手动用户\draw-1068933792841859081\手动用户_1068933792841859081_17.png
2025-08-24 21:50:27,699 - INFO - main-only.py:581 - process_user - 处理动态: 用户=手动用户, ID=1068933792841859081, 类型=图文, 下载=成功
2025-08-24 21:50:27,699 - INFO - main-only.py:581 - process_user - 处理动态: 用户=手动用户, ID=1068732981616574472, 类型=视频, 下载=失败
2025-08-24 21:50:27,699 - INFO - main-only.py:581 - process_user - 处理动态: 用户=手动用户, ID=1068561002523525157, 类型=视频, 下载=失败
2025-08-24 21:50:27,699 - INFO - main-only.py:581 - process_user - 处理动态: 用户=手动用户, ID=1067992469131493381, 类型=视频, 下载=失败
2025-08-24 21:50:27,699 - INFO - main-only.py:581 - process_user - 处理动态: 用户=手动用户, ID=1066810562880471062, 类型=视频, 下载=失败
2025-08-24 21:50:27,700 - INFO - main-only.py:581 - process_user - 处理动态: 用户=手动用户, ID=1065797633503657986, 类型=视频, 下载=失败
2025-08-24 21:50:27,700 - INFO - main-only.py:581 - process_user - 处理动态: 用户=手动用户, ID=1065775007581339665, 类型=视频, 下载=失败
2025-08-24 21:50:29,368 - INFO - main-only.py:450 - _download_images_sync - 图片已保存: C:/Users/Ryimi/Downloads/bilibili\手动用户\draw-78649346635717795\手动用户_78649346635717795_1.png
2025-08-24 21:50:29,369 - INFO - main-only.py:581 - process_user - 处理动态: 用户=手动用户, ID=78649346635717795, 类型=图文, 下载=成功
2025-08-24 21:50:38,649 - INFO - main-only.py:492 - save_to_json - 结果已保存到: C:/Users/Ryimi/Downloads/bilibili/results.json
