2025-08-11 15:17:22,832 - INFO - main.py:115 - load_from_csv - 从CSV加载 69 个用户
2025-08-11 15:17:22,833 - INFO - main.py:135 - get_users - 将用户分成 23 组，每组最多 3 人
2025-08-11 15:17:22,833 - INFO - main.py:169 - fetch_user_dynamics - 开始获取用户 七刀米羔se(6874594) 的动态，模式: 增量, 起始时间: 2025-07-01 00:00:00
2025-08-11 15:17:22,833 - INFO - main.py:169 - fetch_user_dynamics - 开始获取用户 阿没MEInoss(11200870) 的动态，模式: 增量, 起始时间: 2100-01-01 00:00:00
2025-08-11 15:17:22,833 - INFO - main.py:169 - fetch_user_dynamics - 开始获取用户 艾洛AIRool(5854700) 的动态，模式: 增量, 起始时间: 2025-07-07 00:00:00
2025-08-11 15:17:25,983 - INFO - _client.py:1740 - _send_single_request - HTTP Request: GET https://api.bilibili.com/x/web-interface/nav "HTTP/1.1 200 OK"
2025-08-11 15:17:26,003 - INFO - _client.py:1740 - _send_single_request - HTTP Request: GET https://api.bilibili.com/x/web-interface/nav "HTTP/1.1 200 OK"
2025-08-11 15:17:26,012 - INFO - _client.py:1740 - _send_single_request - HTTP Request: GET https://api.bilibili.com/x/web-interface/nav "HTTP/1.1 200 OK"
2025-08-11 15:17:26,014 - INFO - _client.py:1740 - _send_single_request - HTTP Request: GET https://api.bilibili.com/x/frontend/finger/spi "HTTP/1.1 200 OK"
2025-08-11 15:17:26,040 - INFO - _client.py:1740 - _send_single_request - HTTP Request: GET https://api.bilibili.com/x/frontend/finger/spi "HTTP/1.1 200 OK"
2025-08-11 15:17:26,057 - INFO - _client.py:1740 - _send_single_request - HTTP Request: GET https://api.bilibili.com/x/frontend/finger/spi "HTTP/1.1 200 OK"
2025-08-11 15:17:26,062 - INFO - _client.py:1740 - _send_single_request - HTTP Request: POST https://api.bilibili.com/x/internal/gaia-gateway/ExClimbWuzhi "HTTP/1.1 200 OK"
2025-08-11 15:17:26,102 - INFO - _client.py:1740 - _send_single_request - HTTP Request: POST https://api.bilibili.com/x/internal/gaia-gateway/ExClimbWuzhi "HTTP/1.1 200 OK"
2025-08-11 15:17:26,127 - INFO - _client.py:1740 - _send_single_request - HTTP Request: POST https://api.bilibili.com/x/internal/gaia-gateway/ExClimbWuzhi "HTTP/1.1 200 OK"
2025-08-11 15:17:26,235 - INFO - _client.py:1740 - _send_single_request - HTTP Request: GET https://api.bilibili.com/x/polymer/web-dynamic/v1/feed/space?host_mid=5854700&offset=&features=itemOpusStyle%2ClistOnlyfans%2CopusBigCover%2ConlyfansVote%2CforwardListHidden%2CdecorationCard%2CcommentsNewVersion%2ConlyfansAssetsV2%2CugcDelete%2ConlyfansQaCard&timezone_offset=-480&x-bili-device-req-json=%7B%22platform%22%3A%22web%22%2C%22device%22%3A%22pc%22%7D&x-bili-web-req-json=%7B%22spm_id%22%3A%22333.1387%22%7D&dm_img_list=%5B%5D&dm_img_str=AF&dm_cover_img_str=ID&dm_img_inter=%7B%22ds%22%3A%5B%5D%2C%22wh%22%3A%5B0%2C0%2C0%5D%2C%22of%22%3A%5B0%2C0%2C0%5D%7D&wts=1754896645&web_location=1550101&w_rid=83ff06b8510ec844b94606fd701dc66a "HTTP/1.1 200 OK"
2025-08-11 15:17:26,239 - INFO - main.py:190 - fetch_user_dynamics - 用户 艾洛AIRool 第 1 页获取到 13 条动态
2025-08-11 15:17:26,239 - INFO - main.py:202 - fetch_user_dynamics - 用户 艾洛AIRool 遇到旧动态(<= 2025-07-07 00:00:00)，停止翻页
2025-08-11 15:17:26,239 - INFO - main.py:229 - fetch_user_dynamics - 用户 艾洛AIRool 共获取到 0 条动态，共翻了 1 页
2025-08-11 15:17:26,256 - INFO - _client.py:1740 - _send_single_request - HTTP Request: GET https://api.bilibili.com/x/polymer/web-dynamic/v1/feed/space?host_mid=11200870&offset=&features=itemOpusStyle%2ClistOnlyfans%2CopusBigCover%2ConlyfansVote%2CforwardListHidden%2CdecorationCard%2CcommentsNewVersion%2ConlyfansAssetsV2%2CugcDelete%2ConlyfansQaCard&timezone_offset=-480&x-bili-device-req-json=%7B%22platform%22%3A%22web%22%2C%22device%22%3A%22pc%22%7D&x-bili-web-req-json=%7B%22spm_id%22%3A%22333.1387%22%7D&dm_img_list=%5B%5D&dm_img_str=IA&dm_cover_img_str=EC&dm_img_inter=%7B%22ds%22%3A%5B%5D%2C%22wh%22%3A%5B0%2C0%2C0%5D%2C%22of%22%3A%5B0%2C0%2C0%5D%7D&wts=1754896646&web_location=1550101&w_rid=9f5886a8e2ce9bcbe8c648f208ad73d5 "HTTP/1.1 200 OK"
2025-08-11 15:17:26,257 - INFO - main.py:190 - fetch_user_dynamics - 用户 阿没MEInoss 第 1 页获取到 12 条动态
2025-08-11 15:17:26,258 - INFO - main.py:202 - fetch_user_dynamics - 用户 阿没MEInoss 遇到旧动态(<= 2100-01-01 00:00:00)，停止翻页
2025-08-11 15:17:26,258 - INFO - main.py:229 - fetch_user_dynamics - 用户 阿没MEInoss 共获取到 0 条动态，共翻了 1 页
2025-08-11 15:17:26,314 - INFO - _client.py:1740 - _send_single_request - HTTP Request: GET https://api.bilibili.com/x/polymer/web-dynamic/v1/feed/space?host_mid=6874594&offset=&features=itemOpusStyle%2ClistOnlyfans%2CopusBigCover%2ConlyfansVote%2CforwardListHidden%2CdecorationCard%2CcommentsNewVersion%2ConlyfansAssetsV2%2CugcDelete%2ConlyfansQaCard&timezone_offset=-480&x-bili-device-req-json=%7B%22platform%22%3A%22web%22%2C%22device%22%3A%22pc%22%7D&x-bili-web-req-json=%7B%22spm_id%22%3A%22333.1387%22%7D&dm_img_list=%5B%5D&dm_img_str=BC&dm_cover_img_str=IK&dm_img_inter=%7B%22ds%22%3A%5B%5D%2C%22wh%22%3A%5B0%2C0%2C0%5D%2C%22of%22%3A%5B0%2C0%2C0%5D%7D&wts=1754896646&web_location=1550101&w_rid=f6f75acfd0c5f8269f7a0859d0af2269 "HTTP/1.1 200 OK"
2025-08-11 15:17:26,316 - INFO - main.py:190 - fetch_user_dynamics - 用户 七刀米羔se 第 1 页获取到 12 条动态
2025-08-11 15:17:26,317 - INFO - main.py:202 - fetch_user_dynamics - 用户 七刀米羔se 遇到旧动态(<= 2025-07-01 00:00:00)，停止翻页
2025-08-11 15:17:26,317 - INFO - main.py:229 - fetch_user_dynamics - 用户 七刀米羔se 共获取到 1 条动态，共翻了 1 页
2025-08-11 15:17:28,379 - INFO - main.py:450 - _download_images_sync - 图片已保存: C:/Users/Ryimi/Downloads/bilibili\七刀米羔se\draw-1097232426085646336\七刀米羔se_1097232426085646336_1.jpg
2025-08-11 15:17:28,381 - INFO - main.py:581 - process_user - 处理动态: 用户=七刀米羔se, ID=1097232426085646336, 类型=图文, 下载=成功
2025-08-11 15:17:34,432 - INFO - main.py:169 - fetch_user_dynamics - 开始获取用户 巴莎卡_R(9125673) 的动态，模式: 增量, 起始时间: 2025-08-04 00:00:00
2025-08-11 15:17:34,432 - INFO - main.py:169 - fetch_user_dynamics - 开始获取用户 北极兽opv(42641) 的动态，模式: 增量, 起始时间: 2025-07-14 00:00:00
2025-08-11 15:17:34,433 - INFO - main.py:169 - fetch_user_dynamics - 开始获取用户 笔刷猎人_Nitooman(3867027) 的动态，模式: 增量, 起始时间: 2025-08-04 00:00:00
2025-08-11 15:17:35,812 - INFO - _client.py:1740 - _send_single_request - HTTP Request: GET https://api.bilibili.com/x/polymer/web-dynamic/v1/feed/space?host_mid=3867027&offset=&features=itemOpusStyle%2ClistOnlyfans%2CopusBigCover%2ConlyfansVote%2CforwardListHidden%2CdecorationCard%2CcommentsNewVersion%2ConlyfansAssetsV2%2CugcDelete%2ConlyfansQaCard&timezone_offset=-480&x-bili-device-req-json=%7B%22platform%22%3A%22web%22%2C%22device%22%3A%22pc%22%7D&x-bili-web-req-json=%7B%22spm_id%22%3A%22333.1387%22%7D&dm_img_list=%5B%5D&dm_img_str=FB&dm_cover_img_str=ID&dm_img_inter=%7B%22ds%22%3A%5B%5D%2C%22wh%22%3A%5B0%2C0%2C0%5D%2C%22of%22%3A%5B0%2C0%2C0%5D%7D&wts=1754896655&web_location=1550101&w_rid=7628d60ddfd8428ee5ff6046ca48f1a5 "HTTP/1.1 200 OK"
2025-08-11 15:17:35,817 - INFO - main.py:190 - fetch_user_dynamics - 用户 笔刷猎人_Nitooman 第 1 页获取到 12 条动态
2025-08-11 15:17:35,817 - INFO - main.py:202 - fetch_user_dynamics - 用户 笔刷猎人_Nitooman 遇到旧动态(<= 2025-08-04 00:00:00)，停止翻页
2025-08-11 15:17:35,817 - INFO - main.py:229 - fetch_user_dynamics - 用户 笔刷猎人_Nitooman 共获取到 1 条动态，共翻了 1 页
2025-08-11 15:17:35,818 - INFO - main.py:581 - process_user - 处理动态: 用户=笔刷猎人_Nitooman, ID=1098012770108964897, 类型=转发, 下载=失败
2025-08-11 15:17:37,045 - INFO - _client.py:1740 - _send_single_request - HTTP Request: GET https://api.bilibili.com/x/polymer/web-dynamic/v1/feed/space?host_mid=9125673&offset=&features=itemOpusStyle%2ClistOnlyfans%2CopusBigCover%2ConlyfansVote%2CforwardListHidden%2CdecorationCard%2CcommentsNewVersion%2ConlyfansAssetsV2%2CugcDelete%2ConlyfansQaCard&timezone_offset=-480&x-bili-device-req-json=%7B%22platform%22%3A%22web%22%2C%22device%22%3A%22pc%22%7D&x-bili-web-req-json=%7B%22spm_id%22%3A%22333.1387%22%7D&dm_img_list=%5B%5D&dm_img_str=HD&dm_cover_img_str=IE&dm_img_inter=%7B%22ds%22%3A%5B%5D%2C%22wh%22%3A%5B0%2C0%2C0%5D%2C%22of%22%3A%5B0%2C0%2C0%5D%7D&wts=1754896656&web_location=1550101&w_rid=7bec7518bec80adf0d5d5fa4746c4d28 "HTTP/1.1 200 OK"
2025-08-11 15:17:37,049 - INFO - main.py:190 - fetch_user_dynamics - 用户 巴莎卡_R 第 1 页获取到 12 条动态
2025-08-11 15:17:37,049 - INFO - main.py:202 - fetch_user_dynamics - 用户 巴莎卡_R 遇到旧动态(<= 2025-08-04 00:00:00)，停止翻页
2025-08-11 15:17:37,049 - INFO - main.py:229 - fetch_user_dynamics - 用户 巴莎卡_R 共获取到 0 条动态，共翻了 1 页
2025-08-11 15:17:37,550 - INFO - _client.py:1740 - _send_single_request - HTTP Request: GET https://api.bilibili.com/x/polymer/web-dynamic/v1/feed/space?host_mid=42641&offset=&features=itemOpusStyle%2ClistOnlyfans%2CopusBigCover%2ConlyfansVote%2CforwardListHidden%2CdecorationCard%2CcommentsNewVersion%2ConlyfansAssetsV2%2CugcDelete%2ConlyfansQaCard&timezone_offset=-480&x-bili-device-req-json=%7B%22platform%22%3A%22web%22%2C%22device%22%3A%22pc%22%7D&x-bili-web-req-json=%7B%22spm_id%22%3A%22333.1387%22%7D&dm_img_list=%5B%5D&dm_img_str=KF&dm_cover_img_str=JG&dm_img_inter=%7B%22ds%22%3A%5B%5D%2C%22wh%22%3A%5B0%2C0%2C0%5D%2C%22of%22%3A%5B0%2C0%2C0%5D%7D&wts=1754896657&web_location=1550101&w_rid=705ed8f80e6995720a369bdb0a846665 "HTTP/1.1 200 OK"
2025-08-11 15:17:37,553 - INFO - main.py:190 - fetch_user_dynamics - 用户 北极兽opv 第 1 页获取到 12 条动态
2025-08-11 15:17:37,553 - INFO - main.py:202 - fetch_user_dynamics - 用户 北极兽opv 遇到旧动态(<= 2025-07-14 00:00:00)，停止翻页
2025-08-11 15:17:37,553 - INFO - main.py:229 - fetch_user_dynamics - 用户 北极兽opv 共获取到 0 条动态，共翻了 1 页
2025-08-11 15:17:47,300 - INFO - main.py:169 - fetch_user_dynamics - 开始获取用户 饼饼冫(3185813) 的动态，模式: 增量, 起始时间: 2025-07-07 00:00:00
2025-08-11 15:17:47,300 - INFO - main.py:169 - fetch_user_dynamics - 开始获取用户 Caaaaarrot(150300) 的动态，模式: 增量, 起始时间: 2100-01-01 00:00:00
2025-08-11 15:17:47,301 - INFO - main.py:169 - fetch_user_dynamics - 开始获取用户 晁晁辣辣鱼(8455439) 的动态，模式: 增量, 起始时间: 2025-08-04 00:00:00
2025-08-11 15:17:48,837 - INFO - _client.py:1740 - _send_single_request - HTTP Request: GET https://api.bilibili.com/x/polymer/web-dynamic/v1/feed/space?host_mid=8455439&offset=&features=itemOpusStyle%2ClistOnlyfans%2CopusBigCover%2ConlyfansVote%2CforwardListHidden%2CdecorationCard%2CcommentsNewVersion%2ConlyfansAssetsV2%2CugcDelete%2ConlyfansQaCard&timezone_offset=-480&x-bili-device-req-json=%7B%22platform%22%3A%22web%22%2C%22device%22%3A%22pc%22%7D&x-bili-web-req-json=%7B%22spm_id%22%3A%22333.1387%22%7D&dm_img_list=%5B%5D&dm_img_str=HB&dm_cover_img_str=DF&dm_img_inter=%7B%22ds%22%3A%5B%5D%2C%22wh%22%3A%5B0%2C0%2C0%5D%2C%22of%22%3A%5B0%2C0%2C0%5D%7D&wts=1754896668&web_location=1550101&w_rid=bf9a99a87d9df8f6b9e8a8d6fd7121d1 "HTTP/1.1 200 OK"
2025-08-11 15:17:48,839 - INFO - main.py:190 - fetch_user_dynamics - 用户 晁晁辣辣鱼 第 1 页获取到 12 条动态
2025-08-11 15:17:48,839 - INFO - main.py:202 - fetch_user_dynamics - 用户 晁晁辣辣鱼 遇到旧动态(<= 2025-08-04 00:00:00)，停止翻页
2025-08-11 15:17:48,840 - INFO - main.py:229 - fetch_user_dynamics - 用户 晁晁辣辣鱼 共获取到 0 条动态，共翻了 1 页
2025-08-11 15:17:49,014 - INFO - _client.py:1740 - _send_single_request - HTTP Request: GET https://api.bilibili.com/x/polymer/web-dynamic/v1/feed/space?host_mid=150300&offset=&features=itemOpusStyle%2ClistOnlyfans%2CopusBigCover%2ConlyfansVote%2CforwardListHidden%2CdecorationCard%2CcommentsNewVersion%2ConlyfansAssetsV2%2CugcDelete%2ConlyfansQaCard&timezone_offset=-480&x-bili-device-req-json=%7B%22platform%22%3A%22web%22%2C%22device%22%3A%22pc%22%7D&x-bili-web-req-json=%7B%22spm_id%22%3A%22333.1387%22%7D&dm_img_list=%5B%5D&dm_img_str=AD&dm_cover_img_str=CG&dm_img_inter=%7B%22ds%22%3A%5B%5D%2C%22wh%22%3A%5B0%2C0%2C0%5D%2C%22of%22%3A%5B0%2C0%2C0%5D%7D&wts=1754896668&web_location=1550101&w_rid=beaf2555e894b4874ba559aea2ac1819 "HTTP/1.1 200 OK"
2025-08-11 15:17:49,022 - INFO - main.py:190 - fetch_user_dynamics - 用户 Caaaaarrot 第 1 页获取到 13 条动态
2025-08-11 15:17:49,022 - INFO - main.py:202 - fetch_user_dynamics - 用户 Caaaaarrot 遇到旧动态(<= 2100-01-01 00:00:00)，停止翻页
2025-08-11 15:17:49,022 - INFO - main.py:229 - fetch_user_dynamics - 用户 Caaaaarrot 共获取到 0 条动态，共翻了 1 页
2025-08-11 15:17:49,955 - INFO - _client.py:1740 - _send_single_request - HTTP Request: GET https://api.bilibili.com/x/polymer/web-dynamic/v1/feed/space?host_mid=3185813&offset=&features=itemOpusStyle%2ClistOnlyfans%2CopusBigCover%2ConlyfansVote%2CforwardListHidden%2CdecorationCard%2CcommentsNewVersion%2ConlyfansAssetsV2%2CugcDelete%2ConlyfansQaCard&timezone_offset=-480&x-bili-device-req-json=%7B%22platform%22%3A%22web%22%2C%22device%22%3A%22pc%22%7D&x-bili-web-req-json=%7B%22spm_id%22%3A%22333.1387%22%7D&dm_img_list=%5B%5D&dm_img_str=HK&dm_cover_img_str=KC&dm_img_inter=%7B%22ds%22%3A%5B%5D%2C%22wh%22%3A%5B0%2C0%2C0%5D%2C%22of%22%3A%5B0%2C0%2C0%5D%7D&wts=1754896669&web_location=1550101&w_rid=287be6d0d9853a527ac58354e1a51215 "HTTP/1.1 200 OK"
2025-08-11 15:17:49,961 - INFO - main.py:190 - fetch_user_dynamics - 用户 饼饼冫 第 1 页获取到 13 条动态
2025-08-11 15:17:49,962 - INFO - main.py:202 - fetch_user_dynamics - 用户 饼饼冫 遇到旧动态(<= 2025-07-07 00:00:00)，停止翻页
2025-08-11 15:17:49,962 - INFO - main.py:229 - fetch_user_dynamics - 用户 饼饼冫 共获取到 0 条动态，共翻了 1 页
2025-08-11 15:17:57,252 - INFO - main.py:169 - fetch_user_dynamics - 开始获取用户 airt尘(400984833) 的动态，模式: 增量, 起始时间: 2025-08-04 00:00:00
2025-08-11 15:17:57,252 - INFO - main.py:169 - fetch_user_dynamics - 开始获取用户 春昼京芒(11354946) 的动态，模式: 增量, 起始时间: 2025-08-04 00:00:00
2025-08-11 15:17:57,252 - INFO - main.py:169 - fetch_user_dynamics - 开始获取用户 岛的鲸乘以鲸白一(1687844) 的动态，模式: 增量, 起始时间: 2025-05-31 00:00:00
2025-08-11 15:17:59,201 - INFO - _client.py:1740 - _send_single_request - HTTP Request: GET https://api.bilibili.com/x/polymer/web-dynamic/v1/feed/space?host_mid=1687844&offset=&features=itemOpusStyle%2ClistOnlyfans%2CopusBigCover%2ConlyfansVote%2CforwardListHidden%2CdecorationCard%2CcommentsNewVersion%2ConlyfansAssetsV2%2CugcDelete%2ConlyfansQaCard&timezone_offset=-480&x-bili-device-req-json=%7B%22platform%22%3A%22web%22%2C%22device%22%3A%22pc%22%7D&x-bili-web-req-json=%7B%22spm_id%22%3A%22333.1387%22%7D&dm_img_list=%5B%5D&dm_img_str=AB&dm_cover_img_str=DI&dm_img_inter=%7B%22ds%22%3A%5B%5D%2C%22wh%22%3A%5B0%2C0%2C0%5D%2C%22of%22%3A%5B0%2C0%2C0%5D%7D&wts=1754896679&web_location=1550101&w_rid=c622adbff0f92ec9e04fa3b4fed1daa3 "HTTP/1.1 200 OK"
2025-08-11 15:17:59,203 - INFO - main.py:190 - fetch_user_dynamics - 用户 岛的鲸乘以鲸白一 第 1 页获取到 1 条动态
2025-08-11 15:17:59,204 - INFO - main.py:202 - fetch_user_dynamics - 用户 岛的鲸乘以鲸白一 遇到旧动态(<= 2025-05-31 00:00:00)，停止翻页
2025-08-11 15:17:59,204 - INFO - main.py:229 - fetch_user_dynamics - 用户 岛的鲸乘以鲸白一 共获取到 0 条动态，共翻了 1 页
2025-08-11 15:17:59,398 - INFO - _client.py:1740 - _send_single_request - HTTP Request: GET https://api.bilibili.com/x/polymer/web-dynamic/v1/feed/space?host_mid=400984833&offset=&features=itemOpusStyle%2ClistOnlyfans%2CopusBigCover%2ConlyfansVote%2CforwardListHidden%2CdecorationCard%2CcommentsNewVersion%2ConlyfansAssetsV2%2CugcDelete%2ConlyfansQaCard&timezone_offset=-480&x-bili-device-req-json=%7B%22platform%22%3A%22web%22%2C%22device%22%3A%22pc%22%7D&x-bili-web-req-json=%7B%22spm_id%22%3A%22333.1387%22%7D&dm_img_list=%5B%5D&dm_img_str=FK&dm_cover_img_str=AJ&dm_img_inter=%7B%22ds%22%3A%5B%5D%2C%22wh%22%3A%5B0%2C0%2C0%5D%2C%22of%22%3A%5B0%2C0%2C0%5D%7D&wts=1754896679&web_location=1550101&w_rid=658d69bfa4e071232b8c60003c7989cc "HTTP/1.1 200 OK"
2025-08-11 15:17:59,402 - INFO - main.py:190 - fetch_user_dynamics - 用户 airt尘 第 1 页获取到 12 条动态
2025-08-11 15:17:59,402 - INFO - main.py:202 - fetch_user_dynamics - 用户 airt尘 遇到旧动态(<= 2025-08-04 00:00:00)，停止翻页
2025-08-11 15:17:59,404 - INFO - main.py:229 - fetch_user_dynamics - 用户 airt尘 共获取到 0 条动态，共翻了 1 页
2025-08-11 15:18:00,012 - INFO - _client.py:1740 - _send_single_request - HTTP Request: GET https://api.bilibili.com/x/polymer/web-dynamic/v1/feed/space?host_mid=11354946&offset=&features=itemOpusStyle%2ClistOnlyfans%2CopusBigCover%2ConlyfansVote%2CforwardListHidden%2CdecorationCard%2CcommentsNewVersion%2ConlyfansAssetsV2%2CugcDelete%2ConlyfansQaCard&timezone_offset=-480&x-bili-device-req-json=%7B%22platform%22%3A%22web%22%2C%22device%22%3A%22pc%22%7D&x-bili-web-req-json=%7B%22spm_id%22%3A%22333.1387%22%7D&dm_img_list=%5B%5D&dm_img_str=DA&dm_cover_img_str=EH&dm_img_inter=%7B%22ds%22%3A%5B%5D%2C%22wh%22%3A%5B0%2C0%2C0%5D%2C%22of%22%3A%5B0%2C0%2C0%5D%7D&wts=1754896679&web_location=1550101&w_rid=6856c08571fa57b4a6d85ba8a8741ef4 "HTTP/1.1 200 OK"
2025-08-11 15:18:00,014 - INFO - main.py:190 - fetch_user_dynamics - 用户 春昼京芒 第 1 页获取到 12 条动态
2025-08-11 15:18:00,015 - INFO - main.py:202 - fetch_user_dynamics - 用户 春昼京芒 遇到旧动态(<= 2025-08-04 00:00:00)，停止翻页
2025-08-11 15:18:00,015 - INFO - main.py:229 - fetch_user_dynamics - 用户 春昼京芒 共获取到 1 条动态，共翻了 1 页
2025-08-11 15:18:00,015 - INFO - main.py:581 - process_user - 处理动态: 用户=春昼京芒, ID=1098301568003866631, 类型=视频, 下载=失败
2025-08-11 15:18:08,100 - INFO - main.py:169 - fetch_user_dynamics - 开始获取用户 大福草莓兔(6835030) 的动态，模式: 增量, 起始时间: 2025-07-14 00:00:00
2025-08-11 15:18:08,100 - INFO - main.py:169 - fetch_user_dynamics - 开始获取用户 冬灯_Iranon(880797) 的动态，模式: 增量, 起始时间: 2025-07-21 00:00:00
2025-08-11 15:18:08,101 - INFO - main.py:169 - fetch_user_dynamics - 开始获取用户 发粪涂墙猫猫虫(385651762) 的动态，模式: 增量, 起始时间: 2025-07-07 00:00:00
2025-08-11 15:18:09,509 - INFO - _client.py:1740 - _send_single_request - HTTP Request: GET https://api.bilibili.com/x/polymer/web-dynamic/v1/feed/space?host_mid=385651762&offset=&features=itemOpusStyle%2ClistOnlyfans%2CopusBigCover%2ConlyfansVote%2CforwardListHidden%2CdecorationCard%2CcommentsNewVersion%2ConlyfansAssetsV2%2CugcDelete%2ConlyfansQaCard&timezone_offset=-480&x-bili-device-req-json=%7B%22platform%22%3A%22web%22%2C%22device%22%3A%22pc%22%7D&x-bili-web-req-json=%7B%22spm_id%22%3A%22333.1387%22%7D&dm_img_list=%5B%5D&dm_img_str=GF&dm_cover_img_str=FH&dm_img_inter=%7B%22ds%22%3A%5B%5D%2C%22wh%22%3A%5B0%2C0%2C0%5D%2C%22of%22%3A%5B0%2C0%2C0%5D%7D&wts=1754896689&web_location=1550101&w_rid=3ba3b35c18ce29faf876b9c21f35e193 "HTTP/1.1 200 OK"
2025-08-11 15:18:09,512 - INFO - main.py:190 - fetch_user_dynamics - 用户 发粪涂墙猫猫虫 第 1 页获取到 13 条动态
2025-08-11 15:18:09,512 - INFO - main.py:202 - fetch_user_dynamics - 用户 发粪涂墙猫猫虫 遇到旧动态(<= 2025-07-07 00:00:00)，停止翻页
2025-08-11 15:18:09,512 - INFO - main.py:229 - fetch_user_dynamics - 用户 发粪涂墙猫猫虫 共获取到 0 条动态，共翻了 1 页
2025-08-11 15:18:09,939 - INFO - _client.py:1740 - _send_single_request - HTTP Request: GET https://api.bilibili.com/x/polymer/web-dynamic/v1/feed/space?host_mid=880797&offset=&features=itemOpusStyle%2ClistOnlyfans%2CopusBigCover%2ConlyfansVote%2CforwardListHidden%2CdecorationCard%2CcommentsNewVersion%2ConlyfansAssetsV2%2CugcDelete%2ConlyfansQaCard&timezone_offset=-480&x-bili-device-req-json=%7B%22platform%22%3A%22web%22%2C%22device%22%3A%22pc%22%7D&x-bili-web-req-json=%7B%22spm_id%22%3A%22333.1387%22%7D&dm_img_list=%5B%5D&dm_img_str=DG&dm_cover_img_str=GD&dm_img_inter=%7B%22ds%22%3A%5B%5D%2C%22wh%22%3A%5B0%2C0%2C0%5D%2C%22of%22%3A%5B0%2C0%2C0%5D%7D&wts=1754896689&web_location=1550101&w_rid=41b3daf10a2c4f8b632fe0ae0ab800de "HTTP/1.1 200 OK"
2025-08-11 15:18:09,943 - INFO - main.py:190 - fetch_user_dynamics - 用户 冬灯_Iranon 第 1 页获取到 13 条动态
2025-08-11 15:18:09,943 - INFO - main.py:202 - fetch_user_dynamics - 用户 冬灯_Iranon 遇到旧动态(<= 2025-07-21 00:00:00)，停止翻页
2025-08-11 15:18:09,943 - INFO - main.py:229 - fetch_user_dynamics - 用户 冬灯_Iranon 共获取到 0 条动态，共翻了 1 页
2025-08-11 15:18:10,448 - INFO - _client.py:1740 - _send_single_request - HTTP Request: GET https://api.bilibili.com/x/polymer/web-dynamic/v1/feed/space?host_mid=6835030&offset=&features=itemOpusStyle%2ClistOnlyfans%2CopusBigCover%2ConlyfansVote%2CforwardListHidden%2CdecorationCard%2CcommentsNewVersion%2ConlyfansAssetsV2%2CugcDelete%2ConlyfansQaCard&timezone_offset=-480&x-bili-device-req-json=%7B%22platform%22%3A%22web%22%2C%22device%22%3A%22pc%22%7D&x-bili-web-req-json=%7B%22spm_id%22%3A%22333.1387%22%7D&dm_img_list=%5B%5D&dm_img_str=BK&dm_cover_img_str=BD&dm_img_inter=%7B%22ds%22%3A%5B%5D%2C%22wh%22%3A%5B0%2C0%2C0%5D%2C%22of%22%3A%5B0%2C0%2C0%5D%7D&wts=1754896690&web_location=1550101&w_rid=3803c74efd6b84f068b53fb0c0bbd1e2 "HTTP/1.1 200 OK"
2025-08-11 15:18:10,453 - INFO - main.py:190 - fetch_user_dynamics - 用户 大福草莓兔 第 1 页获取到 12 条动态
2025-08-11 15:18:10,453 - INFO - main.py:202 - fetch_user_dynamics - 用户 大福草莓兔 遇到旧动态(<= 2025-07-14 00:00:00)，停止翻页
2025-08-11 15:18:10,453 - INFO - main.py:229 - fetch_user_dynamics - 用户 大福草莓兔 共获取到 0 条动态，共翻了 1 页
2025-08-11 15:18:18,499 - INFO - main.py:169 - fetch_user_dynamics - 开始获取用户 放射性彗星(1723008064) 的动态，模式: 增量, 起始时间: 2025-05-31 00:00:00
2025-08-11 15:18:18,500 - INFO - main.py:169 - fetch_user_dynamics - 开始获取用户 富士やま(2083962247) 的动态，模式: 增量, 起始时间: 2025-07-01 00:00:00
2025-08-11 15:18:18,500 - INFO - main.py:169 - fetch_user_dynamics - 开始获取用户 隔夜瓜(10074425) 的动态，模式: 增量, 起始时间: 2025-08-04 00:00:00
2025-08-11 15:18:19,708 - INFO - _client.py:1740 - _send_single_request - HTTP Request: GET https://api.bilibili.com/x/polymer/web-dynamic/v1/feed/space?host_mid=1723008064&offset=&features=itemOpusStyle%2ClistOnlyfans%2CopusBigCover%2ConlyfansVote%2CforwardListHidden%2CdecorationCard%2CcommentsNewVersion%2ConlyfansAssetsV2%2CugcDelete%2ConlyfansQaCard&timezone_offset=-480&x-bili-device-req-json=%7B%22platform%22%3A%22web%22%2C%22device%22%3A%22pc%22%7D&x-bili-web-req-json=%7B%22spm_id%22%3A%22333.1387%22%7D&dm_img_list=%5B%5D&dm_img_str=HB&dm_cover_img_str=DB&dm_img_inter=%7B%22ds%22%3A%5B%5D%2C%22wh%22%3A%5B0%2C0%2C0%5D%2C%22of%22%3A%5B0%2C0%2C0%5D%7D&wts=1754896699&web_location=1550101&w_rid=eb40a3338ea7c991c6ae2f9bcf489441 "HTTP/1.1 200 OK"
2025-08-11 15:18:19,727 - INFO - main.py:186 - fetch_user_dynamics - 用户 放射性彗星 第 1 页无数据，停止翻页
2025-08-11 15:18:19,727 - INFO - main.py:229 - fetch_user_dynamics - 用户 放射性彗星 共获取到 0 条动态，共翻了 1 页
2025-08-11 15:18:20,187 - INFO - _client.py:1740 - _send_single_request - HTTP Request: GET https://api.bilibili.com/x/polymer/web-dynamic/v1/feed/space?host_mid=2083962247&offset=&features=itemOpusStyle%2ClistOnlyfans%2CopusBigCover%2ConlyfansVote%2CforwardListHidden%2CdecorationCard%2CcommentsNewVersion%2ConlyfansAssetsV2%2CugcDelete%2ConlyfansQaCard&timezone_offset=-480&x-bili-device-req-json=%7B%22platform%22%3A%22web%22%2C%22device%22%3A%22pc%22%7D&x-bili-web-req-json=%7B%22spm_id%22%3A%22333.1387%22%7D&dm_img_list=%5B%5D&dm_img_str=IF&dm_cover_img_str=FK&dm_img_inter=%7B%22ds%22%3A%5B%5D%2C%22wh%22%3A%5B0%2C0%2C0%5D%2C%22of%22%3A%5B0%2C0%2C0%5D%7D&wts=1754896700&web_location=1550101&w_rid=f0404c63d858834acfd9fdf3d3080757 "HTTP/1.1 200 OK"
2025-08-11 15:18:20,189 - INFO - main.py:190 - fetch_user_dynamics - 用户 富士やま 第 1 页获取到 12 条动态
2025-08-11 15:18:20,189 - INFO - main.py:202 - fetch_user_dynamics - 用户 富士やま 遇到旧动态(<= 2025-07-01 00:00:00)，停止翻页
2025-08-11 15:18:20,189 - INFO - main.py:229 - fetch_user_dynamics - 用户 富士やま 共获取到 0 条动态，共翻了 1 页
2025-08-11 15:18:20,771 - INFO - _client.py:1740 - _send_single_request - HTTP Request: GET https://api.bilibili.com/x/polymer/web-dynamic/v1/feed/space?host_mid=10074425&offset=&features=itemOpusStyle%2ClistOnlyfans%2CopusBigCover%2ConlyfansVote%2CforwardListHidden%2CdecorationCard%2CcommentsNewVersion%2ConlyfansAssetsV2%2CugcDelete%2ConlyfansQaCard&timezone_offset=-480&x-bili-device-req-json=%7B%22platform%22%3A%22web%22%2C%22device%22%3A%22pc%22%7D&x-bili-web-req-json=%7B%22spm_id%22%3A%22333.1387%22%7D&dm_img_list=%5B%5D&dm_img_str=AI&dm_cover_img_str=BE&dm_img_inter=%7B%22ds%22%3A%5B%5D%2C%22wh%22%3A%5B0%2C0%2C0%5D%2C%22of%22%3A%5B0%2C0%2C0%5D%7D&wts=1754896700&web_location=1550101&w_rid=c479187bb6fbc09969e6bae3ed6f0d9e "HTTP/1.1 200 OK"
2025-08-11 15:18:20,775 - INFO - main.py:190 - fetch_user_dynamics - 用户 隔夜瓜 第 1 页获取到 12 条动态
2025-08-11 15:18:20,776 - INFO - main.py:202 - fetch_user_dynamics - 用户 隔夜瓜 遇到旧动态(<= 2025-08-04 00:00:00)，停止翻页
2025-08-11 15:18:20,776 - INFO - main.py:229 - fetch_user_dynamics - 用户 隔夜瓜 共获取到 1 条动态，共翻了 1 页
2025-08-11 15:18:22,424 - INFO - main.py:450 - _download_images_sync - 图片已保存: C:/Users/Ryimi/Downloads/bilibili\隔夜瓜\draw-1098655937196982289\隔夜瓜_1098655937196982289_1.png
2025-08-11 15:18:22,862 - INFO - main.py:450 - _download_images_sync - 图片已保存: C:/Users/Ryimi/Downloads/bilibili\隔夜瓜\draw-1098655937196982289\隔夜瓜_1098655937196982289_2.png
2025-08-11 15:18:22,867 - INFO - main.py:581 - process_user - 处理动态: 用户=隔夜瓜, ID=1098655937196982289, 类型=图文, 下载=成功
2025-08-11 15:18:29,868 - INFO - main.py:169 - fetch_user_dynamics - 开始获取用户 狠毒企鹅男孩(3182506) 的动态，模式: 增量, 起始时间: 2025-08-04 00:00:00
2025-08-11 15:18:29,868 - INFO - main.py:169 - fetch_user_dynamics - 开始获取用户 古代人x(2266840) 的动态，模式: 增量, 起始时间: 2025-08-04 00:00:00
2025-08-11 15:18:29,869 - INFO - main.py:169 - fetch_user_dynamics - 开始获取用户 黑桃喵二十(405829804) 的动态，模式: 增量, 起始时间: 2025-07-01 00:00:00
2025-08-11 15:18:31,500 - INFO - _client.py:1740 - _send_single_request - HTTP Request: GET https://api.bilibili.com/x/polymer/web-dynamic/v1/feed/space?host_mid=3182506&offset=&features=itemOpusStyle%2ClistOnlyfans%2CopusBigCover%2ConlyfansVote%2CforwardListHidden%2CdecorationCard%2CcommentsNewVersion%2ConlyfansAssetsV2%2CugcDelete%2ConlyfansQaCard&timezone_offset=-480&x-bili-device-req-json=%7B%22platform%22%3A%22web%22%2C%22device%22%3A%22pc%22%7D&x-bili-web-req-json=%7B%22spm_id%22%3A%22333.1387%22%7D&dm_img_list=%5B%5D&dm_img_str=DK&dm_cover_img_str=FG&dm_img_inter=%7B%22ds%22%3A%5B%5D%2C%22wh%22%3A%5B0%2C0%2C0%5D%2C%22of%22%3A%5B0%2C0%2C0%5D%7D&wts=1754896711&web_location=1550101&w_rid=d89dbacf6b4d2a832bebd16de8625650 "HTTP/1.1 200 OK"
2025-08-11 15:18:31,503 - INFO - main.py:190 - fetch_user_dynamics - 用户 狠毒企鹅男孩 第 1 页获取到 12 条动态
2025-08-11 15:18:31,503 - INFO - main.py:202 - fetch_user_dynamics - 用户 狠毒企鹅男孩 遇到旧动态(<= 2025-08-04 00:00:00)，停止翻页
2025-08-11 15:18:31,504 - INFO - main.py:229 - fetch_user_dynamics - 用户 狠毒企鹅男孩 共获取到 0 条动态，共翻了 1 页
2025-08-11 15:18:31,510 - INFO - _client.py:1740 - _send_single_request - HTTP Request: GET https://api.bilibili.com/x/polymer/web-dynamic/v1/feed/space?host_mid=2266840&offset=&features=itemOpusStyle%2ClistOnlyfans%2CopusBigCover%2ConlyfansVote%2CforwardListHidden%2CdecorationCard%2CcommentsNewVersion%2ConlyfansAssetsV2%2CugcDelete%2ConlyfansQaCard&timezone_offset=-480&x-bili-device-req-json=%7B%22platform%22%3A%22web%22%2C%22device%22%3A%22pc%22%7D&x-bili-web-req-json=%7B%22spm_id%22%3A%22333.1387%22%7D&dm_img_list=%5B%5D&dm_img_str=IK&dm_cover_img_str=EK&dm_img_inter=%7B%22ds%22%3A%5B%5D%2C%22wh%22%3A%5B0%2C0%2C0%5D%2C%22of%22%3A%5B0%2C0%2C0%5D%7D&wts=1754896711&web_location=1550101&w_rid=a598e146bc99dadf2e8894d7f67993a8 "HTTP/1.1 200 OK"
2025-08-11 15:18:31,512 - INFO - main.py:190 - fetch_user_dynamics - 用户 古代人x 第 1 页获取到 12 条动态
2025-08-11 15:18:31,512 - INFO - main.py:202 - fetch_user_dynamics - 用户 古代人x 遇到旧动态(<= 2025-08-04 00:00:00)，停止翻页
2025-08-11 15:18:31,513 - INFO - main.py:229 - fetch_user_dynamics - 用户 古代人x 共获取到 1 条动态，共翻了 1 页
2025-08-11 15:18:31,513 - INFO - main.py:581 - process_user - 处理动态: 用户=古代人x, ID=1097663756799836179, 类型=视频, 下载=失败
2025-08-11 15:18:32,776 - INFO - _client.py:1740 - _send_single_request - HTTP Request: GET https://api.bilibili.com/x/polymer/web-dynamic/v1/feed/space?host_mid=405829804&offset=&features=itemOpusStyle%2ClistOnlyfans%2CopusBigCover%2ConlyfansVote%2CforwardListHidden%2CdecorationCard%2CcommentsNewVersion%2ConlyfansAssetsV2%2CugcDelete%2ConlyfansQaCard&timezone_offset=-480&x-bili-device-req-json=%7B%22platform%22%3A%22web%22%2C%22device%22%3A%22pc%22%7D&x-bili-web-req-json=%7B%22spm_id%22%3A%22333.1387%22%7D&dm_img_list=%5B%5D&dm_img_str=AI&dm_cover_img_str=HF&dm_img_inter=%7B%22ds%22%3A%5B%5D%2C%22wh%22%3A%5B0%2C0%2C0%5D%2C%22of%22%3A%5B0%2C0%2C0%5D%7D&wts=1754896712&web_location=1550101&w_rid=99fed10f6da04e1004fe8f5cf4313246 "HTTP/1.1 200 OK"
2025-08-11 15:18:32,781 - INFO - main.py:190 - fetch_user_dynamics - 用户 黑桃喵二十 第 1 页获取到 13 条动态
2025-08-11 15:18:32,782 - INFO - main.py:202 - fetch_user_dynamics - 用户 黑桃喵二十 遇到旧动态(<= 2025-07-01 00:00:00)，停止翻页
2025-08-11 15:18:32,782 - INFO - main.py:229 - fetch_user_dynamics - 用户 黑桃喵二十 共获取到 0 条动态，共翻了 1 页
2025-08-11 15:18:42,305 - INFO - main.py:169 - fetch_user_dynamics - 开始获取用户 我狐伟大(32200784) 的动态，模式: 增量, 起始时间: 2025-07-01 00:00:00
2025-08-11 15:18:42,305 - INFO - main.py:169 - fetch_user_dynamics - 开始获取用户 花久花酒(2394319) 的动态，模式: 增量, 起始时间: 2025-08-04 00:00:00
2025-08-11 15:18:42,306 - INFO - main.py:169 - fetch_user_dynamics - 开始获取用户 环_Tamaki(174286545) 的动态，模式: 增量, 起始时间: 2025-07-01 00:00:00
2025-08-11 15:18:44,480 - INFO - _client.py:1740 - _send_single_request - HTTP Request: GET https://api.bilibili.com/x/polymer/web-dynamic/v1/feed/space?host_mid=2394319&offset=&features=itemOpusStyle%2ClistOnlyfans%2CopusBigCover%2ConlyfansVote%2CforwardListHidden%2CdecorationCard%2CcommentsNewVersion%2ConlyfansAssetsV2%2CugcDelete%2ConlyfansQaCard&timezone_offset=-480&x-bili-device-req-json=%7B%22platform%22%3A%22web%22%2C%22device%22%3A%22pc%22%7D&x-bili-web-req-json=%7B%22spm_id%22%3A%22333.1387%22%7D&dm_img_list=%5B%5D&dm_img_str=KH&dm_cover_img_str=EF&dm_img_inter=%7B%22ds%22%3A%5B%5D%2C%22wh%22%3A%5B0%2C0%2C0%5D%2C%22of%22%3A%5B0%2C0%2C0%5D%7D&wts=1754896724&web_location=1550101&w_rid=141ac02b7dff27d92fd5d3b7276401f4 "HTTP/1.1 200 OK"
2025-08-11 15:18:44,486 - INFO - main.py:190 - fetch_user_dynamics - 用户 花久花酒 第 1 页获取到 12 条动态
2025-08-11 15:18:44,486 - INFO - main.py:202 - fetch_user_dynamics - 用户 花久花酒 遇到旧动态(<= 2025-08-04 00:00:00)，停止翻页
2025-08-11 15:18:44,486 - INFO - main.py:229 - fetch_user_dynamics - 用户 花久花酒 共获取到 9 条动态，共翻了 1 页
2025-08-11 15:18:44,487 - INFO - main.py:581 - process_user - 处理动态: 用户=花久花酒, ID=1099760280623120388, 类型=转发, 下载=失败
2025-08-11 15:18:44,487 - INFO - main.py:581 - process_user - 处理动态: 用户=花久花酒, ID=1099481421328678921, 类型=转发, 下载=失败
2025-08-11 15:18:44,487 - INFO - main.py:581 - process_user - 处理动态: 用户=花久花酒, ID=1099372573952573449, 类型=转发, 下载=失败
2025-08-11 15:18:44,979 - INFO - _client.py:1740 - _send_single_request - HTTP Request: GET https://api.bilibili.com/x/polymer/web-dynamic/v1/feed/space?host_mid=32200784&offset=&features=itemOpusStyle%2ClistOnlyfans%2CopusBigCover%2ConlyfansVote%2CforwardListHidden%2CdecorationCard%2CcommentsNewVersion%2ConlyfansAssetsV2%2CugcDelete%2ConlyfansQaCard&timezone_offset=-480&x-bili-device-req-json=%7B%22platform%22%3A%22web%22%2C%22device%22%3A%22pc%22%7D&x-bili-web-req-json=%7B%22spm_id%22%3A%22333.1387%22%7D&dm_img_list=%5B%5D&dm_img_str=JH&dm_cover_img_str=DK&dm_img_inter=%7B%22ds%22%3A%5B%5D%2C%22wh%22%3A%5B0%2C0%2C0%5D%2C%22of%22%3A%5B0%2C0%2C0%5D%7D&wts=1754896724&web_location=1550101&w_rid=b82b6f60ecd3d32fdc8e20f4a3326407 "HTTP/1.1 200 OK"
2025-08-11 15:18:44,981 - INFO - main.py:190 - fetch_user_dynamics - 用户 我狐伟大 第 1 页获取到 13 条动态
2025-08-11 15:18:44,981 - INFO - main.py:202 - fetch_user_dynamics - 用户 我狐伟大 遇到旧动态(<= 2025-07-01 00:00:00)，停止翻页
2025-08-11 15:18:44,982 - INFO - main.py:229 - fetch_user_dynamics - 用户 我狐伟大 共获取到 0 条动态，共翻了 1 页
2025-08-11 15:18:45,337 - INFO - _client.py:1740 - _send_single_request - HTTP Request: GET https://api.bilibili.com/x/polymer/web-dynamic/v1/feed/space?host_mid=174286545&offset=&features=itemOpusStyle%2ClistOnlyfans%2CopusBigCover%2ConlyfansVote%2CforwardListHidden%2CdecorationCard%2CcommentsNewVersion%2ConlyfansAssetsV2%2CugcDelete%2ConlyfansQaCard&timezone_offset=-480&x-bili-device-req-json=%7B%22platform%22%3A%22web%22%2C%22device%22%3A%22pc%22%7D&x-bili-web-req-json=%7B%22spm_id%22%3A%22333.1387%22%7D&dm_img_list=%5B%5D&dm_img_str=HE&dm_cover_img_str=EA&dm_img_inter=%7B%22ds%22%3A%5B%5D%2C%22wh%22%3A%5B0%2C0%2C0%5D%2C%22of%22%3A%5B0%2C0%2C0%5D%7D&wts=1754896725&web_location=1550101&w_rid=2abcc8f8c89a5131ca783d17bbefb5b2 "HTTP/1.1 200 OK"
2025-08-11 15:18:45,342 - INFO - main.py:190 - fetch_user_dynamics - 用户 环_Tamaki 第 1 页获取到 12 条动态
2025-08-11 15:18:45,342 - INFO - main.py:202 - fetch_user_dynamics - 用户 环_Tamaki 遇到旧动态(<= 2025-07-01 00:00:00)，停止翻页
2025-08-11 15:18:45,342 - INFO - main.py:229 - fetch_user_dynamics - 用户 环_Tamaki 共获取到 0 条动态，共翻了 1 页
2025-08-11 15:18:46,102 - INFO - main.py:450 - _download_images_sync - 图片已保存: C:/Users/Ryimi/Downloads/bilibili\花久花酒\draw-1098786186330112018\花久花酒_1098786186330112018_1.png
2025-08-11 15:18:46,103 - INFO - main.py:581 - process_user - 处理动态: 用户=花久花酒, ID=1098786186330112018, 类型=图文, 下载=成功
2025-08-11 15:18:47,665 - INFO - main.py:450 - _download_images_sync - 图片已保存: C:/Users/Ryimi/Downloads/bilibili\花久花酒\draw-1098632486644088851\花久花酒_1098632486644088851_1.jpg
2025-08-11 15:18:47,666 - INFO - main.py:581 - process_user - 处理动态: 用户=花久花酒, ID=1098632486644088851, 类型=图文, 下载=成功
2025-08-11 15:18:47,667 - INFO - main.py:581 - process_user - 处理动态: 用户=花久花酒, ID=1098031070987681798, 类型=图文, 下载=失败
2025-08-11 15:18:49,293 - INFO - main.py:450 - _download_images_sync - 图片已保存: C:/Users/Ryimi/Downloads/bilibili\花久花酒\draw-1097527554802188310\花久花酒_1097527554802188310_1.jpg
2025-08-11 15:18:49,415 - INFO - main.py:450 - _download_images_sync - 图片已保存: C:/Users/Ryimi/Downloads/bilibili\花久花酒\draw-1097527554802188310\花久花酒_1097527554802188310_2.jpg
2025-08-11 15:18:49,539 - INFO - main.py:450 - _download_images_sync - 图片已保存: C:/Users/Ryimi/Downloads/bilibili\花久花酒\draw-1097527554802188310\花久花酒_1097527554802188310_3.jpg
2025-08-11 15:18:49,539 - INFO - main.py:581 - process_user - 处理动态: 用户=花久花酒, ID=1097527554802188310, 类型=图文, 下载=成功
2025-08-11 15:18:51,162 - INFO - main.py:450 - _download_images_sync - 图片已保存: C:/Users/Ryimi/Downloads/bilibili\花久花酒\draw-1097281216914128979\花久花酒_1097281216914128979_1.png
2025-08-11 15:18:51,163 - INFO - main.py:581 - process_user - 处理动态: 用户=花久花酒, ID=1097281216914128979, 类型=图文, 下载=成功
2025-08-11 15:18:51,163 - INFO - main.py:581 - process_user - 处理动态: 用户=花久花酒, ID=1097278682879229991, 类型=转发, 下载=失败
2025-08-11 15:18:59,232 - INFO - main.py:169 - fetch_user_dynamics - 开始获取用户 伽喱柠茶_(3546606234241769) 的动态，模式: 增量, 起始时间: 2025-07-14 00:00:00
2025-08-11 15:18:59,232 - INFO - main.py:169 - fetch_user_dynamics - 开始获取用户 丿可乐米mi(13598089) 的动态，模式: 增量, 起始时间: 2025-08-04 00:00:00
2025-08-11 15:18:59,233 - INFO - main.py:169 - fetch_user_dynamics - 开始获取用户 喜欢我孔代大小姐吗(336664944) 的动态，模式: 增量, 起始时间: 2025-08-04 00:00:00
2025-08-11 15:19:00,637 - INFO - _client.py:1740 - _send_single_request - HTTP Request: GET https://api.bilibili.com/x/polymer/web-dynamic/v1/feed/space?host_mid=3546606234241769&offset=&features=itemOpusStyle%2ClistOnlyfans%2CopusBigCover%2ConlyfansVote%2CforwardListHidden%2CdecorationCard%2CcommentsNewVersion%2ConlyfansAssetsV2%2CugcDelete%2ConlyfansQaCard&timezone_offset=-480&x-bili-device-req-json=%7B%22platform%22%3A%22web%22%2C%22device%22%3A%22pc%22%7D&x-bili-web-req-json=%7B%22spm_id%22%3A%22333.1387%22%7D&dm_img_list=%5B%5D&dm_img_str=EG&dm_cover_img_str=CH&dm_img_inter=%7B%22ds%22%3A%5B%5D%2C%22wh%22%3A%5B0%2C0%2C0%5D%2C%22of%22%3A%5B0%2C0%2C0%5D%7D&wts=1754896740&web_location=1550101&w_rid=c043ed9ef32a79ba322f808713cbe4ca "HTTP/1.1 200 OK"
2025-08-11 15:19:00,640 - INFO - main.py:190 - fetch_user_dynamics - 用户 伽喱柠茶_ 第 1 页获取到 12 条动态
2025-08-11 15:19:00,641 - INFO - main.py:202 - fetch_user_dynamics - 用户 伽喱柠茶_ 遇到旧动态(<= 2025-07-14 00:00:00)，停止翻页
2025-08-11 15:19:00,641 - INFO - main.py:229 - fetch_user_dynamics - 用户 伽喱柠茶_ 共获取到 0 条动态，共翻了 1 页
2025-08-11 15:19:01,268 - INFO - _client.py:1740 - _send_single_request - HTTP Request: GET https://api.bilibili.com/x/polymer/web-dynamic/v1/feed/space?host_mid=13598089&offset=&features=itemOpusStyle%2ClistOnlyfans%2CopusBigCover%2ConlyfansVote%2CforwardListHidden%2CdecorationCard%2CcommentsNewVersion%2ConlyfansAssetsV2%2CugcDelete%2ConlyfansQaCard&timezone_offset=-480&x-bili-device-req-json=%7B%22platform%22%3A%22web%22%2C%22device%22%3A%22pc%22%7D&x-bili-web-req-json=%7B%22spm_id%22%3A%22333.1387%22%7D&dm_img_list=%5B%5D&dm_img_str=JI&dm_cover_img_str=BE&dm_img_inter=%7B%22ds%22%3A%5B%5D%2C%22wh%22%3A%5B0%2C0%2C0%5D%2C%22of%22%3A%5B0%2C0%2C0%5D%7D&wts=1754896741&web_location=1550101&w_rid=ad2bc6748958efcd88abfe6d3a370a71 "HTTP/1.1 200 OK"
2025-08-11 15:19:01,271 - INFO - main.py:190 - fetch_user_dynamics - 用户 丿可乐米mi 第 1 页获取到 13 条动态
2025-08-11 15:19:01,271 - INFO - main.py:202 - fetch_user_dynamics - 用户 丿可乐米mi 遇到旧动态(<= 2025-08-04 00:00:00)，停止翻页
2025-08-11 15:19:01,271 - INFO - main.py:229 - fetch_user_dynamics - 用户 丿可乐米mi 共获取到 7 条动态，共翻了 1 页
2025-08-11 15:19:01,273 - INFO - main.py:581 - process_user - 处理动态: 用户=丿可乐米mi, ID=1099732775644168195, 类型=直播推荐, 下载=失败
2025-08-11 15:19:02,100 - INFO - _client.py:1740 - _send_single_request - HTTP Request: GET https://api.bilibili.com/x/polymer/web-dynamic/v1/feed/space?host_mid=336664944&offset=&features=itemOpusStyle%2ClistOnlyfans%2CopusBigCover%2ConlyfansVote%2CforwardListHidden%2CdecorationCard%2CcommentsNewVersion%2ConlyfansAssetsV2%2CugcDelete%2ConlyfansQaCard&timezone_offset=-480&x-bili-device-req-json=%7B%22platform%22%3A%22web%22%2C%22device%22%3A%22pc%22%7D&x-bili-web-req-json=%7B%22spm_id%22%3A%22333.1387%22%7D&dm_img_list=%5B%5D&dm_img_str=IE&dm_cover_img_str=GJ&dm_img_inter=%7B%22ds%22%3A%5B%5D%2C%22wh%22%3A%5B0%2C0%2C0%5D%2C%22of%22%3A%5B0%2C0%2C0%5D%7D&wts=1754896741&web_location=1550101&w_rid=7f3575a64cfdaa18264fede8151479be "HTTP/1.1 200 OK"
2025-08-11 15:19:02,102 - INFO - main.py:190 - fetch_user_dynamics - 用户 喜欢我孔代大小姐吗 第 1 页获取到 12 条动态
2025-08-11 15:19:02,103 - INFO - main.py:202 - fetch_user_dynamics - 用户 喜欢我孔代大小姐吗 遇到旧动态(<= 2025-08-04 00:00:00)，停止翻页
2025-08-11 15:19:02,103 - INFO - main.py:229 - fetch_user_dynamics - 用户 喜欢我孔代大小姐吗 共获取到 0 条动态，共翻了 1 页
2025-08-11 15:19:03,333 - INFO - main.py:450 - _download_images_sync - 图片已保存: C:/Users/Ryimi/Downloads/bilibili\丿可乐米mi\draw-1098714782508253187\丿可乐米mi_1098714782508253187_1.jpg
2025-08-11 15:19:03,333 - INFO - main.py:581 - process_user - 处理动态: 用户=丿可乐米mi, ID=1098714782508253187, 类型=图文, 下载=成功
2025-08-11 15:19:04,126 - INFO - main.py:450 - _download_images_sync - 图片已保存: C:/Users/Ryimi/Downloads/bilibili\丿可乐米mi\draw-1098388107291525121\丿可乐米mi_1098388107291525121_1.jpg
2025-08-11 15:19:04,127 - INFO - main.py:581 - process_user - 处理动态: 用户=丿可乐米mi, ID=1098388107291525121, 类型=图文, 下载=成功
2025-08-11 15:19:04,127 - INFO - main.py:581 - process_user - 处理动态: 用户=丿可乐米mi, ID=1097143941213454372, 类型=转发, 下载=失败
2025-08-11 15:19:06,315 - INFO - main.py:450 - _download_images_sync - 图片已保存: C:/Users/Ryimi/Downloads/bilibili\丿可乐米mi\draw-1097088295617167361\丿可乐米mi_1097088295617167361_1.jpg
2025-08-11 15:19:06,551 - INFO - main.py:450 - _download_images_sync - 图片已保存: C:/Users/Ryimi/Downloads/bilibili\丿可乐米mi\draw-1097088295617167361\丿可乐米mi_1097088295617167361_2.jpg
2025-08-11 15:19:06,551 - INFO - main.py:581 - process_user - 处理动态: 用户=丿可乐米mi, ID=1097088295617167361, 类型=图文, 下载=成功
2025-08-11 15:19:06,552 - INFO - main.py:581 - process_user - 处理动态: 用户=丿可乐米mi, ID=1097025292728270850, 类型=视频, 下载=失败
2025-08-11 15:19:06,552 - INFO - main.py:581 - process_user - 处理动态: 用户=丿可乐米mi, ID=1097020435126550532, 类型=视频, 下载=失败
2025-08-11 15:19:15,508 - INFO - main.py:169 - fetch_user_dynamics - 开始获取用户 落舟Pile(6104422) 的动态，模式: 增量, 起始时间: 2025-07-21 00:00:00
2025-08-11 15:19:15,509 - INFO - main.py:169 - fetch_user_dynamics - 开始获取用户 末端热(2266331) 的动态，模式: 增量, 起始时间: 2025-05-31 00:00:00
2025-08-11 15:19:15,509 - INFO - main.py:169 - fetch_user_dynamics - 开始获取用户 廿罗(8571162) 的动态，模式: 增量, 起始时间: 2025-08-04 00:00:00
2025-08-11 15:19:17,085 - INFO - _client.py:1740 - _send_single_request - HTTP Request: GET https://api.bilibili.com/x/polymer/web-dynamic/v1/feed/space?host_mid=6104422&offset=&features=itemOpusStyle%2ClistOnlyfans%2CopusBigCover%2ConlyfansVote%2CforwardListHidden%2CdecorationCard%2CcommentsNewVersion%2ConlyfansAssetsV2%2CugcDelete%2ConlyfansQaCard&timezone_offset=-480&x-bili-device-req-json=%7B%22platform%22%3A%22web%22%2C%22device%22%3A%22pc%22%7D&x-bili-web-req-json=%7B%22spm_id%22%3A%22333.1387%22%7D&dm_img_list=%5B%5D&dm_img_str=AC&dm_cover_img_str=AB&dm_img_inter=%7B%22ds%22%3A%5B%5D%2C%22wh%22%3A%5B0%2C0%2C0%5D%2C%22of%22%3A%5B0%2C0%2C0%5D%7D&wts=1754896756&web_location=1550101&w_rid=a7442d3e7610292374e77dbb015e17b4 "HTTP/1.1 200 OK"
2025-08-11 15:19:17,088 - INFO - main.py:190 - fetch_user_dynamics - 用户 落舟Pile 第 1 页获取到 12 条动态
2025-08-11 15:19:17,088 - INFO - main.py:202 - fetch_user_dynamics - 用户 落舟Pile 遇到旧动态(<= 2025-07-21 00:00:00)，停止翻页
2025-08-11 15:19:17,089 - INFO - main.py:229 - fetch_user_dynamics - 用户 落舟Pile 共获取到 9 条动态，共翻了 1 页
2025-08-11 15:19:17,289 - INFO - _client.py:1740 - _send_single_request - HTTP Request: GET https://api.bilibili.com/x/polymer/web-dynamic/v1/feed/space?host_mid=8571162&offset=&features=itemOpusStyle%2ClistOnlyfans%2CopusBigCover%2ConlyfansVote%2CforwardListHidden%2CdecorationCard%2CcommentsNewVersion%2ConlyfansAssetsV2%2CugcDelete%2ConlyfansQaCard&timezone_offset=-480&x-bili-device-req-json=%7B%22platform%22%3A%22web%22%2C%22device%22%3A%22pc%22%7D&x-bili-web-req-json=%7B%22spm_id%22%3A%22333.1387%22%7D&dm_img_list=%5B%5D&dm_img_str=BF&dm_cover_img_str=KC&dm_img_inter=%7B%22ds%22%3A%5B%5D%2C%22wh%22%3A%5B0%2C0%2C0%5D%2C%22of%22%3A%5B0%2C0%2C0%5D%7D&wts=1754896757&web_location=1550101&w_rid=2319559ec5949d2a457a4a1481e0dda3 "HTTP/1.1 200 OK"
2025-08-11 15:19:17,291 - INFO - main.py:190 - fetch_user_dynamics - 用户 廿罗 第 1 页获取到 12 条动态
2025-08-11 15:19:17,291 - INFO - main.py:202 - fetch_user_dynamics - 用户 廿罗 遇到旧动态(<= 2025-08-04 00:00:00)，停止翻页
2025-08-11 15:19:17,292 - INFO - main.py:229 - fetch_user_dynamics - 用户 廿罗 共获取到 1 条动态，共翻了 1 页
2025-08-11 15:19:17,747 - INFO - _client.py:1740 - _send_single_request - HTTP Request: GET https://api.bilibili.com/x/polymer/web-dynamic/v1/feed/space?host_mid=2266331&offset=&features=itemOpusStyle%2ClistOnlyfans%2CopusBigCover%2ConlyfansVote%2CforwardListHidden%2CdecorationCard%2CcommentsNewVersion%2ConlyfansAssetsV2%2CugcDelete%2ConlyfansQaCard&timezone_offset=-480&x-bili-device-req-json=%7B%22platform%22%3A%22web%22%2C%22device%22%3A%22pc%22%7D&x-bili-web-req-json=%7B%22spm_id%22%3A%22333.1387%22%7D&dm_img_list=%5B%5D&dm_img_str=CI&dm_cover_img_str=KA&dm_img_inter=%7B%22ds%22%3A%5B%5D%2C%22wh%22%3A%5B0%2C0%2C0%5D%2C%22of%22%3A%5B0%2C0%2C0%5D%7D&wts=1754896757&web_location=1550101&w_rid=0ac701c37c3ada3476711092bcd8e121 "HTTP/1.1 200 OK"
2025-08-11 15:19:17,753 - INFO - main.py:190 - fetch_user_dynamics - 用户 末端热 第 1 页获取到 12 条动态
2025-08-11 15:19:17,753 - INFO - main.py:202 - fetch_user_dynamics - 用户 末端热 遇到旧动态(<= 2025-05-31 00:00:00)，停止翻页
2025-08-11 15:19:17,753 - INFO - main.py:229 - fetch_user_dynamics - 用户 末端热 共获取到 0 条动态，共翻了 1 页
2025-08-11 15:19:19,226 - INFO - main.py:450 - _download_images_sync - 图片已保存: C:/Users/Ryimi/Downloads/bilibili\落舟Pile\draw-1099386141774184505\落舟Pile_1099386141774184505_1.png
2025-08-11 15:19:19,391 - INFO - main.py:450 - _download_images_sync - 图片已保存: C:/Users/Ryimi/Downloads/bilibili\落舟Pile\draw-1099386141774184505\落舟Pile_1099386141774184505_2.png
2025-08-11 15:19:19,403 - INFO - main.py:450 - _download_images_sync - 图片已保存: C:/Users/Ryimi/Downloads/bilibili\廿罗\draw-1097561888722518035\廿罗_1097561888722518035_1.png
2025-08-11 15:19:19,569 - INFO - main.py:450 - _download_images_sync - 图片已保存: C:/Users/Ryimi/Downloads/bilibili\落舟Pile\draw-1099386141774184505\落舟Pile_1099386141774184505_3.png
2025-08-11 15:19:19,570 - INFO - main.py:581 - process_user - 处理动态: 用户=落舟Pile, ID=1099386141774184505, 类型=图文, 下载=成功
2025-08-11 15:19:19,731 - INFO - main.py:450 - _download_images_sync - 图片已保存: C:/Users/Ryimi/Downloads/bilibili\廿罗\draw-1097561888722518035\廿罗_1097561888722518035_2.png
2025-08-11 15:19:19,732 - INFO - main.py:581 - process_user - 处理动态: 用户=廿罗, ID=1097561888722518035, 类型=图文, 下载=成功
2025-08-11 15:19:21,480 - INFO - main.py:450 - _download_images_sync - 图片已保存: C:/Users/Ryimi/Downloads/bilibili\落舟Pile\draw-1098625146563854353\落舟Pile_1098625146563854353_1.jpg
2025-08-11 15:19:21,480 - INFO - main.py:581 - process_user - 处理动态: 用户=落舟Pile, ID=1098625146563854353, 类型=图文, 下载=成功
2025-08-11 15:19:21,482 - INFO - main.py:581 - process_user - 处理动态: 用户=落舟Pile, ID=1098339372308103175, 类型=转发, 下载=失败
2025-08-11 15:19:21,482 - INFO - main.py:581 - process_user - 处理动态: 用户=落舟Pile, ID=1097679442014109699, 类型=转发, 下载=失败
2025-08-11 15:19:21,483 - INFO - main.py:581 - process_user - 处理动态: 用户=落舟Pile, ID=1097283922755059715, 类型=视频, 下载=失败
2025-08-11 15:19:23,346 - INFO - main.py:450 - _download_images_sync - 图片已保存: C:/Users/Ryimi/Downloads/bilibili\落舟Pile\draw-1097279765238251521\落舟Pile_1097279765238251521_1.jpg
2025-08-11 15:19:23,347 - INFO - main.py:581 - process_user - 处理动态: 用户=落舟Pile, ID=1097279765238251521, 类型=图文, 下载=成功
2025-08-11 15:19:25,325 - INFO - main.py:450 - _download_images_sync - 图片已保存: C:/Users/Ryimi/Downloads/bilibili\落舟Pile\draw-1096551725315129365\落舟Pile_1096551725315129365_1.png
2025-08-11 15:19:25,326 - INFO - main.py:581 - process_user - 处理动态: 用户=落舟Pile, ID=1096551725315129365, 类型=图文, 下载=成功
2025-08-11 15:19:25,326 - INFO - main.py:581 - process_user - 处理动态: 用户=落舟Pile, ID=1096424783288991753, 类型=转发, 下载=失败
2025-08-11 15:19:25,326 - INFO - main.py:581 - process_user - 处理动态: 用户=落舟Pile, ID=1095678485441019939, 类型=转发, 下载=失败
2025-08-11 15:19:31,875 - INFO - main.py:169 - fetch_user_dynamics - 开始获取用户 _岂可修丶(893915) 的动态，模式: 增量, 起始时间: 2025-05-31 00:00:00
2025-08-11 15:19:31,875 - INFO - main.py:169 - fetch_user_dynamics - 开始获取用户 塞尤碧cub(8167761) 的动态，模式: 增量, 起始时间: 2025-05-31 00:00:00
2025-08-11 15:19:31,876 - INFO - main.py:169 - fetch_user_dynamics - 开始获取用户 一个点txt(454663758) 的动态，模式: 增量, 起始时间: 2025-08-04 00:00:00
2025-08-11 15:19:33,837 - INFO - _client.py:1740 - _send_single_request - HTTP Request: GET https://api.bilibili.com/x/polymer/web-dynamic/v1/feed/space?host_mid=893915&offset=&features=itemOpusStyle%2ClistOnlyfans%2CopusBigCover%2ConlyfansVote%2CforwardListHidden%2CdecorationCard%2CcommentsNewVersion%2ConlyfansAssetsV2%2CugcDelete%2ConlyfansQaCard&timezone_offset=-480&x-bili-device-req-json=%7B%22platform%22%3A%22web%22%2C%22device%22%3A%22pc%22%7D&x-bili-web-req-json=%7B%22spm_id%22%3A%22333.1387%22%7D&dm_img_list=%5B%5D&dm_img_str=HG&dm_cover_img_str=KB&dm_img_inter=%7B%22ds%22%3A%5B%5D%2C%22wh%22%3A%5B0%2C0%2C0%5D%2C%22of%22%3A%5B0%2C0%2C0%5D%7D&wts=1754896773&web_location=1550101&w_rid=22efaafe990c3d7bb3688a334edbc91d "HTTP/1.1 200 OK"
2025-08-11 15:19:33,845 - INFO - main.py:190 - fetch_user_dynamics - 用户 _岂可修丶 第 1 页获取到 12 条动态
2025-08-11 15:19:33,845 - INFO - main.py:202 - fetch_user_dynamics - 用户 _岂可修丶 遇到旧动态(<= 2025-05-31 00:00:00)，停止翻页
2025-08-11 15:19:33,845 - INFO - main.py:229 - fetch_user_dynamics - 用户 _岂可修丶 共获取到 0 条动态，共翻了 1 页
2025-08-11 15:19:35,000 - INFO - _client.py:1740 - _send_single_request - HTTP Request: GET https://api.bilibili.com/x/polymer/web-dynamic/v1/feed/space?host_mid=8167761&offset=&features=itemOpusStyle%2ClistOnlyfans%2CopusBigCover%2ConlyfansVote%2CforwardListHidden%2CdecorationCard%2CcommentsNewVersion%2ConlyfansAssetsV2%2CugcDelete%2ConlyfansQaCard&timezone_offset=-480&x-bili-device-req-json=%7B%22platform%22%3A%22web%22%2C%22device%22%3A%22pc%22%7D&x-bili-web-req-json=%7B%22spm_id%22%3A%22333.1387%22%7D&dm_img_list=%5B%5D&dm_img_str=KI&dm_cover_img_str=HJ&dm_img_inter=%7B%22ds%22%3A%5B%5D%2C%22wh%22%3A%5B0%2C0%2C0%5D%2C%22of%22%3A%5B0%2C0%2C0%5D%7D&wts=1754896774&web_location=1550101&w_rid=e5666e0544286d2afc2515b2a45f930e "HTTP/1.1 200 OK"
2025-08-11 15:19:35,004 - INFO - main.py:190 - fetch_user_dynamics - 用户 塞尤碧cub 第 1 页获取到 12 条动态
2025-08-11 15:19:35,004 - INFO - main.py:202 - fetch_user_dynamics - 用户 塞尤碧cub 遇到旧动态(<= 2025-05-31 00:00:00)，停止翻页
2025-08-11 15:19:35,004 - INFO - main.py:229 - fetch_user_dynamics - 用户 塞尤碧cub 共获取到 0 条动态，共翻了 1 页
2025-08-11 15:19:35,116 - INFO - _client.py:1740 - _send_single_request - HTTP Request: GET https://api.bilibili.com/x/polymer/web-dynamic/v1/feed/space?host_mid=454663758&offset=&features=itemOpusStyle%2ClistOnlyfans%2CopusBigCover%2ConlyfansVote%2CforwardListHidden%2CdecorationCard%2CcommentsNewVersion%2ConlyfansAssetsV2%2CugcDelete%2ConlyfansQaCard&timezone_offset=-480&x-bili-device-req-json=%7B%22platform%22%3A%22web%22%2C%22device%22%3A%22pc%22%7D&x-bili-web-req-json=%7B%22spm_id%22%3A%22333.1387%22%7D&dm_img_list=%5B%5D&dm_img_str=EB&dm_cover_img_str=IK&dm_img_inter=%7B%22ds%22%3A%5B%5D%2C%22wh%22%3A%5B0%2C0%2C0%5D%2C%22of%22%3A%5B0%2C0%2C0%5D%7D&wts=1754896774&web_location=1550101&w_rid=9b34cc5c546cce83766813cf76213d4d "HTTP/1.1 200 OK"
2025-08-11 15:19:35,117 - INFO - main.py:190 - fetch_user_dynamics - 用户 一个点txt 第 1 页获取到 12 条动态
2025-08-11 15:19:35,117 - INFO - main.py:202 - fetch_user_dynamics - 用户 一个点txt 遇到旧动态(<= 2025-08-04 00:00:00)，停止翻页
2025-08-11 15:19:35,117 - INFO - main.py:229 - fetch_user_dynamics - 用户 一个点txt 共获取到 3 条动态，共翻了 1 页
2025-08-11 15:19:35,119 - INFO - main.py:581 - process_user - 处理动态: 用户=一个点txt, ID=1099557644088115217, 类型=视频, 下载=失败
2025-08-11 15:19:35,119 - INFO - main.py:581 - process_user - 处理动态: 用户=一个点txt, ID=1099508303489138693, 类型=视频, 下载=失败
2025-08-11 15:19:35,119 - INFO - main.py:581 - process_user - 处理动态: 用户=一个点txt, ID=1099026678760341542, 类型=视频, 下载=失败
2025-08-11 15:19:44,549 - INFO - main.py:169 - fetch_user_dynamics - 开始获取用户 司稽不想画画(9817849) 的动态，模式: 增量, 起始时间: 2025-07-07 00:00:00
2025-08-11 15:19:44,549 - INFO - main.py:169 - fetch_user_dynamics - 开始获取用户 湯鬏(1994894) 的动态，模式: 增量, 起始时间: 2025-07-21 00:00:00
2025-08-11 15:19:44,550 - INFO - main.py:169 - fetch_user_dynamics - 开始获取用户 我要当熊猫-(36446515) 的动态，模式: 增量, 起始时间: 2025-08-04 00:00:00
2025-08-11 15:19:46,068 - INFO - _client.py:1740 - _send_single_request - HTTP Request: GET https://api.bilibili.com/x/polymer/web-dynamic/v1/feed/space?host_mid=1994894&offset=&features=itemOpusStyle%2ClistOnlyfans%2CopusBigCover%2ConlyfansVote%2CforwardListHidden%2CdecorationCard%2CcommentsNewVersion%2ConlyfansAssetsV2%2CugcDelete%2ConlyfansQaCard&timezone_offset=-480&x-bili-device-req-json=%7B%22platform%22%3A%22web%22%2C%22device%22%3A%22pc%22%7D&x-bili-web-req-json=%7B%22spm_id%22%3A%22333.1387%22%7D&dm_img_list=%5B%5D&dm_img_str=CI&dm_cover_img_str=JH&dm_img_inter=%7B%22ds%22%3A%5B%5D%2C%22wh%22%3A%5B0%2C0%2C0%5D%2C%22of%22%3A%5B0%2C0%2C0%5D%7D&wts=1754896785&web_location=1550101&w_rid=3de1a03c2a76e0ef65e0e422b820aa5c "HTTP/1.1 200 OK"
2025-08-11 15:19:46,070 - INFO - main.py:190 - fetch_user_dynamics - 用户 湯鬏 第 1 页获取到 12 条动态
2025-08-11 15:19:46,070 - INFO - main.py:202 - fetch_user_dynamics - 用户 湯鬏 遇到旧动态(<= 2025-07-21 00:00:00)，停止翻页
2025-08-11 15:19:46,070 - INFO - main.py:229 - fetch_user_dynamics - 用户 湯鬏 共获取到 1 条动态，共翻了 1 页
2025-08-11 15:19:46,264 - INFO - _client.py:1740 - _send_single_request - HTTP Request: GET https://api.bilibili.com/x/polymer/web-dynamic/v1/feed/space?host_mid=36446515&offset=&features=itemOpusStyle%2ClistOnlyfans%2CopusBigCover%2ConlyfansVote%2CforwardListHidden%2CdecorationCard%2CcommentsNewVersion%2ConlyfansAssetsV2%2CugcDelete%2ConlyfansQaCard&timezone_offset=-480&x-bili-device-req-json=%7B%22platform%22%3A%22web%22%2C%22device%22%3A%22pc%22%7D&x-bili-web-req-json=%7B%22spm_id%22%3A%22333.1387%22%7D&dm_img_list=%5B%5D&dm_img_str=AC&dm_cover_img_str=FI&dm_img_inter=%7B%22ds%22%3A%5B%5D%2C%22wh%22%3A%5B0%2C0%2C0%5D%2C%22of%22%3A%5B0%2C0%2C0%5D%7D&wts=1754896786&web_location=1550101&w_rid=77a919f1f2ca7660b31031b1e7a2ece5 "HTTP/1.1 200 OK"
2025-08-11 15:19:46,265 - INFO - main.py:190 - fetch_user_dynamics - 用户 我要当熊猫- 第 1 页获取到 12 条动态
2025-08-11 15:19:46,265 - INFO - main.py:202 - fetch_user_dynamics - 用户 我要当熊猫- 遇到旧动态(<= 2025-08-04 00:00:00)，停止翻页
2025-08-11 15:19:46,266 - INFO - main.py:229 - fetch_user_dynamics - 用户 我要当熊猫- 共获取到 1 条动态，共翻了 1 页
2025-08-11 15:19:46,864 - INFO - _client.py:1740 - _send_single_request - HTTP Request: GET https://api.bilibili.com/x/polymer/web-dynamic/v1/feed/space?host_mid=9817849&offset=&features=itemOpusStyle%2ClistOnlyfans%2CopusBigCover%2ConlyfansVote%2CforwardListHidden%2CdecorationCard%2CcommentsNewVersion%2ConlyfansAssetsV2%2CugcDelete%2ConlyfansQaCard&timezone_offset=-480&x-bili-device-req-json=%7B%22platform%22%3A%22web%22%2C%22device%22%3A%22pc%22%7D&x-bili-web-req-json=%7B%22spm_id%22%3A%22333.1387%22%7D&dm_img_list=%5B%5D&dm_img_str=HE&dm_cover_img_str=HC&dm_img_inter=%7B%22ds%22%3A%5B%5D%2C%22wh%22%3A%5B0%2C0%2C0%5D%2C%22of%22%3A%5B0%2C0%2C0%5D%7D&wts=1754896786&web_location=1550101&w_rid=75b2d70dd683cc25a78de3e125bb963b "HTTP/1.1 200 OK"
2025-08-11 15:19:46,874 - INFO - main.py:190 - fetch_user_dynamics - 用户 司稽不想画画 第 1 页获取到 13 条动态
2025-08-11 15:19:46,875 - INFO - main.py:202 - fetch_user_dynamics - 用户 司稽不想画画 遇到旧动态(<= 2025-07-07 00:00:00)，停止翻页
2025-08-11 15:19:46,875 - INFO - main.py:229 - fetch_user_dynamics - 用户 司稽不想画画 共获取到 0 条动态，共翻了 1 页
2025-08-11 15:19:47,209 - INFO - main.py:450 - _download_images_sync - 图片已保存: C:/Users/Ryimi/Downloads/bilibili\我要当熊猫-\draw-1098328067986685958\我要当熊猫-_1098328067986685958_1.png
2025-08-11 15:19:47,210 - INFO - main.py:581 - process_user - 处理动态: 用户=我要当熊猫-, ID=1098328067986685958, 类型=图文, 下载=成功
2025-08-11 15:19:47,339 - INFO - main.py:450 - _download_images_sync - 图片已保存: C:/Users/Ryimi/Downloads/bilibili\湯鬏\draw-1098011614784782373\湯鬏_1098011614784782373_1.jpg
2025-08-11 15:19:47,502 - INFO - main.py:450 - _download_images_sync - 图片已保存: C:/Users/Ryimi/Downloads/bilibili\湯鬏\draw-1098011614784782373\湯鬏_1098011614784782373_2.jpg
2025-08-11 15:19:47,503 - INFO - main.py:581 - process_user - 处理动态: 用户=湯鬏, ID=1098011614784782373, 类型=图文, 下载=成功
2025-08-11 15:19:56,722 - INFO - main.py:169 - fetch_user_dynamics - 开始获取用户 肥帽子(5223221) 的动态，模式: 增量, 起始时间: 2025-07-28 00:00:00
2025-08-11 15:19:56,722 - INFO - main.py:169 - fetch_user_dynamics - 开始获取用户 溯野洵(2119206709) 的动态，模式: 增量, 起始时间: 2025-07-07 00:00:00
2025-08-11 15:19:56,723 - INFO - main.py:169 - fetch_user_dynamics - 开始获取用户 晓笑鸮(238666020) 的动态，模式: 增量, 起始时间: 2025-05-31 00:00:00
2025-08-11 15:19:58,089 - INFO - _client.py:1740 - _send_single_request - HTTP Request: GET https://api.bilibili.com/x/polymer/web-dynamic/v1/feed/space?host_mid=2119206709&offset=&features=itemOpusStyle%2ClistOnlyfans%2CopusBigCover%2ConlyfansVote%2CforwardListHidden%2CdecorationCard%2CcommentsNewVersion%2ConlyfansAssetsV2%2CugcDelete%2ConlyfansQaCard&timezone_offset=-480&x-bili-device-req-json=%7B%22platform%22%3A%22web%22%2C%22device%22%3A%22pc%22%7D&x-bili-web-req-json=%7B%22spm_id%22%3A%22333.1387%22%7D&dm_img_list=%5B%5D&dm_img_str=GB&dm_cover_img_str=GK&dm_img_inter=%7B%22ds%22%3A%5B%5D%2C%22wh%22%3A%5B0%2C0%2C0%5D%2C%22of%22%3A%5B0%2C0%2C0%5D%7D&wts=1754896797&web_location=1550101&w_rid=77c4d994a7fdc4b7d9976e0c97032896 "HTTP/1.1 200 OK"
2025-08-11 15:19:58,091 - INFO - main.py:190 - fetch_user_dynamics - 用户 溯野洵 第 1 页获取到 12 条动态
2025-08-11 15:19:58,091 - INFO - main.py:202 - fetch_user_dynamics - 用户 溯野洵 遇到旧动态(<= 2025-07-07 00:00:00)，停止翻页
2025-08-11 15:19:58,091 - INFO - main.py:229 - fetch_user_dynamics - 用户 溯野洵 共获取到 0 条动态，共翻了 1 页
2025-08-11 15:19:58,427 - INFO - _client.py:1740 - _send_single_request - HTTP Request: GET https://api.bilibili.com/x/polymer/web-dynamic/v1/feed/space?host_mid=238666020&offset=&features=itemOpusStyle%2ClistOnlyfans%2CopusBigCover%2ConlyfansVote%2CforwardListHidden%2CdecorationCard%2CcommentsNewVersion%2ConlyfansAssetsV2%2CugcDelete%2ConlyfansQaCard&timezone_offset=-480&x-bili-device-req-json=%7B%22platform%22%3A%22web%22%2C%22device%22%3A%22pc%22%7D&x-bili-web-req-json=%7B%22spm_id%22%3A%22333.1387%22%7D&dm_img_list=%5B%5D&dm_img_str=DB&dm_cover_img_str=BI&dm_img_inter=%7B%22ds%22%3A%5B%5D%2C%22wh%22%3A%5B0%2C0%2C0%5D%2C%22of%22%3A%5B0%2C0%2C0%5D%7D&wts=1754896798&web_location=1550101&w_rid=17d42fe4dbf389256c2c4ddb9624b0c6 "HTTP/1.1 200 OK"
2025-08-11 15:19:58,428 - INFO - main.py:190 - fetch_user_dynamics - 用户 晓笑鸮 第 1 页获取到 12 条动态
2025-08-11 15:19:58,429 - INFO - main.py:202 - fetch_user_dynamics - 用户 晓笑鸮 遇到旧动态(<= 2025-05-31 00:00:00)，停止翻页
2025-08-11 15:19:58,429 - INFO - main.py:229 - fetch_user_dynamics - 用户 晓笑鸮 共获取到 0 条动态，共翻了 1 页
2025-08-11 15:19:59,258 - INFO - _client.py:1740 - _send_single_request - HTTP Request: GET https://api.bilibili.com/x/polymer/web-dynamic/v1/feed/space?host_mid=5223221&offset=&features=itemOpusStyle%2ClistOnlyfans%2CopusBigCover%2ConlyfansVote%2CforwardListHidden%2CdecorationCard%2CcommentsNewVersion%2ConlyfansAssetsV2%2CugcDelete%2ConlyfansQaCard&timezone_offset=-480&x-bili-device-req-json=%7B%22platform%22%3A%22web%22%2C%22device%22%3A%22pc%22%7D&x-bili-web-req-json=%7B%22spm_id%22%3A%22333.1387%22%7D&dm_img_list=%5B%5D&dm_img_str=DK&dm_cover_img_str=JE&dm_img_inter=%7B%22ds%22%3A%5B%5D%2C%22wh%22%3A%5B0%2C0%2C0%5D%2C%22of%22%3A%5B0%2C0%2C0%5D%7D&wts=1754896799&web_location=1550101&w_rid=da9d7a4ed1aefc128220ea41a958a6fa "HTTP/1.1 200 OK"
2025-08-11 15:19:59,258 - INFO - main.py:190 - fetch_user_dynamics - 用户 肥帽子 第 1 页获取到 12 条动态
2025-08-11 15:19:59,259 - INFO - main.py:202 - fetch_user_dynamics - 用户 肥帽子 遇到旧动态(<= 2025-07-28 00:00:00)，停止翻页
2025-08-11 15:19:59,259 - INFO - main.py:229 - fetch_user_dynamics - 用户 肥帽子 共获取到 1 条动态，共翻了 1 页
2025-08-11 15:19:59,259 - INFO - main.py:581 - process_user - 处理动态: 用户=肥帽子, ID=1098706639284862980, 类型=视频, 下载=失败
2025-08-11 15:20:04,428 - INFO - main.py:169 - fetch_user_dynamics - 开始获取用户 一朵烧麦(931818) 的动态，模式: 增量, 起始时间: 2100-01-01 00:00:00
2025-08-11 15:20:04,428 - INFO - main.py:169 - fetch_user_dynamics - 开始获取用户 一个点txt(454663758) 的动态，模式: 增量, 起始时间: 2025-08-04 00:00:00
2025-08-11 15:20:04,429 - INFO - main.py:169 - fetch_user_dynamics - 开始获取用户 竹丿枫(132980331) 的动态，模式: 增量, 起始时间: 2025-07-28 00:00:00
2025-08-11 15:20:05,725 - INFO - _client.py:1740 - _send_single_request - HTTP Request: GET https://api.bilibili.com/x/polymer/web-dynamic/v1/feed/space?host_mid=132980331&offset=&features=itemOpusStyle%2ClistOnlyfans%2CopusBigCover%2ConlyfansVote%2CforwardListHidden%2CdecorationCard%2CcommentsNewVersion%2ConlyfansAssetsV2%2CugcDelete%2ConlyfansQaCard&timezone_offset=-480&x-bili-device-req-json=%7B%22platform%22%3A%22web%22%2C%22device%22%3A%22pc%22%7D&x-bili-web-req-json=%7B%22spm_id%22%3A%22333.1387%22%7D&dm_img_list=%5B%5D&dm_img_str=BD&dm_cover_img_str=FJ&dm_img_inter=%7B%22ds%22%3A%5B%5D%2C%22wh%22%3A%5B0%2C0%2C0%5D%2C%22of%22%3A%5B0%2C0%2C0%5D%7D&wts=1754896805&web_location=1550101&w_rid=a11f4fb89321c20d7760aa76145b920a "HTTP/1.1 200 OK"
2025-08-11 15:20:05,727 - INFO - main.py:190 - fetch_user_dynamics - 用户 竹丿枫 第 1 页获取到 12 条动态
2025-08-11 15:20:05,727 - INFO - main.py:202 - fetch_user_dynamics - 用户 竹丿枫 遇到旧动态(<= 2025-07-28 00:00:00)，停止翻页
2025-08-11 15:20:05,727 - INFO - main.py:229 - fetch_user_dynamics - 用户 竹丿枫 共获取到 2 条动态，共翻了 1 页
2025-08-11 15:20:05,727 - INFO - main.py:581 - process_user - 处理动态: 用户=竹丿枫, ID=1098582218347905029, 类型=视频, 下载=失败
2025-08-11 15:20:06,438 - INFO - _client.py:1740 - _send_single_request - HTTP Request: GET https://api.bilibili.com/x/polymer/web-dynamic/v1/feed/space?host_mid=454663758&offset=&features=itemOpusStyle%2ClistOnlyfans%2CopusBigCover%2ConlyfansVote%2CforwardListHidden%2CdecorationCard%2CcommentsNewVersion%2ConlyfansAssetsV2%2CugcDelete%2ConlyfansQaCard&timezone_offset=-480&x-bili-device-req-json=%7B%22platform%22%3A%22web%22%2C%22device%22%3A%22pc%22%7D&x-bili-web-req-json=%7B%22spm_id%22%3A%22333.1387%22%7D&dm_img_list=%5B%5D&dm_img_str=GF&dm_cover_img_str=JK&dm_img_inter=%7B%22ds%22%3A%5B%5D%2C%22wh%22%3A%5B0%2C0%2C0%5D%2C%22of%22%3A%5B0%2C0%2C0%5D%7D&wts=1754896806&web_location=1550101&w_rid=485c4607e2e29531b4075560f70b266a "HTTP/1.1 200 OK"
2025-08-11 15:20:06,439 - INFO - main.py:190 - fetch_user_dynamics - 用户 一个点txt 第 1 页获取到 12 条动态
2025-08-11 15:20:06,439 - INFO - main.py:202 - fetch_user_dynamics - 用户 一个点txt 遇到旧动态(<= 2025-08-04 00:00:00)，停止翻页
2025-08-11 15:20:06,439 - INFO - main.py:229 - fetch_user_dynamics - 用户 一个点txt 共获取到 3 条动态，共翻了 1 页
2025-08-11 15:20:06,440 - INFO - main.py:581 - process_user - 处理动态: 用户=一个点txt, ID=1099557644088115217, 类型=视频, 下载=失败
2025-08-11 15:20:06,441 - INFO - main.py:581 - process_user - 处理动态: 用户=一个点txt, ID=1099508303489138693, 类型=视频, 下载=失败
2025-08-11 15:20:06,441 - INFO - main.py:581 - process_user - 处理动态: 用户=一个点txt, ID=1099026678760341542, 类型=视频, 下载=失败
2025-08-11 15:20:07,194 - INFO - main.py:450 - _download_images_sync - 图片已保存: C:/Users/Ryimi/Downloads/bilibili\竹丿枫\draw-1098582199033135110\竹丿枫_1098582199033135110_1.jpg
2025-08-11 15:20:07,195 - INFO - main.py:581 - process_user - 处理动态: 用户=竹丿枫, ID=1098582199033135110, 类型=图文, 下载=成功
2025-08-11 15:20:07,296 - INFO - _client.py:1740 - _send_single_request - HTTP Request: GET https://api.bilibili.com/x/polymer/web-dynamic/v1/feed/space?host_mid=931818&offset=&features=itemOpusStyle%2ClistOnlyfans%2CopusBigCover%2ConlyfansVote%2CforwardListHidden%2CdecorationCard%2CcommentsNewVersion%2ConlyfansAssetsV2%2CugcDelete%2ConlyfansQaCard&timezone_offset=-480&x-bili-device-req-json=%7B%22platform%22%3A%22web%22%2C%22device%22%3A%22pc%22%7D&x-bili-web-req-json=%7B%22spm_id%22%3A%22333.1387%22%7D&dm_img_list=%5B%5D&dm_img_str=GA&dm_cover_img_str=HG&dm_img_inter=%7B%22ds%22%3A%5B%5D%2C%22wh%22%3A%5B0%2C0%2C0%5D%2C%22of%22%3A%5B0%2C0%2C0%5D%7D&wts=1754896807&web_location=1550101&w_rid=d09068e0f5bec8ef80341022716d2c64 "HTTP/1.1 200 OK"
2025-08-11 15:20:07,299 - INFO - main.py:190 - fetch_user_dynamics - 用户 一朵烧麦 第 1 页获取到 12 条动态
2025-08-11 15:20:07,300 - INFO - main.py:202 - fetch_user_dynamics - 用户 一朵烧麦 遇到旧动态(<= 2100-01-01 00:00:00)，停止翻页
2025-08-11 15:20:07,300 - INFO - main.py:229 - fetch_user_dynamics - 用户 一朵烧麦 共获取到 0 条动态，共翻了 1 页
2025-08-11 15:20:15,710 - INFO - main.py:169 - fetch_user_dynamics - 开始获取用户 最上-川(11405916) 的动态，模式: 增量, 起始时间: 2025-08-04 00:00:00
2025-08-11 15:20:15,711 - INFO - main.py:169 - fetch_user_dynamics - 开始获取用户 a方方芳芳(8741520) 的动态，模式: 增量, 起始时间: 2025-08-04 00:00:00
2025-08-11 15:20:15,711 - INFO - main.py:169 - fetch_user_dynamics - 开始获取用户 Ameru_nya(22831026) 的动态，模式: 增量, 起始时间: 2025-07-01 00:00:00
2025-08-11 15:20:17,245 - INFO - _client.py:1740 - _send_single_request - HTTP Request: GET https://api.bilibili.com/x/polymer/web-dynamic/v1/feed/space?host_mid=8741520&offset=&features=itemOpusStyle%2ClistOnlyfans%2CopusBigCover%2ConlyfansVote%2CforwardListHidden%2CdecorationCard%2CcommentsNewVersion%2ConlyfansAssetsV2%2CugcDelete%2ConlyfansQaCard&timezone_offset=-480&x-bili-device-req-json=%7B%22platform%22%3A%22web%22%2C%22device%22%3A%22pc%22%7D&x-bili-web-req-json=%7B%22spm_id%22%3A%22333.1387%22%7D&dm_img_list=%5B%5D&dm_img_str=KG&dm_cover_img_str=DJ&dm_img_inter=%7B%22ds%22%3A%5B%5D%2C%22wh%22%3A%5B0%2C0%2C0%5D%2C%22of%22%3A%5B0%2C0%2C0%5D%7D&wts=1754896817&web_location=1550101&w_rid=255d99bda84f5a4574a4705e495d6c82 "HTTP/1.1 200 OK"
2025-08-11 15:20:17,249 - INFO - main.py:190 - fetch_user_dynamics - 用户 a方方芳芳 第 1 页获取到 12 条动态
2025-08-11 15:20:17,249 - INFO - main.py:202 - fetch_user_dynamics - 用户 a方方芳芳 遇到旧动态(<= 2025-08-04 00:00:00)，停止翻页
2025-08-11 15:20:17,249 - INFO - main.py:229 - fetch_user_dynamics - 用户 a方方芳芳 共获取到 3 条动态，共翻了 1 页
2025-08-11 15:20:17,250 - INFO - main.py:581 - process_user - 处理动态: 用户=a方方芳芳, ID=1098852088361779204, 类型=视频, 下载=失败
2025-08-11 15:20:17,250 - INFO - main.py:581 - process_user - 处理动态: 用户=a方方芳芳, ID=1098760008519122969, 类型=视频, 下载=失败
2025-08-11 15:20:17,250 - INFO - main.py:581 - process_user - 处理动态: 用户=a方方芳芳, ID=1098089873344036866, 类型=视频, 下载=失败
2025-08-11 15:20:17,619 - INFO - _client.py:1740 - _send_single_request - HTTP Request: GET https://api.bilibili.com/x/polymer/web-dynamic/v1/feed/space?host_mid=11405916&offset=&features=itemOpusStyle%2ClistOnlyfans%2CopusBigCover%2ConlyfansVote%2CforwardListHidden%2CdecorationCard%2CcommentsNewVersion%2ConlyfansAssetsV2%2CugcDelete%2ConlyfansQaCard&timezone_offset=-480&x-bili-device-req-json=%7B%22platform%22%3A%22web%22%2C%22device%22%3A%22pc%22%7D&x-bili-web-req-json=%7B%22spm_id%22%3A%22333.1387%22%7D&dm_img_list=%5B%5D&dm_img_str=AK&dm_cover_img_str=AG&dm_img_inter=%7B%22ds%22%3A%5B%5D%2C%22wh%22%3A%5B0%2C0%2C0%5D%2C%22of%22%3A%5B0%2C0%2C0%5D%7D&wts=1754896817&web_location=1550101&w_rid=3f49807a4d2e7f7b9a5f3d9fc24b03c3 "HTTP/1.1 200 OK"
2025-08-11 15:20:17,621 - INFO - main.py:190 - fetch_user_dynamics - 用户 最上-川 第 1 页获取到 12 条动态
2025-08-11 15:20:17,621 - INFO - main.py:202 - fetch_user_dynamics - 用户 最上-川 遇到旧动态(<= 2025-08-04 00:00:00)，停止翻页
2025-08-11 15:20:17,621 - INFO - main.py:229 - fetch_user_dynamics - 用户 最上-川 共获取到 3 条动态，共翻了 1 页
2025-08-11 15:20:17,621 - INFO - main.py:581 - process_user - 处理动态: 用户=最上-川, ID=1099062193828134937, 类型=转发, 下载=失败
2025-08-11 15:20:17,622 - INFO - main.py:581 - process_user - 处理动态: 用户=最上-川, ID=1097711173235638281, 类型=转发, 下载=失败
2025-08-11 15:20:17,622 - INFO - main.py:581 - process_user - 处理动态: 用户=最上-川, ID=1097640499529908224, 类型=转发, 下载=失败
2025-08-11 15:20:17,741 - INFO - _client.py:1740 - _send_single_request - HTTP Request: GET https://api.bilibili.com/x/polymer/web-dynamic/v1/feed/space?host_mid=22831026&offset=&features=itemOpusStyle%2ClistOnlyfans%2CopusBigCover%2ConlyfansVote%2CforwardListHidden%2CdecorationCard%2CcommentsNewVersion%2ConlyfansAssetsV2%2CugcDelete%2ConlyfansQaCard&timezone_offset=-480&x-bili-device-req-json=%7B%22platform%22%3A%22web%22%2C%22device%22%3A%22pc%22%7D&x-bili-web-req-json=%7B%22spm_id%22%3A%22333.1387%22%7D&dm_img_list=%5B%5D&dm_img_str=EC&dm_cover_img_str=JG&dm_img_inter=%7B%22ds%22%3A%5B%5D%2C%22wh%22%3A%5B0%2C0%2C0%5D%2C%22of%22%3A%5B0%2C0%2C0%5D%7D&wts=1754896817&web_location=1550101&w_rid=1d7f11130c81972a8b96c1c64b8de3c5 "HTTP/1.1 200 OK"
2025-08-11 15:20:17,744 - INFO - main.py:190 - fetch_user_dynamics - 用户 Ameru_nya 第 1 页获取到 13 条动态
2025-08-11 15:20:17,745 - INFO - main.py:202 - fetch_user_dynamics - 用户 Ameru_nya 遇到旧动态(<= 2025-07-01 00:00:00)，停止翻页
2025-08-11 15:20:17,745 - INFO - main.py:229 - fetch_user_dynamics - 用户 Ameru_nya 共获取到 0 条动态，共翻了 1 页
2025-08-11 15:20:25,565 - INFO - main.py:169 - fetch_user_dynamics - 开始获取用户 Cm羊(16851444) 的动态，模式: 增量, 起始时间: 2025-08-04 00:00:00
2025-08-11 15:20:25,566 - INFO - main.py:169 - fetch_user_dynamics - 开始获取用户 不愿透露姓名的Coria(7323950) 的动态，模式: 增量, 起始时间: 2025-08-04 00:00:00
2025-08-11 15:20:25,566 - INFO - main.py:169 - fetch_user_dynamics - 开始获取用户 --Duoer--(27862383) 的动态，模式: 增量, 起始时间: 2025-07-28 00:00:00
2025-08-11 15:20:26,877 - INFO - _client.py:1740 - _send_single_request - HTTP Request: GET https://api.bilibili.com/x/polymer/web-dynamic/v1/feed/space?host_mid=16851444&offset=&features=itemOpusStyle%2ClistOnlyfans%2CopusBigCover%2ConlyfansVote%2CforwardListHidden%2CdecorationCard%2CcommentsNewVersion%2ConlyfansAssetsV2%2CugcDelete%2ConlyfansQaCard&timezone_offset=-480&x-bili-device-req-json=%7B%22platform%22%3A%22web%22%2C%22device%22%3A%22pc%22%7D&x-bili-web-req-json=%7B%22spm_id%22%3A%22333.1387%22%7D&dm_img_list=%5B%5D&dm_img_str=DI&dm_cover_img_str=KA&dm_img_inter=%7B%22ds%22%3A%5B%5D%2C%22wh%22%3A%5B0%2C0%2C0%5D%2C%22of%22%3A%5B0%2C0%2C0%5D%7D&wts=1754896826&web_location=1550101&w_rid=ab452d5a2160c69870da5ced2262c7bf "HTTP/1.1 200 OK"
2025-08-11 15:20:26,878 - INFO - main.py:190 - fetch_user_dynamics - 用户 Cm羊 第 1 页获取到 13 条动态
2025-08-11 15:20:26,878 - INFO - main.py:202 - fetch_user_dynamics - 用户 Cm羊 遇到旧动态(<= 2025-08-04 00:00:00)，停止翻页
2025-08-11 15:20:26,878 - INFO - main.py:229 - fetch_user_dynamics - 用户 Cm羊 共获取到 0 条动态，共翻了 1 页
2025-08-11 15:20:27,107 - INFO - _client.py:1740 - _send_single_request - HTTP Request: GET https://api.bilibili.com/x/polymer/web-dynamic/v1/feed/space?host_mid=27862383&offset=&features=itemOpusStyle%2ClistOnlyfans%2CopusBigCover%2ConlyfansVote%2CforwardListHidden%2CdecorationCard%2CcommentsNewVersion%2ConlyfansAssetsV2%2CugcDelete%2ConlyfansQaCard&timezone_offset=-480&x-bili-device-req-json=%7B%22platform%22%3A%22web%22%2C%22device%22%3A%22pc%22%7D&x-bili-web-req-json=%7B%22spm_id%22%3A%22333.1387%22%7D&dm_img_list=%5B%5D&dm_img_str=BK&dm_cover_img_str=JH&dm_img_inter=%7B%22ds%22%3A%5B%5D%2C%22wh%22%3A%5B0%2C0%2C0%5D%2C%22of%22%3A%5B0%2C0%2C0%5D%7D&wts=1754896826&web_location=1550101&w_rid=b3f6ecb340987559a4c1941aa3370cc9 "HTTP/1.1 200 OK"
2025-08-11 15:20:27,112 - INFO - main.py:190 - fetch_user_dynamics - 用户 --Duoer-- 第 1 页获取到 12 条动态
2025-08-11 15:20:27,112 - INFO - main.py:202 - fetch_user_dynamics - 用户 --Duoer-- 遇到旧动态(<= 2025-07-28 00:00:00)，停止翻页
2025-08-11 15:20:27,112 - INFO - main.py:229 - fetch_user_dynamics - 用户 --Duoer-- 共获取到 0 条动态，共翻了 1 页
2025-08-11 15:20:27,409 - INFO - _client.py:1740 - _send_single_request - HTTP Request: GET https://api.bilibili.com/x/polymer/web-dynamic/v1/feed/space?host_mid=7323950&offset=&features=itemOpusStyle%2ClistOnlyfans%2CopusBigCover%2ConlyfansVote%2CforwardListHidden%2CdecorationCard%2CcommentsNewVersion%2ConlyfansAssetsV2%2CugcDelete%2ConlyfansQaCard&timezone_offset=-480&x-bili-device-req-json=%7B%22platform%22%3A%22web%22%2C%22device%22%3A%22pc%22%7D&x-bili-web-req-json=%7B%22spm_id%22%3A%22333.1387%22%7D&dm_img_list=%5B%5D&dm_img_str=DF&dm_cover_img_str=EC&dm_img_inter=%7B%22ds%22%3A%5B%5D%2C%22wh%22%3A%5B0%2C0%2C0%5D%2C%22of%22%3A%5B0%2C0%2C0%5D%7D&wts=1754896827&web_location=1550101&w_rid=e0a6d7bd8d175bc4771acb1bb0399111 "HTTP/1.1 200 OK"
2025-08-11 15:20:27,413 - INFO - main.py:190 - fetch_user_dynamics - 用户 不愿透露姓名的Coria 第 1 页获取到 12 条动态
2025-08-11 15:20:27,414 - INFO - main.py:202 - fetch_user_dynamics - 用户 不愿透露姓名的Coria 遇到旧动态(<= 2025-08-04 00:00:00)，停止翻页
2025-08-11 15:20:27,414 - INFO - main.py:229 - fetch_user_dynamics - 用户 不愿透露姓名的Coria 共获取到 0 条动态，共翻了 1 页
2025-08-11 15:20:32,839 - INFO - main.py:169 - fetch_user_dynamics - 开始获取用户 Eq-014-(19810237) 的动态，模式: 增量, 起始时间: 2025-05-31 00:00:00
2025-08-11 15:20:32,839 - INFO - main.py:169 - fetch_user_dynamics - 开始获取用户 FL-飞灵(13496869) 的动态，模式: 增量, 起始时间: 2025-08-04 00:00:00
2025-08-11 15:20:32,839 - INFO - main.py:169 - fetch_user_dynamics - 开始获取用户 G-720 起源(587251659) 的动态，模式: 增量, 起始时间: 2025-07-07 00:00:00
2025-08-11 15:20:34,152 - INFO - _client.py:1740 - _send_single_request - HTTP Request: GET https://api.bilibili.com/x/polymer/web-dynamic/v1/feed/space?host_mid=13496869&offset=&features=itemOpusStyle%2ClistOnlyfans%2CopusBigCover%2ConlyfansVote%2CforwardListHidden%2CdecorationCard%2CcommentsNewVersion%2ConlyfansAssetsV2%2CugcDelete%2ConlyfansQaCard&timezone_offset=-480&x-bili-device-req-json=%7B%22platform%22%3A%22web%22%2C%22device%22%3A%22pc%22%7D&x-bili-web-req-json=%7B%22spm_id%22%3A%22333.1387%22%7D&dm_img_list=%5B%5D&dm_img_str=KH&dm_cover_img_str=AF&dm_img_inter=%7B%22ds%22%3A%5B%5D%2C%22wh%22%3A%5B0%2C0%2C0%5D%2C%22of%22%3A%5B0%2C0%2C0%5D%7D&wts=1754896833&web_location=1550101&w_rid=ac1d50bc6be598deb5799c236c1c30f7 "HTTP/1.1 200 OK"
2025-08-11 15:20:34,153 - INFO - main.py:190 - fetch_user_dynamics - 用户 FL-飞灵 第 1 页获取到 12 条动态
2025-08-11 15:20:34,153 - INFO - main.py:202 - fetch_user_dynamics - 用户 FL-飞灵 遇到旧动态(<= 2025-08-04 00:00:00)，停止翻页
2025-08-11 15:20:34,154 - INFO - main.py:229 - fetch_user_dynamics - 用户 FL-飞灵 共获取到 2 条动态，共翻了 1 页
2025-08-11 15:20:34,210 - INFO - _client.py:1740 - _send_single_request - HTTP Request: GET https://api.bilibili.com/x/polymer/web-dynamic/v1/feed/space?host_mid=19810237&offset=&features=itemOpusStyle%2ClistOnlyfans%2CopusBigCover%2ConlyfansVote%2CforwardListHidden%2CdecorationCard%2CcommentsNewVersion%2ConlyfansAssetsV2%2CugcDelete%2ConlyfansQaCard&timezone_offset=-480&x-bili-device-req-json=%7B%22platform%22%3A%22web%22%2C%22device%22%3A%22pc%22%7D&x-bili-web-req-json=%7B%22spm_id%22%3A%22333.1387%22%7D&dm_img_list=%5B%5D&dm_img_str=IH&dm_cover_img_str=BD&dm_img_inter=%7B%22ds%22%3A%5B%5D%2C%22wh%22%3A%5B0%2C0%2C0%5D%2C%22of%22%3A%5B0%2C0%2C0%5D%7D&wts=1754896834&web_location=1550101&w_rid=5c8d35d2b865dee6bf8a49dd5a2c07e2 "HTTP/1.1 200 OK"
2025-08-11 15:20:34,212 - INFO - main.py:190 - fetch_user_dynamics - 用户 Eq-014- 第 1 页获取到 12 条动态
2025-08-11 15:20:34,212 - INFO - main.py:202 - fetch_user_dynamics - 用户 Eq-014- 遇到旧动态(<= 2025-05-31 00:00:00)，停止翻页
2025-08-11 15:20:34,212 - INFO - main.py:229 - fetch_user_dynamics - 用户 Eq-014- 共获取到 0 条动态，共翻了 1 页
2025-08-11 15:20:35,235 - INFO - _client.py:1740 - _send_single_request - HTTP Request: GET https://api.bilibili.com/x/polymer/web-dynamic/v1/feed/space?host_mid=587251659&offset=&features=itemOpusStyle%2ClistOnlyfans%2CopusBigCover%2ConlyfansVote%2CforwardListHidden%2CdecorationCard%2CcommentsNewVersion%2ConlyfansAssetsV2%2CugcDelete%2ConlyfansQaCard&timezone_offset=-480&x-bili-device-req-json=%7B%22platform%22%3A%22web%22%2C%22device%22%3A%22pc%22%7D&x-bili-web-req-json=%7B%22spm_id%22%3A%22333.1387%22%7D&dm_img_list=%5B%5D&dm_img_str=CB&dm_cover_img_str=EF&dm_img_inter=%7B%22ds%22%3A%5B%5D%2C%22wh%22%3A%5B0%2C0%2C0%5D%2C%22of%22%3A%5B0%2C0%2C0%5D%7D&wts=1754896835&web_location=1550101&w_rid=4b386ef1289167202916d7a2ebca11fc "HTTP/1.1 200 OK"
2025-08-11 15:20:35,238 - INFO - main.py:190 - fetch_user_dynamics - 用户 G-720 起源 第 1 页获取到 13 条动态
2025-08-11 15:20:35,238 - INFO - main.py:202 - fetch_user_dynamics - 用户 G-720 起源 遇到旧动态(<= 2025-07-07 00:00:00)，停止翻页
2025-08-11 15:20:35,239 - INFO - main.py:229 - fetch_user_dynamics - 用户 G-720 起源 共获取到 0 条动态，共翻了 1 页
2025-08-11 15:20:35,374 - INFO - main.py:450 - _download_images_sync - 图片已保存: C:/Users/Ryimi/Downloads/bilibili\FL-飞灵\draw-1098334682219544581\FL-飞灵_1098334682219544581_1.jpg
2025-08-11 15:20:35,374 - INFO - main.py:581 - process_user - 处理动态: 用户=FL-飞灵, ID=1098334682219544581, 类型=图文, 下载=成功
2025-08-11 15:20:36,718 - INFO - main.py:450 - _download_images_sync - 图片已保存: C:/Users/Ryimi/Downloads/bilibili\FL-飞灵\draw-1097490682470203393\FL-飞灵_1097490682470203393_1.png
2025-08-11 15:20:36,719 - INFO - main.py:581 - process_user - 处理动态: 用户=FL-飞灵, ID=1097490682470203393, 类型=图文, 下载=成功
2025-08-11 15:20:42,852 - INFO - main.py:169 - fetch_user_dynamics - 开始获取用户 kago蒙古中单(1805183606) 的动态，模式: 增量, 起始时间: 2025-08-04 00:00:00
2025-08-11 15:20:42,852 - INFO - main.py:169 - fetch_user_dynamics - 开始获取用户 Kieed(25589919) 的动态，模式: 增量, 起始时间: 2025-07-07 00:00:00
2025-08-11 15:20:42,853 - INFO - main.py:169 - fetch_user_dynamics - 开始获取用户 Laylakkkk杏(301621) 的动态，模式: 增量, 起始时间: 2025-07-07 00:00:00
2025-08-11 15:20:44,375 - INFO - _client.py:1740 - _send_single_request - HTTP Request: GET https://api.bilibili.com/x/polymer/web-dynamic/v1/feed/space?host_mid=1805183606&offset=&features=itemOpusStyle%2ClistOnlyfans%2CopusBigCover%2ConlyfansVote%2CforwardListHidden%2CdecorationCard%2CcommentsNewVersion%2ConlyfansAssetsV2%2CugcDelete%2ConlyfansQaCard&timezone_offset=-480&x-bili-device-req-json=%7B%22platform%22%3A%22web%22%2C%22device%22%3A%22pc%22%7D&x-bili-web-req-json=%7B%22spm_id%22%3A%22333.1387%22%7D&dm_img_list=%5B%5D&dm_img_str=AB&dm_cover_img_str=HI&dm_img_inter=%7B%22ds%22%3A%5B%5D%2C%22wh%22%3A%5B0%2C0%2C0%5D%2C%22of%22%3A%5B0%2C0%2C0%5D%7D&wts=1754896844&web_location=1550101&w_rid=31fbd10825bba88caf45797b28c9dfd4 "HTTP/1.1 200 OK"
2025-08-11 15:20:44,378 - INFO - main.py:190 - fetch_user_dynamics - 用户 kago蒙古中单 第 1 页获取到 12 条动态
2025-08-11 15:20:44,378 - INFO - main.py:202 - fetch_user_dynamics - 用户 kago蒙古中单 遇到旧动态(<= 2025-08-04 00:00:00)，停止翻页
2025-08-11 15:20:44,378 - INFO - main.py:229 - fetch_user_dynamics - 用户 kago蒙古中单 共获取到 0 条动态，共翻了 1 页
2025-08-11 15:20:44,948 - INFO - _client.py:1740 - _send_single_request - HTTP Request: GET https://api.bilibili.com/x/polymer/web-dynamic/v1/feed/space?host_mid=301621&offset=&features=itemOpusStyle%2ClistOnlyfans%2CopusBigCover%2ConlyfansVote%2CforwardListHidden%2CdecorationCard%2CcommentsNewVersion%2ConlyfansAssetsV2%2CugcDelete%2ConlyfansQaCard&timezone_offset=-480&x-bili-device-req-json=%7B%22platform%22%3A%22web%22%2C%22device%22%3A%22pc%22%7D&x-bili-web-req-json=%7B%22spm_id%22%3A%22333.1387%22%7D&dm_img_list=%5B%5D&dm_img_str=GE&dm_cover_img_str=AE&dm_img_inter=%7B%22ds%22%3A%5B%5D%2C%22wh%22%3A%5B0%2C0%2C0%5D%2C%22of%22%3A%5B0%2C0%2C0%5D%7D&wts=1754896844&web_location=1550101&w_rid=f291c6aef723707ae886da4dcbcbe2c3 "HTTP/1.1 200 OK"
2025-08-11 15:20:44,952 - INFO - main.py:190 - fetch_user_dynamics - 用户 Laylakkkk杏 第 1 页获取到 13 条动态
2025-08-11 15:20:44,952 - INFO - main.py:202 - fetch_user_dynamics - 用户 Laylakkkk杏 遇到旧动态(<= 2025-07-07 00:00:00)，停止翻页
2025-08-11 15:20:44,952 - INFO - main.py:229 - fetch_user_dynamics - 用户 Laylakkkk杏 共获取到 0 条动态，共翻了 1 页
2025-08-11 15:20:45,012 - INFO - _client.py:1740 - _send_single_request - HTTP Request: GET https://api.bilibili.com/x/polymer/web-dynamic/v1/feed/space?host_mid=25589919&offset=&features=itemOpusStyle%2ClistOnlyfans%2CopusBigCover%2ConlyfansVote%2CforwardListHidden%2CdecorationCard%2CcommentsNewVersion%2ConlyfansAssetsV2%2CugcDelete%2ConlyfansQaCard&timezone_offset=-480&x-bili-device-req-json=%7B%22platform%22%3A%22web%22%2C%22device%22%3A%22pc%22%7D&x-bili-web-req-json=%7B%22spm_id%22%3A%22333.1387%22%7D&dm_img_list=%5B%5D&dm_img_str=IA&dm_cover_img_str=HC&dm_img_inter=%7B%22ds%22%3A%5B%5D%2C%22wh%22%3A%5B0%2C0%2C0%5D%2C%22of%22%3A%5B0%2C0%2C0%5D%7D&wts=1754896844&web_location=1550101&w_rid=5125d4061905e122c1c680f0f3498358 "HTTP/1.1 200 OK"
2025-08-11 15:20:45,015 - INFO - main.py:190 - fetch_user_dynamics - 用户 Kieed 第 1 页获取到 13 条动态
2025-08-11 15:20:45,016 - INFO - main.py:202 - fetch_user_dynamics - 用户 Kieed 遇到旧动态(<= 2025-07-07 00:00:00)，停止翻页
2025-08-11 15:20:45,016 - INFO - main.py:229 - fetch_user_dynamics - 用户 Kieed 共获取到 0 条动态，共翻了 1 页
2025-08-11 15:20:52,495 - INFO - main.py:169 - fetch_user_dynamics - 开始获取用户 lunami_未月(695378) 的动态，模式: 增量, 起始时间: 2025-08-04 00:00:00
2025-08-11 15:20:52,495 - INFO - main.py:169 - fetch_user_dynamics - 开始获取用户 MICAS_1118(3546735915829497) 的动态，模式: 增量, 起始时间: 2025-07-21 00:00:00
2025-08-11 15:20:52,496 - INFO - main.py:169 - fetch_user_dynamics - 开始获取用户 Rafa-ela(372398487) 的动态，模式: 增量, 起始时间: 2025-07-21 00:00:00
2025-08-11 15:20:54,152 - INFO - _client.py:1740 - _send_single_request - HTTP Request: GET https://api.bilibili.com/x/polymer/web-dynamic/v1/feed/space?host_mid=372398487&offset=&features=itemOpusStyle%2ClistOnlyfans%2CopusBigCover%2ConlyfansVote%2CforwardListHidden%2CdecorationCard%2CcommentsNewVersion%2ConlyfansAssetsV2%2CugcDelete%2ConlyfansQaCard&timezone_offset=-480&x-bili-device-req-json=%7B%22platform%22%3A%22web%22%2C%22device%22%3A%22pc%22%7D&x-bili-web-req-json=%7B%22spm_id%22%3A%22333.1387%22%7D&dm_img_list=%5B%5D&dm_img_str=FG&dm_cover_img_str=IE&dm_img_inter=%7B%22ds%22%3A%5B%5D%2C%22wh%22%3A%5B0%2C0%2C0%5D%2C%22of%22%3A%5B0%2C0%2C0%5D%7D&wts=1754896853&web_location=1550101&w_rid=105cab7208ecd1304deb0133280e0ec5 "HTTP/1.1 200 OK"
2025-08-11 15:20:54,158 - INFO - main.py:190 - fetch_user_dynamics - 用户 Rafa-ela 第 1 页获取到 12 条动态
2025-08-11 15:20:54,158 - INFO - main.py:202 - fetch_user_dynamics - 用户 Rafa-ela 遇到旧动态(<= 2025-07-21 00:00:00)，停止翻页
2025-08-11 15:20:54,158 - INFO - main.py:229 - fetch_user_dynamics - 用户 Rafa-ela 共获取到 2 条动态，共翻了 1 页
2025-08-11 15:20:54,159 - INFO - main.py:581 - process_user - 处理动态: 用户=Rafa-ela, ID=1099306805112078357, 类型=视频, 下载=失败
2025-08-11 15:20:54,604 - INFO - _client.py:1740 - _send_single_request - HTTP Request: GET https://api.bilibili.com/x/polymer/web-dynamic/v1/feed/space?host_mid=695378&offset=&features=itemOpusStyle%2ClistOnlyfans%2CopusBigCover%2ConlyfansVote%2CforwardListHidden%2CdecorationCard%2CcommentsNewVersion%2ConlyfansAssetsV2%2CugcDelete%2ConlyfansQaCard&timezone_offset=-480&x-bili-device-req-json=%7B%22platform%22%3A%22web%22%2C%22device%22%3A%22pc%22%7D&x-bili-web-req-json=%7B%22spm_id%22%3A%22333.1387%22%7D&dm_img_list=%5B%5D&dm_img_str=FG&dm_cover_img_str=DF&dm_img_inter=%7B%22ds%22%3A%5B%5D%2C%22wh%22%3A%5B0%2C0%2C0%5D%2C%22of%22%3A%5B0%2C0%2C0%5D%7D&wts=1754896854&web_location=1550101&w_rid=fbd6fbe9b9cc725c5133be550d02dd59 "HTTP/1.1 200 OK"
2025-08-11 15:20:54,605 - INFO - main.py:190 - fetch_user_dynamics - 用户 lunami_未月 第 1 页获取到 12 条动态
2025-08-11 15:20:54,606 - INFO - main.py:202 - fetch_user_dynamics - 用户 lunami_未月 遇到旧动态(<= 2025-08-04 00:00:00)，停止翻页
2025-08-11 15:20:54,606 - INFO - main.py:229 - fetch_user_dynamics - 用户 lunami_未月 共获取到 4 条动态，共翻了 1 页
2025-08-11 15:20:55,216 - INFO - _client.py:1740 - _send_single_request - HTTP Request: GET https://api.bilibili.com/x/polymer/web-dynamic/v1/feed/space?host_mid=3546735915829497&offset=&features=itemOpusStyle%2ClistOnlyfans%2CopusBigCover%2ConlyfansVote%2CforwardListHidden%2CdecorationCard%2CcommentsNewVersion%2ConlyfansAssetsV2%2CugcDelete%2ConlyfansQaCard&timezone_offset=-480&x-bili-device-req-json=%7B%22platform%22%3A%22web%22%2C%22device%22%3A%22pc%22%7D&x-bili-web-req-json=%7B%22spm_id%22%3A%22333.1387%22%7D&dm_img_list=%5B%5D&dm_img_str=HA&dm_cover_img_str=ID&dm_img_inter=%7B%22ds%22%3A%5B%5D%2C%22wh%22%3A%5B0%2C0%2C0%5D%2C%22of%22%3A%5B0%2C0%2C0%5D%7D&wts=1754896855&web_location=1550101&w_rid=0f0def444b3c01fe364fbd27235b9bf9 "HTTP/1.1 200 OK"
2025-08-11 15:20:55,217 - INFO - main.py:190 - fetch_user_dynamics - 用户 MICAS_1118 第 1 页获取到 12 条动态
2025-08-11 15:20:55,217 - INFO - main.py:202 - fetch_user_dynamics - 用户 MICAS_1118 遇到旧动态(<= 2025-07-21 00:00:00)，停止翻页
2025-08-11 15:20:55,217 - INFO - main.py:229 - fetch_user_dynamics - 用户 MICAS_1118 共获取到 0 条动态，共翻了 1 页
2025-08-11 15:20:55,376 - INFO - main.py:450 - _download_images_sync - 图片已保存: C:/Users/Ryimi/Downloads/bilibili\Rafa-ela\draw-1098203758738800644\Rafa-ela_1098203758738800644_1.jpg
2025-08-11 15:20:55,376 - INFO - main.py:581 - process_user - 处理动态: 用户=Rafa-ela, ID=1098203758738800644, 类型=图文, 下载=成功
2025-08-11 15:20:55,647 - INFO - main.py:450 - _download_images_sync - 图片已保存: C:/Users/Ryimi/Downloads/bilibili\lunami_未月\draw-1098487608838717440\lunami_未月_1098487608838717440_1.jpg
2025-08-11 15:20:55,648 - INFO - main.py:581 - process_user - 处理动态: 用户=lunami_未月, ID=1098487608838717440, 类型=图文, 下载=成功
2025-08-11 15:20:55,648 - INFO - main.py:581 - process_user - 处理动态: 用户=lunami_未月, ID=1097709734395379712, 类型=视频, 下载=失败
2025-08-11 15:20:55,648 - INFO - main.py:581 - process_user - 处理动态: 用户=lunami_未月, ID=1097628671178440743, 类型=视频, 下载=失败
2025-08-11 15:20:56,837 - INFO - main.py:450 - _download_images_sync - 图片已保存: C:/Users/Ryimi/Downloads/bilibili\lunami_未月\draw-1097619157848948760\lunami_未月_1097619157848948760_1.jpg
2025-08-11 15:20:56,837 - INFO - main.py:581 - process_user - 处理动态: 用户=lunami_未月, ID=1097619157848948760, 类型=图文, 下载=成功
2025-08-11 15:21:02,413 - INFO - main.py:169 - fetch_user_dynamics - 开始获取用户 Rosem琳(190024262) 的动态，模式: 增量, 起始时间: 2025-08-04 00:00:00
2025-08-11 15:21:02,413 - INFO - main.py:169 - fetch_user_dynamics - 开始获取用户 ryou伶言(8612295) 的动态，模式: 增量, 起始时间: 2025-07-21 00:00:00
2025-08-11 15:21:02,414 - INFO - main.py:169 - fetch_user_dynamics - 开始获取用户 SCeedd(600291365) 的动态，模式: 增量, 起始时间: 2025-05-31 00:00:00
2025-08-11 15:21:05,030 - INFO - _client.py:1740 - _send_single_request - HTTP Request: GET https://api.bilibili.com/x/polymer/web-dynamic/v1/feed/space?host_mid=600291365&offset=&features=itemOpusStyle%2ClistOnlyfans%2CopusBigCover%2ConlyfansVote%2CforwardListHidden%2CdecorationCard%2CcommentsNewVersion%2ConlyfansAssetsV2%2CugcDelete%2ConlyfansQaCard&timezone_offset=-480&x-bili-device-req-json=%7B%22platform%22%3A%22web%22%2C%22device%22%3A%22pc%22%7D&x-bili-web-req-json=%7B%22spm_id%22%3A%22333.1387%22%7D&dm_img_list=%5B%5D&dm_img_str=IH&dm_cover_img_str=ID&dm_img_inter=%7B%22ds%22%3A%5B%5D%2C%22wh%22%3A%5B0%2C0%2C0%5D%2C%22of%22%3A%5B0%2C0%2C0%5D%7D&wts=1754896864&web_location=1550101&w_rid=af584f522eebc9ff5665e6d596753440 "HTTP/1.1 200 OK"
2025-08-11 15:21:05,031 - INFO - main.py:190 - fetch_user_dynamics - 用户 SCeedd 第 1 页获取到 13 条动态
2025-08-11 15:21:05,031 - INFO - main.py:202 - fetch_user_dynamics - 用户 SCeedd 遇到旧动态(<= 2025-05-31 00:00:00)，停止翻页
2025-08-11 15:21:05,031 - INFO - main.py:229 - fetch_user_dynamics - 用户 SCeedd 共获取到 0 条动态，共翻了 1 页
2025-08-11 15:21:05,437 - INFO - _client.py:1740 - _send_single_request - HTTP Request: GET https://api.bilibili.com/x/polymer/web-dynamic/v1/feed/space?host_mid=8612295&offset=&features=itemOpusStyle%2ClistOnlyfans%2CopusBigCover%2ConlyfansVote%2CforwardListHidden%2CdecorationCard%2CcommentsNewVersion%2ConlyfansAssetsV2%2CugcDelete%2ConlyfansQaCard&timezone_offset=-480&x-bili-device-req-json=%7B%22platform%22%3A%22web%22%2C%22device%22%3A%22pc%22%7D&x-bili-web-req-json=%7B%22spm_id%22%3A%22333.1387%22%7D&dm_img_list=%5B%5D&dm_img_str=FI&dm_cover_img_str=GF&dm_img_inter=%7B%22ds%22%3A%5B%5D%2C%22wh%22%3A%5B0%2C0%2C0%5D%2C%22of%22%3A%5B0%2C0%2C0%5D%7D&wts=1754896865&web_location=1550101&w_rid=eeb4f4df7940189524d2b15423e06011 "HTTP/1.1 200 OK"
2025-08-11 15:21:05,441 - INFO - main.py:190 - fetch_user_dynamics - 用户 ryou伶言 第 1 页获取到 12 条动态
2025-08-11 15:21:05,441 - INFO - main.py:202 - fetch_user_dynamics - 用户 ryou伶言 遇到旧动态(<= 2025-07-21 00:00:00)，停止翻页
2025-08-11 15:21:05,441 - INFO - main.py:229 - fetch_user_dynamics - 用户 ryou伶言 共获取到 0 条动态，共翻了 1 页
2025-08-11 15:21:05,537 - INFO - _client.py:1740 - _send_single_request - HTTP Request: GET https://api.bilibili.com/x/polymer/web-dynamic/v1/feed/space?host_mid=190024262&offset=&features=itemOpusStyle%2ClistOnlyfans%2CopusBigCover%2ConlyfansVote%2CforwardListHidden%2CdecorationCard%2CcommentsNewVersion%2ConlyfansAssetsV2%2CugcDelete%2ConlyfansQaCard&timezone_offset=-480&x-bili-device-req-json=%7B%22platform%22%3A%22web%22%2C%22device%22%3A%22pc%22%7D&x-bili-web-req-json=%7B%22spm_id%22%3A%22333.1387%22%7D&dm_img_list=%5B%5D&dm_img_str=JI&dm_cover_img_str=GI&dm_img_inter=%7B%22ds%22%3A%5B%5D%2C%22wh%22%3A%5B0%2C0%2C0%5D%2C%22of%22%3A%5B0%2C0%2C0%5D%7D&wts=1754896865&web_location=1550101&w_rid=1b8203bf53b90bab919e5b0cb8e7a331 "HTTP/1.1 200 OK"
2025-08-11 15:21:05,545 - INFO - main.py:190 - fetch_user_dynamics - 用户 Rosem琳 第 1 页获取到 12 条动态
2025-08-11 15:21:05,545 - INFO - main.py:202 - fetch_user_dynamics - 用户 Rosem琳 遇到旧动态(<= 2025-08-04 00:00:00)，停止翻页
2025-08-11 15:21:05,545 - INFO - main.py:229 - fetch_user_dynamics - 用户 Rosem琳 共获取到 7 条动态，共翻了 1 页
2025-08-11 15:21:05,545 - INFO - main.py:581 - process_user - 处理动态: 用户=Rosem琳, ID=1099529902899593225, 类型=转发, 下载=失败
2025-08-11 15:21:05,546 - INFO - main.py:581 - process_user - 处理动态: 用户=Rosem琳, ID=1098780297929949185, 类型=转发, 下载=失败
2025-08-11 15:21:05,546 - INFO - main.py:581 - process_user - 处理动态: 用户=Rosem琳, ID=1098259056432250905, 类型=转发, 下载=失败
2025-08-11 15:21:05,546 - INFO - main.py:581 - process_user - 处理动态: 用户=Rosem琳, ID=1098031981495582721, 类型=转发, 下载=失败
2025-08-11 15:21:05,546 - INFO - main.py:581 - process_user - 处理动态: 用户=Rosem琳, ID=1097507252497022995, 类型=转发, 下载=失败
2025-08-11 15:21:05,547 - INFO - main.py:581 - process_user - 处理动态: 用户=Rosem琳, ID=1097480769706655768, 类型=转发, 下载=失败
2025-08-11 15:21:05,547 - INFO - main.py:581 - process_user - 处理动态: 用户=Rosem琳, ID=1097145753650855958, 类型=转发, 下载=失败
2025-08-11 15:21:13,471 - INFO - main.py:169 - fetch_user_dynamics - 开始获取用户 Szi_f(431436293) 的动态，模式: 增量, 起始时间: 2025-08-04 00:00:00
2025-08-11 15:21:13,471 - INFO - main.py:169 - fetch_user_dynamics - 开始获取用户 yichisaku(612440) 的动态，模式: 增量, 起始时间: 2025-07-01 00:00:00
2025-08-11 15:21:13,471 - INFO - main.py:169 - fetch_user_dynamics - 开始获取用户 Zombie_KE(52215954) 的动态，模式: 增量, 起始时间: 2025-08-04 00:00:00
2025-08-11 15:21:15,047 - INFO - _client.py:1740 - _send_single_request - HTTP Request: GET https://api.bilibili.com/x/polymer/web-dynamic/v1/feed/space?host_mid=52215954&offset=&features=itemOpusStyle%2ClistOnlyfans%2CopusBigCover%2ConlyfansVote%2CforwardListHidden%2CdecorationCard%2CcommentsNewVersion%2ConlyfansAssetsV2%2CugcDelete%2ConlyfansQaCard&timezone_offset=-480&x-bili-device-req-json=%7B%22platform%22%3A%22web%22%2C%22device%22%3A%22pc%22%7D&x-bili-web-req-json=%7B%22spm_id%22%3A%22333.1387%22%7D&dm_img_list=%5B%5D&dm_img_str=FI&dm_cover_img_str=BA&dm_img_inter=%7B%22ds%22%3A%5B%5D%2C%22wh%22%3A%5B0%2C0%2C0%5D%2C%22of%22%3A%5B0%2C0%2C0%5D%7D&wts=1754896874&web_location=1550101&w_rid=9f293a3517b855b0a7dd2f206a50015c "HTTP/1.1 200 OK"
2025-08-11 15:21:15,049 - INFO - main.py:190 - fetch_user_dynamics - 用户 Zombie_KE 第 1 页获取到 12 条动态
2025-08-11 15:21:15,050 - INFO - main.py:202 - fetch_user_dynamics - 用户 Zombie_KE 遇到旧动态(<= 2025-08-04 00:00:00)，停止翻页
2025-08-11 15:21:15,050 - INFO - main.py:229 - fetch_user_dynamics - 用户 Zombie_KE 共获取到 3 条动态，共翻了 1 页
2025-08-11 15:21:15,413 - INFO - _client.py:1740 - _send_single_request - HTTP Request: GET https://api.bilibili.com/x/polymer/web-dynamic/v1/feed/space?host_mid=612440&offset=&features=itemOpusStyle%2ClistOnlyfans%2CopusBigCover%2ConlyfansVote%2CforwardListHidden%2CdecorationCard%2CcommentsNewVersion%2ConlyfansAssetsV2%2CugcDelete%2ConlyfansQaCard&timezone_offset=-480&x-bili-device-req-json=%7B%22platform%22%3A%22web%22%2C%22device%22%3A%22pc%22%7D&x-bili-web-req-json=%7B%22spm_id%22%3A%22333.1387%22%7D&dm_img_list=%5B%5D&dm_img_str=GE&dm_cover_img_str=BK&dm_img_inter=%7B%22ds%22%3A%5B%5D%2C%22wh%22%3A%5B0%2C0%2C0%5D%2C%22of%22%3A%5B0%2C0%2C0%5D%7D&wts=1754896875&web_location=1550101&w_rid=439ad9ed14ef248f840018e7a345cdd1 "HTTP/1.1 200 OK"
2025-08-11 15:21:15,414 - INFO - main.py:190 - fetch_user_dynamics - 用户 yichisaku 第 1 页获取到 12 条动态
2025-08-11 15:21:15,414 - INFO - main.py:202 - fetch_user_dynamics - 用户 yichisaku 遇到旧动态(<= 2025-07-01 00:00:00)，停止翻页
2025-08-11 15:21:15,414 - INFO - main.py:229 - fetch_user_dynamics - 用户 yichisaku 共获取到 1 条动态，共翻了 1 页
2025-08-11 15:21:15,414 - INFO - main.py:581 - process_user - 处理动态: 用户=yichisaku, ID=1097186895159361568, 类型=视频, 下载=失败
2025-08-11 15:21:16,382 - INFO - _client.py:1740 - _send_single_request - HTTP Request: GET https://api.bilibili.com/x/polymer/web-dynamic/v1/feed/space?host_mid=431436293&offset=&features=itemOpusStyle%2ClistOnlyfans%2CopusBigCover%2ConlyfansVote%2CforwardListHidden%2CdecorationCard%2CcommentsNewVersion%2ConlyfansAssetsV2%2CugcDelete%2ConlyfansQaCard&timezone_offset=-480&x-bili-device-req-json=%7B%22platform%22%3A%22web%22%2C%22device%22%3A%22pc%22%7D&x-bili-web-req-json=%7B%22spm_id%22%3A%22333.1387%22%7D&dm_img_list=%5B%5D&dm_img_str=KC&dm_cover_img_str=ED&dm_img_inter=%7B%22ds%22%3A%5B%5D%2C%22wh%22%3A%5B0%2C0%2C0%5D%2C%22of%22%3A%5B0%2C0%2C0%5D%7D&wts=1754896876&web_location=1550101&w_rid=dc1eea7b44381e6efc691b3c3db76697 "HTTP/1.1 200 OK"
2025-08-11 15:21:16,386 - INFO - main.py:190 - fetch_user_dynamics - 用户 Szi_f 第 1 页获取到 12 条动态
2025-08-11 15:21:16,387 - INFO - main.py:202 - fetch_user_dynamics - 用户 Szi_f 遇到旧动态(<= 2025-08-04 00:00:00)，停止翻页
2025-08-11 15:21:16,387 - INFO - main.py:229 - fetch_user_dynamics - 用户 Szi_f 共获取到 1 条动态，共翻了 1 页
2025-08-11 15:21:16,387 - INFO - main.py:581 - process_user - 处理动态: 用户=Szi_f, ID=1098327973481676804, 类型=转发, 下载=失败
2025-08-11 15:21:17,017 - INFO - main.py:450 - _download_images_sync - 图片已保存: C:/Users/Ryimi/Downloads/bilibili\Zombie_KE\draw-1099732500774649856\Zombie_KE_1099732500774649856_1.png
2025-08-11 15:21:17,017 - INFO - main.py:581 - process_user - 处理动态: 用户=Zombie_KE, ID=1099732500774649856, 类型=图文, 下载=成功
2025-08-11 15:21:17,018 - INFO - main.py:581 - process_user - 处理动态: 用户=Zombie_KE, ID=1098352871422820376, 类型=转发, 下载=失败
2025-08-11 15:21:19,106 - INFO - main.py:450 - _download_images_sync - 图片已保存: C:/Users/Ryimi/Downloads/bilibili\Zombie_KE\draw-1098203780182179845\Zombie_KE_1098203780182179845_1.jpg
2025-08-11 15:21:19,236 - INFO - main.py:450 - _download_images_sync - 图片已保存: C:/Users/Ryimi/Downloads/bilibili\Zombie_KE\draw-1098203780182179845\Zombie_KE_1098203780182179845_2.jpg
2025-08-11 15:21:19,238 - INFO - main.py:581 - process_user - 处理动态: 用户=Zombie_KE, ID=1098203780182179845, 类型=图文, 下载=成功
2025-08-11 15:21:26,620 - INFO - main.py:169 - fetch_user_dynamics - 开始获取用户 zygocactus(12456174) 的动态，模式: 增量, 起始时间: 2025-05-31 00:00:00
2025-08-11 15:21:26,620 - INFO - main.py:169 - fetch_user_dynamics - 开始获取用户 デユイ(403116713) 的动态，模式: 增量, 起始时间: 2100-01-01 00:00:00
2025-08-11 15:21:26,620 - INFO - main.py:169 - fetch_user_dynamics - 开始获取用户 不吃大米吃洋芋(55443882) 的动态，模式: 增量, 起始时间: 2100-01-01 00:00:00
2025-08-11 15:21:27,945 - INFO - _client.py:1740 - _send_single_request - HTTP Request: GET https://api.bilibili.com/x/polymer/web-dynamic/v1/feed/space?host_mid=55443882&offset=&features=itemOpusStyle%2ClistOnlyfans%2CopusBigCover%2ConlyfansVote%2CforwardListHidden%2CdecorationCard%2CcommentsNewVersion%2ConlyfansAssetsV2%2CugcDelete%2ConlyfansQaCard&timezone_offset=-480&x-bili-device-req-json=%7B%22platform%22%3A%22web%22%2C%22device%22%3A%22pc%22%7D&x-bili-web-req-json=%7B%22spm_id%22%3A%22333.1387%22%7D&dm_img_list=%5B%5D&dm_img_str=HB&dm_cover_img_str=GD&dm_img_inter=%7B%22ds%22%3A%5B%5D%2C%22wh%22%3A%5B0%2C0%2C0%5D%2C%22of%22%3A%5B0%2C0%2C0%5D%7D&wts=1754896887&web_location=1550101&w_rid=4cf67af875a385d441607802e15399de "HTTP/1.1 200 OK"
2025-08-11 15:21:27,947 - INFO - main.py:190 - fetch_user_dynamics - 用户 不吃大米吃洋芋 第 1 页获取到 13 条动态
2025-08-11 15:21:27,947 - INFO - main.py:202 - fetch_user_dynamics - 用户 不吃大米吃洋芋 遇到旧动态(<= 2100-01-01 00:00:00)，停止翻页
2025-08-11 15:21:27,947 - INFO - main.py:229 - fetch_user_dynamics - 用户 不吃大米吃洋芋 共获取到 0 条动态，共翻了 1 页
2025-08-11 15:21:28,106 - INFO - _client.py:1740 - _send_single_request - HTTP Request: GET https://api.bilibili.com/x/polymer/web-dynamic/v1/feed/space?host_mid=403116713&offset=&features=itemOpusStyle%2ClistOnlyfans%2CopusBigCover%2ConlyfansVote%2CforwardListHidden%2CdecorationCard%2CcommentsNewVersion%2ConlyfansAssetsV2%2CugcDelete%2ConlyfansQaCard&timezone_offset=-480&x-bili-device-req-json=%7B%22platform%22%3A%22web%22%2C%22device%22%3A%22pc%22%7D&x-bili-web-req-json=%7B%22spm_id%22%3A%22333.1387%22%7D&dm_img_list=%5B%5D&dm_img_str=JH&dm_cover_img_str=BK&dm_img_inter=%7B%22ds%22%3A%5B%5D%2C%22wh%22%3A%5B0%2C0%2C0%5D%2C%22of%22%3A%5B0%2C0%2C0%5D%7D&wts=1754896887&web_location=1550101&w_rid=b4fa56b7b084aab7045115cb9760b2a2 "HTTP/1.1 200 OK"
2025-08-11 15:21:28,107 - INFO - main.py:190 - fetch_user_dynamics - 用户 デユイ 第 1 页获取到 12 条动态
2025-08-11 15:21:28,108 - INFO - main.py:202 - fetch_user_dynamics - 用户 デユイ 遇到旧动态(<= 2100-01-01 00:00:00)，停止翻页
2025-08-11 15:21:28,108 - INFO - main.py:229 - fetch_user_dynamics - 用户 デユイ 共获取到 0 条动态，共翻了 1 页
2025-08-11 15:21:28,805 - INFO - _client.py:1740 - _send_single_request - HTTP Request: GET https://api.bilibili.com/x/polymer/web-dynamic/v1/feed/space?host_mid=12456174&offset=&features=itemOpusStyle%2ClistOnlyfans%2CopusBigCover%2ConlyfansVote%2CforwardListHidden%2CdecorationCard%2CcommentsNewVersion%2ConlyfansAssetsV2%2CugcDelete%2ConlyfansQaCard&timezone_offset=-480&x-bili-device-req-json=%7B%22platform%22%3A%22web%22%2C%22device%22%3A%22pc%22%7D&x-bili-web-req-json=%7B%22spm_id%22%3A%22333.1387%22%7D&dm_img_list=%5B%5D&dm_img_str=IJ&dm_cover_img_str=EK&dm_img_inter=%7B%22ds%22%3A%5B%5D%2C%22wh%22%3A%5B0%2C0%2C0%5D%2C%22of%22%3A%5B0%2C0%2C0%5D%7D&wts=1754896888&web_location=1550101&w_rid=6b10964f3afad21cb67374a0873aa2c2 "HTTP/1.1 200 OK"
2025-08-11 15:21:28,808 - INFO - main.py:190 - fetch_user_dynamics - 用户 zygocactus 第 1 页获取到 13 条动态
2025-08-11 15:21:28,808 - INFO - main.py:202 - fetch_user_dynamics - 用户 zygocactus 遇到旧动态(<= 2025-05-31 00:00:00)，停止翻页
2025-08-11 15:21:28,808 - INFO - main.py:229 - fetch_user_dynamics - 用户 zygocactus 共获取到 0 条动态，共翻了 1 页
2025-08-11 15:21:38,190 - INFO - main.py:169 - fetch_user_dynamics - 开始获取用户 泉水煮茶茶茶茶茶菌(501505852) 的动态，模式: 增量, 起始时间: 2025-07-28 00:00:00
2025-08-11 15:21:38,190 - INFO - main.py:169 - fetch_user_dynamics - 开始获取用户 太难了我不会画(3546569162886075) 的动态，模式: 增量, 起始时间: 2100-01-01 00:00:00
2025-08-11 15:21:38,191 - INFO - main.py:169 - fetch_user_dynamics - 开始获取用户 -云间蓝-(14483) 的动态，模式: 增量, 起始时间: 2025-08-04 00:00:00
2025-08-11 15:21:39,644 - INFO - _client.py:1740 - _send_single_request - HTTP Request: GET https://api.bilibili.com/x/polymer/web-dynamic/v1/feed/space?host_mid=501505852&offset=&features=itemOpusStyle%2ClistOnlyfans%2CopusBigCover%2ConlyfansVote%2CforwardListHidden%2CdecorationCard%2CcommentsNewVersion%2ConlyfansAssetsV2%2CugcDelete%2ConlyfansQaCard&timezone_offset=-480&x-bili-device-req-json=%7B%22platform%22%3A%22web%22%2C%22device%22%3A%22pc%22%7D&x-bili-web-req-json=%7B%22spm_id%22%3A%22333.1387%22%7D&dm_img_list=%5B%5D&dm_img_str=GF&dm_cover_img_str=EH&dm_img_inter=%7B%22ds%22%3A%5B%5D%2C%22wh%22%3A%5B0%2C0%2C0%5D%2C%22of%22%3A%5B0%2C0%2C0%5D%7D&wts=1754896899&web_location=1550101&w_rid=74493ea5b2bd3d63c3c185247e06e6d3 "HTTP/1.1 200 OK"
2025-08-11 15:21:39,645 - INFO - main.py:190 - fetch_user_dynamics - 用户 泉水煮茶茶茶茶茶菌 第 1 页获取到 1 条动态
2025-08-11 15:21:39,645 - INFO - main.py:202 - fetch_user_dynamics - 用户 泉水煮茶茶茶茶茶菌 遇到旧动态(<= 2025-07-28 00:00:00)，停止翻页
2025-08-11 15:21:39,645 - INFO - main.py:229 - fetch_user_dynamics - 用户 泉水煮茶茶茶茶茶菌 共获取到 0 条动态，共翻了 1 页
2025-08-11 15:21:41,031 - INFO - _client.py:1740 - _send_single_request - HTTP Request: GET https://api.bilibili.com/x/polymer/web-dynamic/v1/feed/space?host_mid=3546569162886075&offset=&features=itemOpusStyle%2ClistOnlyfans%2CopusBigCover%2ConlyfansVote%2CforwardListHidden%2CdecorationCard%2CcommentsNewVersion%2ConlyfansAssetsV2%2CugcDelete%2ConlyfansQaCard&timezone_offset=-480&x-bili-device-req-json=%7B%22platform%22%3A%22web%22%2C%22device%22%3A%22pc%22%7D&x-bili-web-req-json=%7B%22spm_id%22%3A%22333.1387%22%7D&dm_img_list=%5B%5D&dm_img_str=CE&dm_cover_img_str=FC&dm_img_inter=%7B%22ds%22%3A%5B%5D%2C%22wh%22%3A%5B0%2C0%2C0%5D%2C%22of%22%3A%5B0%2C0%2C0%5D%7D&wts=1754896900&web_location=1550101&w_rid=0f83f3bfcb265669d51d52f9c869d533 "HTTP/1.1 200 OK"
2025-08-11 15:21:41,033 - INFO - main.py:190 - fetch_user_dynamics - 用户 太难了我不会画 第 1 页获取到 12 条动态
2025-08-11 15:21:41,033 - INFO - main.py:202 - fetch_user_dynamics - 用户 太难了我不会画 遇到旧动态(<= 2100-01-01 00:00:00)，停止翻页
2025-08-11 15:21:41,033 - INFO - main.py:229 - fetch_user_dynamics - 用户 太难了我不会画 共获取到 0 条动态，共翻了 1 页
2025-08-11 15:21:41,232 - INFO - _client.py:1740 - _send_single_request - HTTP Request: GET https://api.bilibili.com/x/polymer/web-dynamic/v1/feed/space?host_mid=14483&offset=&features=itemOpusStyle%2ClistOnlyfans%2CopusBigCover%2ConlyfansVote%2CforwardListHidden%2CdecorationCard%2CcommentsNewVersion%2ConlyfansAssetsV2%2CugcDelete%2ConlyfansQaCard&timezone_offset=-480&x-bili-device-req-json=%7B%22platform%22%3A%22web%22%2C%22device%22%3A%22pc%22%7D&x-bili-web-req-json=%7B%22spm_id%22%3A%22333.1387%22%7D&dm_img_list=%5B%5D&dm_img_str=DA&dm_cover_img_str=DA&dm_img_inter=%7B%22ds%22%3A%5B%5D%2C%22wh%22%3A%5B0%2C0%2C0%5D%2C%22of%22%3A%5B0%2C0%2C0%5D%7D&wts=1754896900&web_location=1550101&w_rid=abcb201aa18a819285a92880d200bd6f "HTTP/1.1 200 OK"
2025-08-11 15:21:41,237 - INFO - main.py:190 - fetch_user_dynamics - 用户 -云间蓝- 第 1 页获取到 12 条动态
2025-08-11 15:21:41,237 - INFO - main.py:202 - fetch_user_dynamics - 用户 -云间蓝- 遇到旧动态(<= 2025-08-04 00:00:00)，停止翻页
2025-08-11 15:21:41,237 - INFO - main.py:229 - fetch_user_dynamics - 用户 -云间蓝- 共获取到 0 条动态，共翻了 1 页
2025-08-11 15:21:49,546 - INFO - main.py:514 - update_csv - 已更新 24 个用户的轮询时间
2025-08-11 15:21:49,547 - INFO - main.py:492 - save_to_json - 结果已保存到: C:/Users/Ryimi/Downloads/bilibili/results.json
